{"C:\\devzone\\ritajposnw\\server\\business-profiles.js": {"path":"C:\\devzone\\ritajposnw\\server\\business-profiles.js","statementMap":{"0":{"start":{"line":9,"column":17},"end":{"line":443,"column":1}},"1":{"start":{"line":449,"column":2},"end":{"line":460,"column":6}},"2":{"start":{"line":449,"column":43},"end":{"line":460,"column":3}},"3":{"start":{"line":457,"column":64},"end":{"line":457,"column":80}},"4":{"start":{"line":467,"column":2},"end":{"line":467,"column":30}},"5":{"start":{"line":470,"column":0},"end":{"line":470,"column":59}}},"fnMap":{"0":{"name":"getProfilesList","decl":{"start":{"line":448,"column":9},"end":{"line":448,"column":24}},"loc":{"start":{"line":448,"column":27},"end":{"line":461,"column":1}},"line":448},"1":{"name":"(anonymous_1)","decl":{"start":{"line":449,"column":37},"end":{"line":449,"column":38}},"loc":{"start":{"line":449,"column":43},"end":{"line":460,"column":3}},"line":449},"2":{"name":"(anonymous_2)","decl":{"start":{"line":457,"column":50},"end":{"line":457,"column":51}},"loc":{"start":{"line":457,"column":64},"end":{"line":457,"column":80}},"line":457},"3":{"name":"getProfile","decl":{"start":{"line":466,"column":9},"end":{"line":466,"column":19}},"loc":{"start":{"line":466,"column":24},"end":{"line":468,"column":1}},"line":466}},"branchMap":{"0":{"loc":{"start":{"line":467,"column":9},"end":{"line":467,"column":29}},"type":"binary-expr","locations":[{"start":{"line":467,"column":9},"end":{"line":467,"column":21}},{"start":{"line":467,"column":25},"end":{"line":467,"column":29}}],"line":467}},"s":{"0":9,"1":0,"2":0,"3":0,"4":18,"5":9},"f":{"0":0,"1":0,"2":0,"3":18},"b":{"0":[18,0]},"_coverageSchema":"1a1c01bbd47fc00a2c39e90264f33305004495a9","hash":"3f820c41b0411819d700d9494fddb2f536a34034"}
,"C:\\devzone\\ritajposnw\\server\\config.js": {"path":"C:\\devzone\\ritajposnw\\server\\config.js","statementMap":{"0":{"start":{"line":7,"column":0},"end":{"line":7,"column":27}},"1":{"start":{"line":9,"column":12},"end":{"line":9,"column":37}},"2":{"start":{"line":11,"column":15},"end":{"line":28,"column":1}},"3":{"start":{"line":22,"column":51},"end":{"line":22,"column":59}},"4":{"start":{"line":31,"column":0},"end":{"line":34,"column":1}},"5":{"start":{"line":32,"column":2},"end":{"line":32,"column":77}},"6":{"start":{"line":33,"column":2},"end":{"line":33,"column":18}},"7":{"start":{"line":37,"column":0},"end":{"line":39,"column":1}},"8":{"start":{"line":38,"column":2},"end":{"line":38,"column":107}},"9":{"start":{"line":41,"column":0},"end":{"line":41,"column":24}}},"fnMap":{"0":{"name":"(anonymous_0)","decl":{"start":{"line":22,"column":46},"end":{"line":22,"column":47}},"loc":{"start":{"line":22,"column":51},"end":{"line":22,"column":59}},"line":22}},"branchMap":{"0":{"loc":{"start":{"line":13,"column":8},"end":{"line":13,"column":46}},"type":"binary-expr","locations":[{"start":{"line":13,"column":8},"end":{"line":13,"column":38}},{"start":{"line":13,"column":42},"end":{"line":13,"column":46}}],"line":13},"1":{"loc":{"start":{"line":14,"column":13},"end":{"line":14,"column":44}},"type":"binary-expr","locations":[{"start":{"line":14,"column":13},"end":{"line":14,"column":34}},{"start":{"line":14,"column":38},"end":{"line":14,"column":44}}],"line":14},"2":{"loc":{"start":{"line":18,"column":15},"end":{"line":18,"column":47}},"type":"binary-expr","locations":[{"start":{"line":18,"column":15},"end":{"line":18,"column":38}},{"start":{"line":18,"column":42},"end":{"line":18,"column":47}}],"line":18},"3":{"loc":{"start":{"line":21,"column":16},"end":{"line":23,"column":8}},"type":"cond-expr","locations":[{"start":{"line":22,"column":6},"end":{"line":22,"column":76}},{"start":{"line":23,"column":6},"end":{"line":23,"column":8}}],"line":21},"4":{"loc":{"start":{"line":26,"column":12},"end":{"line":26,"column":53}},"type":"binary-expr","locations":[{"start":{"line":26,"column":12},"end":{"line":26,"column":32}},{"start":{"line":26,"column":36},"end":{"line":26,"column":53}}],"line":26},"5":{"loc":{"start":{"line":27,"column":15},"end":{"line":27,"column":53}},"type":"binary-expr","locations":[{"start":{"line":27,"column":15},"end":{"line":27,"column":38}},{"start":{"line":27,"column":42},"end":{"line":27,"column":53}}],"line":27},"6":{"loc":{"start":{"line":31,"column":0},"end":{"line":34,"column":1}},"type":"if","locations":[{"start":{"line":31,"column":0},"end":{"line":34,"column":1}},{"start":{},"end":{}}],"line":31},"7":{"loc":{"start":{"line":37,"column":0},"end":{"line":39,"column":1}},"type":"if","locations":[{"start":{"line":37,"column":0},"end":{"line":39,"column":1}},{"start":{},"end":{}}],"line":37},"8":{"loc":{"start":{"line":37,"column":4},"end":{"line":37,"column":81}},"type":"binary-expr","locations":[{"start":{"line":37,"column":4},"end":{"line":37,"column":40}},{"start":{"line":37,"column":44},"end":{"line":37,"column":81}}],"line":37}},"s":{"0":9,"1":9,"2":9,"3":0,"4":9,"5":0,"6":0,"7":9,"8":0,"9":9},"f":{"0":0},"b":{"0":[9,0],"1":[9,0],"2":[9,0],"3":[0,9],"4":[9,0],"5":[9,0],"6":[0,9],"7":[0,9],"8":[9,9]},"_coverageSchema":"1a1c01bbd47fc00a2c39e90264f33305004495a9","hash":"270e03dafdd9b3d1544785103390762657993dee"}
,"C:\\devzone\\ritajposnw\\server\\db.js": {"path":"C:\\devzone\\ritajposnw\\server\\db.js","statementMap":{"0":{"start":{"line":8,"column":17},"end":{"line":8,"column":42}},"1":{"start":{"line":9,"column":11},"end":{"line":9,"column":24}},"2":{"start":{"line":10,"column":13},"end":{"line":10,"column":28}},"3":{"start":{"line":11,"column":15},"end":{"line":11,"column":34}},"4":{"start":{"line":12,"column":15},"end":{"line":12,"column":34}},"5":{"start":{"line":13,"column":23},"end":{"line":13,"column":53}},"6":{"start":{"line":15,"column":16},"end":{"line":15,"column":69}},"7":{"start":{"line":16,"column":19},"end":{"line":16,"column":50}},"8":{"start":{"line":19,"column":9},"end":{"line":19,"column":13}},"9":{"start":{"line":20,"column":18},"end":{"line":20,"column":22}},"10":{"start":{"line":21,"column":19},"end":{"line":21,"column":24}},"11":{"start":{"line":22,"column":23},"end":{"line":22,"column":28}},"12":{"start":{"line":32,"column":2},"end":{"line":32,"column":22}},"13":{"start":{"line":32,"column":11},"end":{"line":32,"column":21}},"14":{"start":{"line":34,"column":19},"end":{"line":34,"column":41}},"15":{"start":{"line":36,"column":2},"end":{"line":84,"column":3}},"16":{"start":{"line":38,"column":4},"end":{"line":38,"column":31}},"17":{"start":{"line":39,"column":4},"end":{"line":39,"column":36}},"18":{"start":{"line":40,"column":4},"end":{"line":40,"column":35}},"19":{"start":{"line":43,"column":23},"end":{"line":43,"column":114}},"20":{"start":{"line":45,"column":4},"end":{"line":61,"column":5}},"21":{"start":{"line":48,"column":22},"end":{"line":48,"column":35}},"22":{"start":{"line":49,"column":25},"end":{"line":49,"column":100}},"23":{"start":{"line":51,"column":6},"end":{"line":54,"column":7}},"24":{"start":{"line":52,"column":8},"end":{"line":52,"column":70}},"25":{"start":{"line":53,"column":8},"end":{"line":53,"column":28}},"26":{"start":{"line":56,"column":6},"end":{"line":56,"column":21}},"27":{"start":{"line":58,"column":6},"end":{"line":60,"column":7}},"28":{"start":{"line":59,"column":8},"end":{"line":59,"column":32}},"29":{"start":{"line":64,"column":4},"end":{"line":64,"column":50}},"30":{"start":{"line":64,"column":22},"end":{"line":64,"column":49}},"31":{"start":{"line":65,"column":4},"end":{"line":67,"column":27}},"32":{"start":{"line":66,"column":6},"end":{"line":66,"column":46}},"33":{"start":{"line":66,"column":30},"end":{"line":66,"column":45}},"34":{"start":{"line":69,"column":4},"end":{"line":69,"column":14}},"35":{"start":{"line":72,"column":4},"end":{"line":72,"column":44}},"36":{"start":{"line":73,"column":4},"end":{"line":73,"column":24}},"37":{"start":{"line":77,"column":4},"end":{"line":82,"column":5}},"38":{"start":{"line":78,"column":28},"end":{"line":78,"column":64}},"39":{"start":{"line":79,"column":6},"end":{"line":79,"column":44}},"40":{"start":{"line":80,"column":6},"end":{"line":80,"column":60}},"41":{"start":{"line":81,"column":6},"end":{"line":81,"column":21}},"42":{"start":{"line":83,"column":4},"end":{"line":83,"column":14}},"43":{"start":{"line":88,"column":2},"end":{"line":88,"column":70}},"44":{"start":{"line":88,"column":21},"end":{"line":88,"column":48}},"45":{"start":{"line":88,"column":49},"end":{"line":88,"column":68}},"46":{"start":{"line":89,"column":2},"end":{"line":92,"column":3}},"47":{"start":{"line":90,"column":4},"end":{"line":90,"column":74}},"48":{"start":{"line":90,"column":10},"end":{"line":90,"column":21}},"49":{"start":{"line":91,"column":4},"end":{"line":91,"column":14}},"50":{"start":{"line":98,"column":2},"end":{"line":98,"column":51}},"51":{"start":{"line":98,"column":12},"end":{"line":98,"column":50}},"52":{"start":{"line":99,"column":2},"end":{"line":104,"column":3}},"53":{"start":{"line":100,"column":4},"end":{"line":100,"column":39}},"54":{"start":{"line":102,"column":4},"end":{"line":102,"column":61}},"55":{"start":{"line":103,"column":4},"end":{"line":103,"column":14}},"56":{"start":{"line":108,"column":2},"end":{"line":108,"column":51}},"57":{"start":{"line":108,"column":12},"end":{"line":108,"column":50}},"58":{"start":{"line":109,"column":2},"end":{"line":114,"column":3}},"59":{"start":{"line":110,"column":4},"end":{"line":110,"column":39}},"60":{"start":{"line":112,"column":4},"end":{"line":112,"column":61}},"61":{"start":{"line":113,"column":4},"end":{"line":113,"column":16}},"62":{"start":{"line":118,"column":2},"end":{"line":118,"column":51}},"63":{"start":{"line":118,"column":12},"end":{"line":118,"column":50}},"64":{"start":{"line":119,"column":2},"end":{"line":128,"column":3}},"65":{"start":{"line":120,"column":17},"end":{"line":120,"column":44}},"66":{"start":{"line":121,"column":4},"end":{"line":124,"column":6}},"67":{"start":{"line":126,"column":4},"end":{"line":126,"column":55}},"68":{"start":{"line":127,"column":4},"end":{"line":127,"column":12}},"69":{"start":{"line":131,"column":20},"end":{"line":134,"column":1}},"70":{"start":{"line":132,"column":2},"end":{"line":132,"column":51}},"71":{"start":{"line":132,"column":12},"end":{"line":132,"column":50}},"72":{"start":{"line":133,"column":2},"end":{"line":133,"column":30}},"73":{"start":{"line":137,"column":2},"end":{"line":137,"column":51}},"74":{"start":{"line":137,"column":12},"end":{"line":137,"column":50}},"75":{"start":{"line":140,"column":2},"end":{"line":151,"column":5}},"76":{"start":{"line":141,"column":20},"end":{"line":141,"column":22}},"77":{"start":{"line":142,"column":4},"end":{"line":149,"column":5}},"78":{"start":{"line":143,"column":6},"end":{"line":148,"column":7}},"79":{"start":{"line":144,"column":8},"end":{"line":144,"column":26}},"80":{"start":{"line":146,"column":21},"end":{"line":146,"column":58}},"81":{"start":{"line":147,"column":8},"end":{"line":147,"column":87}},"82":{"start":{"line":150,"column":4},"end":{"line":150,"column":19}},"83":{"start":{"line":157,"column":2},"end":{"line":157,"column":25}},"84":{"start":{"line":157,"column":12},"end":{"line":157,"column":24}},"85":{"start":{"line":158,"column":2},"end":{"line":158,"column":38}},"86":{"start":{"line":158,"column":25},"end":{"line":158,"column":37}},"87":{"start":{"line":159,"column":2},"end":{"line":159,"column":26}},"88":{"start":{"line":160,"column":2},"end":{"line":180,"column":3}},"89":{"start":{"line":161,"column":4},"end":{"line":161,"column":84}},"90":{"start":{"line":161,"column":37},"end":{"line":161,"column":83}},"91":{"start":{"line":163,"column":16},"end":{"line":163,"column":26}},"92":{"start":{"line":164,"column":15},"end":{"line":164,"column":54}},"93":{"start":{"line":165,"column":23},"end":{"line":165,"column":75}},"94":{"start":{"line":167,"column":4},"end":{"line":167,"column":32}},"95":{"start":{"line":169,"column":19},"end":{"line":169,"column":36}},"96":{"start":{"line":170,"column":17},"end":{"line":170,"column":44}},"97":{"start":{"line":171,"column":17},"end":{"line":171,"column":71}},"98":{"start":{"line":172,"column":4},"end":{"line":172,"column":97}},"99":{"start":{"line":173,"column":4},"end":{"line":173,"column":43}},"100":{"start":{"line":173,"column":26},"end":{"line":173,"column":42}},"101":{"start":{"line":174,"column":4},"end":{"line":174,"column":22}},"102":{"start":{"line":176,"column":4},"end":{"line":176,"column":43}},"103":{"start":{"line":177,"column":4},"end":{"line":177,"column":16}},"104":{"start":{"line":179,"column":4},"end":{"line":179,"column":29}},"105":{"start":{"line":184,"column":20},"end":{"line":186,"column":11}},"106":{"start":{"line":185,"column":17},"end":{"line":185,"column":70}},"107":{"start":{"line":187,"column":2},"end":{"line":195,"column":3}},"108":{"start":{"line":188,"column":16},"end":{"line":188,"column":33}},"109":{"start":{"line":189,"column":4},"end":{"line":194,"column":58}},"110":{"start":{"line":190,"column":6},"end":{"line":190,"column":48}},"111":{"start":{"line":191,"column":6},"end":{"line":193,"column":7}},"112":{"start":{"line":192,"column":8},"end":{"line":192,"column":62}},"113":{"start":{"line":199,"column":2},"end":{"line":199,"column":25}},"114":{"start":{"line":199,"column":12},"end":{"line":199,"column":24}},"115":{"start":{"line":200,"column":2},"end":{"line":200,"column":38}},"116":{"start":{"line":200,"column":25},"end":{"line":200,"column":37}},"117":{"start":{"line":201,"column":2},"end":{"line":201,"column":26}},"118":{"start":{"line":202,"column":2},"end":{"line":223,"column":3}},"119":{"start":{"line":203,"column":23},"end":{"line":203,"column":56}},"120":{"start":{"line":204,"column":4},"end":{"line":204,"column":84}},"121":{"start":{"line":204,"column":37},"end":{"line":204,"column":83}},"122":{"start":{"line":206,"column":16},"end":{"line":206,"column":26}},"123":{"start":{"line":207,"column":17},"end":{"line":207,"column":34}},"124":{"start":{"line":208,"column":18},"end":{"line":208,"column":61}},"125":{"start":{"line":209,"column":24},"end":{"line":209,"column":82}},"126":{"start":{"line":211,"column":4},"end":{"line":211,"column":33}},"127":{"start":{"line":213,"column":19},"end":{"line":213,"column":36}},"128":{"start":{"line":214,"column":17},"end":{"line":214,"column":45}},"129":{"start":{"line":215,"column":17},"end":{"line":215,"column":71}},"130":{"start":{"line":216,"column":4},"end":{"line":216,"column":99}},"131":{"start":{"line":217,"column":4},"end":{"line":217,"column":23}},"132":{"start":{"line":219,"column":4},"end":{"line":219,"column":51}},"133":{"start":{"line":220,"column":4},"end":{"line":220,"column":16}},"134":{"start":{"line":222,"column":4},"end":{"line":222,"column":29}},"135":{"start":{"line":228,"column":17},"end":{"line":228,"column":55}},"136":{"start":{"line":229,"column":2},"end":{"line":229,"column":50}},"137":{"start":{"line":229,"column":35},"end":{"line":229,"column":49}},"138":{"start":{"line":233,"column":16},"end":{"line":233,"column":90}},"139":{"start":{"line":233,"column":55},"end":{"line":233,"column":72}},"140":{"start":{"line":234,"column":2},"end":{"line":244,"column":3}},"141":{"start":{"line":235,"column":21},"end":{"line":235,"column":45}},"142":{"start":{"line":236,"column":17},"end":{"line":236,"column":38}},"143":{"start":{"line":237,"column":18},"end":{"line":240,"column":5}},"144":{"start":{"line":241,"column":4},"end":{"line":243,"column":37}},"145":{"start":{"line":241,"column":31},"end":{"line":241,"column":55}},"146":{"start":{"line":242,"column":9},"end":{"line":243,"column":37}},"147":{"start":{"line":242,"column":38},"end":{"line":242,"column":64}},"148":{"start":{"line":243,"column":10},"end":{"line":243,"column":36}},"149":{"start":{"line":245,"column":21},"end":{"line":245,"column":54}},"150":{"start":{"line":246,"column":2},"end":{"line":256,"column":3}},"151":{"start":{"line":247,"column":22},"end":{"line":247,"column":96}},"152":{"start":{"line":247,"column":61},"end":{"line":247,"column":78}},"153":{"start":{"line":248,"column":4},"end":{"line":255,"column":5}},"154":{"start":{"line":249,"column":23},"end":{"line":249,"column":47}},"155":{"start":{"line":250,"column":19},"end":{"line":250,"column":40}},"156":{"start":{"line":251,"column":6},"end":{"line":254,"column":9}},"157":{"start":{"line":257,"column":2},"end":{"line":257,"column":16}},"158":{"start":{"line":261,"column":17},"end":{"line":261,"column":34}},"159":{"start":{"line":262,"column":23},"end":{"line":262,"column":45}},"160":{"start":{"line":263,"column":2},"end":{"line":263,"column":121}},"161":{"start":{"line":263,"column":67},"end":{"line":263,"column":120}},"162":{"start":{"line":265,"column":15},"end":{"line":265,"column":42}},"163":{"start":{"line":266,"column":21},"end":{"line":266,"column":75}},"164":{"start":{"line":267,"column":21},"end":{"line":267,"column":80}},"165":{"start":{"line":269,"column":2},"end":{"line":272,"column":4}},"166":{"start":{"line":282,"column":14},"end":{"line":282,"column":27}},"167":{"start":{"line":283,"column":16},"end":{"line":283,"column":61}},"168":{"start":{"line":284,"column":2},"end":{"line":284,"column":60}},"169":{"start":{"line":284,"column":23},"end":{"line":284,"column":58}},"170":{"start":{"line":286,"column":2},"end":{"line":286,"column":67}},"171":{"start":{"line":286,"column":27},"end":{"line":286,"column":66}},"172":{"start":{"line":287,"column":15},"end":{"line":287,"column":23}},"173":{"start":{"line":289,"column":15},"end":{"line":289,"column":25}},"174":{"start":{"line":290,"column":2},"end":{"line":290,"column":86}},"175":{"start":{"line":290,"column":42},"end":{"line":290,"column":85}},"176":{"start":{"line":291,"column":21},"end":{"line":291,"column":53}},"177":{"start":{"line":293,"column":2},"end":{"line":311,"column":3}},"178":{"start":{"line":294,"column":4},"end":{"line":294,"column":25}},"179":{"start":{"line":294,"column":13},"end":{"line":294,"column":24}},"180":{"start":{"line":297,"column":4},"end":{"line":297,"column":41}},"181":{"start":{"line":300,"column":4},"end":{"line":300,"column":31}},"182":{"start":{"line":301,"column":4},"end":{"line":301,"column":36}},"183":{"start":{"line":302,"column":4},"end":{"line":302,"column":35}},"184":{"start":{"line":304,"column":4},"end":{"line":304,"column":25}},"185":{"start":{"line":305,"column":4},"end":{"line":305,"column":54}},"186":{"start":{"line":307,"column":4},"end":{"line":307,"column":47}},"187":{"start":{"line":309,"column":4},"end":{"line":309,"column":126}},"188":{"start":{"line":309,"column":10},"end":{"line":309,"column":37}},"189":{"start":{"line":309,"column":38},"end":{"line":309,"column":70}},"190":{"start":{"line":310,"column":4},"end":{"line":310,"column":12}},"191":{"start":{"line":316,"column":28},"end":{"line":316,"column":48}},"192":{"start":{"line":319,"column":2},"end":{"line":319,"column":23}},"193":{"start":{"line":320,"column":2},"end":{"line":320,"column":26}},"194":{"start":{"line":327,"column":2},"end":{"line":335,"column":3}},"195":{"start":{"line":331,"column":17},"end":{"line":331,"column":148}},"196":{"start":{"line":332,"column":4},"end":{"line":332,"column":100}},"197":{"start":{"line":334,"column":4},"end":{"line":334,"column":57}},"198":{"start":{"line":342,"column":18},"end":{"line":621,"column":3}},"199":{"start":{"line":623,"column":2},"end":{"line":678,"column":7}},"200":{"start":{"line":624,"column":4},"end":{"line":626,"column":5}},"201":{"start":{"line":625,"column":6},"end":{"line":625,"column":28}},"202":{"start":{"line":629,"column":23},"end":{"line":672,"column":5}},"203":{"start":{"line":674,"column":4},"end":{"line":676,"column":5}},"204":{"start":{"line":675,"column":6},"end":{"line":675,"column":92}},"205":{"start":{"line":675,"column":12},"end":{"line":675,"column":35}},"206":{"start":{"line":682,"column":20},"end":{"line":682,"column":78}},"207":{"start":{"line":683,"column":19},"end":{"line":683,"column":47}},"208":{"start":{"line":685,"column":2},"end":{"line":691,"column":3}},"209":{"start":{"line":686,"column":4},"end":{"line":686,"column":142}},"210":{"start":{"line":687,"column":4},"end":{"line":687,"column":144}},"211":{"start":{"line":689,"column":4},"end":{"line":689,"column":142}},"212":{"start":{"line":690,"column":4},"end":{"line":690,"column":133}},"213":{"start":{"line":693,"column":24},"end":{"line":748,"column":3}},"214":{"start":{"line":750,"column":22},"end":{"line":750,"column":112}},"215":{"start":{"line":751,"column":24},"end":{"line":755,"column":4}},"216":{"start":{"line":752,"column":4},"end":{"line":754,"column":5}},"217":{"start":{"line":753,"column":6},"end":{"line":753,"column":41}},"218":{"start":{"line":756,"column":2},"end":{"line":756,"column":31}},"219":{"start":{"line":760,"column":18},"end":{"line":760,"column":39}},"220":{"start":{"line":761,"column":2},"end":{"line":761,"column":66}},"221":{"start":{"line":761,"column":17},"end":{"line":761,"column":65}},"222":{"start":{"line":763,"column":2},"end":{"line":763,"column":68}},"223":{"start":{"line":766,"column":2},"end":{"line":766,"column":34}},"224":{"start":{"line":769,"column":13},"end":{"line":878,"column":4}},"225":{"start":{"line":771,"column":25},"end":{"line":776,"column":5}},"226":{"start":{"line":778,"column":4},"end":{"line":786,"column":5}},"227":{"start":{"line":779,"column":6},"end":{"line":785,"column":7}},"228":{"start":{"line":781,"column":23},"end":{"line":781,"column":108}},"229":{"start":{"line":782,"column":8},"end":{"line":782,"column":63}},"230":{"start":{"line":782,"column":21},"end":{"line":782,"column":62}},"231":{"start":{"line":784,"column":8},"end":{"line":784,"column":71}},"232":{"start":{"line":789,"column":4},"end":{"line":796,"column":6}},"233":{"start":{"line":799,"column":22},"end":{"line":799,"column":76}},"234":{"start":{"line":800,"column":4},"end":{"line":806,"column":6}},"235":{"start":{"line":809,"column":25},"end":{"line":809,"column":57}},"236":{"start":{"line":810,"column":4},"end":{"line":811,"column":97}},"237":{"start":{"line":814,"column":23},"end":{"line":814,"column":119}},"238":{"start":{"line":815,"column":4},"end":{"line":817,"column":5}},"239":{"start":{"line":816,"column":6},"end":{"line":816,"column":68}},"240":{"start":{"line":820,"column":21},"end":{"line":820,"column":23}},"241":{"start":{"line":821,"column":22},"end":{"line":821,"column":104}},"242":{"start":{"line":822,"column":4},"end":{"line":825,"column":5}},"243":{"start":{"line":823,"column":19},"end":{"line":823,"column":76}},"244":{"start":{"line":824,"column":6},"end":{"line":824,"column":47}},"245":{"start":{"line":828,"column":24},"end":{"line":828,"column":73}},"246":{"start":{"line":829,"column":23},"end":{"line":829,"column":124}},"247":{"start":{"line":831,"column":4},"end":{"line":841,"column":5}},"248":{"start":{"line":832,"column":20},"end":{"line":832,"column":36}},"249":{"start":{"line":833,"column":6},"end":{"line":833,"column":29}},"250":{"start":{"line":833,"column":19},"end":{"line":833,"column":28}},"251":{"start":{"line":834,"column":6},"end":{"line":840,"column":7}},"252":{"start":{"line":835,"column":23},"end":{"line":835,"column":38}},"253":{"start":{"line":836,"column":24},"end":{"line":836,"column":47}},"254":{"start":{"line":837,"column":21},"end":{"line":837,"column":47}},"255":{"start":{"line":838,"column":23},"end":{"line":838,"column":66}},"256":{"start":{"line":839,"column":8},"end":{"line":839,"column":65}},"257":{"start":{"line":844,"column":21},"end":{"line":844,"column":64}},"258":{"start":{"line":845,"column":24},"end":{"line":845,"column":140}},"259":{"start":{"line":846,"column":4},"end":{"line":848,"column":5}},"260":{"start":{"line":847,"column":6},"end":{"line":847,"column":30}},"261":{"start":{"line":851,"column":25},"end":{"line":862,"column":5}},"262":{"start":{"line":864,"column":4},"end":{"line":864,"column":96}},"263":{"start":{"line":864,"column":38},"end":{"line":864,"column":95}},"264":{"start":{"line":865,"column":4},"end":{"line":865,"column":88}},"265":{"start":{"line":865,"column":34},"end":{"line":865,"column":87}},"266":{"start":{"line":866,"column":4},"end":{"line":870,"column":5}},"267":{"start":{"line":867,"column":6},"end":{"line":869,"column":7}},"268":{"start":{"line":868,"column":8},"end":{"line":868,"column":57}},"269":{"start":{"line":871,"column":4},"end":{"line":871,"column":103}},"270":{"start":{"line":871,"column":33},"end":{"line":871,"column":102}},"271":{"start":{"line":873,"column":24},"end":{"line":873,"column":99}},"272":{"start":{"line":874,"column":4},"end":{"line":876,"column":5}},"273":{"start":{"line":875,"column":6},"end":{"line":875,"column":43}},"274":{"start":{"line":881,"column":2},"end":{"line":887,"column":3}},"275":{"start":{"line":882,"column":4},"end":{"line":882,"column":9}},"276":{"start":{"line":884,"column":4},"end":{"line":884,"column":97}},"277":{"start":{"line":885,"column":4},"end":{"line":885,"column":35}},"278":{"start":{"line":886,"column":4},"end":{"line":886,"column":14}},"279":{"start":{"line":889,"column":2},"end":{"line":889,"column":33}},"280":{"start":{"line":891,"column":2},"end":{"line":891,"column":71}},"281":{"start":{"line":892,"column":2},"end":{"line":892,"column":47}},"282":{"start":{"line":896,"column":2},"end":{"line":896,"column":26}},"283":{"start":{"line":896,"column":12},"end":{"line":896,"column":25}},"284":{"start":{"line":897,"column":2},"end":{"line":902,"column":3}},"285":{"start":{"line":898,"column":19},"end":{"line":898,"column":98}},"286":{"start":{"line":899,"column":4},"end":{"line":899,"column":43}},"287":{"start":{"line":901,"column":4},"end":{"line":901,"column":17}},"288":{"start":{"line":905,"column":0},"end":{"line":913,"column":2}}},"fnMap":{"0":{"name":"getDb","decl":{"start":{"line":31,"column":15},"end":{"line":31,"column":20}},"loc":{"start":{"line":31,"column":23},"end":{"line":85,"column":1}},"line":31},"1":{"name":"(anonymous_1)","decl":{"start":{"line":65,"column":30},"end":{"line":65,"column":31}},"loc":{"start":{"line":65,"column":36},"end":{"line":67,"column":5}},"line":65},"2":{"name":"resetDb","decl":{"start":{"line":87,"column":9},"end":{"line":87,"column":16}},"loc":{"start":{"line":87,"column":19},"end":{"line":93,"column":1}},"line":87},"3":{"name":"queryAll","decl":{"start":{"line":97,"column":9},"end":{"line":97,"column":17}},"loc":{"start":{"line":97,"column":36},"end":{"line":105,"column":1}},"line":97},"4":{"name":"queryOne","decl":{"start":{"line":107,"column":9},"end":{"line":107,"column":17}},"loc":{"start":{"line":107,"column":36},"end":{"line":115,"column":1}},"line":107},"5":{"name":"run","decl":{"start":{"line":117,"column":9},"end":{"line":117,"column":12}},"loc":{"start":{"line":117,"column":31},"end":{"line":129,"column":1}},"line":117},"6":{"name":"(anonymous_6)","decl":{"start":{"line":131,"column":20},"end":{"line":131,"column":21}},"loc":{"start":{"line":131,"column":28},"end":{"line":134,"column":1}},"line":131},"7":{"name":"runTransaction","decl":{"start":{"line":136,"column":9},"end":{"line":136,"column":23}},"loc":{"start":{"line":136,"column":33},"end":{"line":152,"column":1}},"line":136},"8":{"name":"(anonymous_8)","decl":{"start":{"line":140,"column":21},"end":{"line":140,"column":22}},"loc":{"start":{"line":140,"column":27},"end":{"line":151,"column":3}},"line":140},"9":{"name":"createBackup","decl":{"start":{"line":156,"column":15},"end":{"line":156,"column":27}},"loc":{"start":{"line":156,"column":43},"end":{"line":181,"column":1}},"line":156},"10":{"name":"rotateBackups","decl":{"start":{"line":183,"column":9},"end":{"line":183,"column":22}},"loc":{"start":{"line":183,"column":25},"end":{"line":196,"column":1}},"line":183},"11":{"name":"(anonymous_11)","decl":{"start":{"line":185,"column":12},"end":{"line":185,"column":13}},"loc":{"start":{"line":185,"column":17},"end":{"line":185,"column":70}},"line":185},"12":{"name":"createArchiveBackup","decl":{"start":{"line":198,"column":15},"end":{"line":198,"column":34}},"loc":{"start":{"line":198,"column":37},"end":{"line":224,"column":1}},"line":198},"13":{"name":"listBackups","decl":{"start":{"line":226,"column":9},"end":{"line":226,"column":20}},"loc":{"start":{"line":226,"column":23},"end":{"line":258,"column":1}},"line":226},"14":{"name":"(anonymous_14)","decl":{"start":{"line":233,"column":50},"end":{"line":233,"column":51}},"loc":{"start":{"line":233,"column":55},"end":{"line":233,"column":72}},"line":233},"15":{"name":"(anonymous_15)","decl":{"start":{"line":247,"column":56},"end":{"line":247,"column":57}},"loc":{"start":{"line":247,"column":61},"end":{"line":247,"column":78}},"line":247},"16":{"name":"verifyBackupIntegrity","decl":{"start":{"line":260,"column":9},"end":{"line":260,"column":30}},"loc":{"start":{"line":260,"column":43},"end":{"line":273,"column":1}},"line":260},"17":{"name":"restoreLatestBackup","decl":{"start":{"line":275,"column":9},"end":{"line":275,"column":28}},"loc":{"start":{"line":275,"column":31},"end":{"line":312,"column":1}},"line":275},"18":{"name":"(anonymous_18)","decl":{"start":{"line":284,"column":13},"end":{"line":284,"column":14}},"loc":{"start":{"line":284,"column":23},"end":{"line":284,"column":58}},"line":284},"19":{"name":"isRecoveryMode","decl":{"start":{"line":316,"column":9},"end":{"line":316,"column":23}},"loc":{"start":{"line":316,"column":26},"end":{"line":316,"column":50}},"line":316},"20":{"name":"disableRecoveryMode","decl":{"start":{"line":318,"column":15},"end":{"line":318,"column":34}},"loc":{"start":{"line":318,"column":37},"end":{"line":322,"column":1}},"line":318},"21":{"name":"logAudit","decl":{"start":{"line":326,"column":9},"end":{"line":326,"column":17}},"loc":{"start":{"line":326,"column":71},"end":{"line":336,"column":1}},"line":326},"22":{"name":"createTables","decl":{"start":{"line":340,"column":9},"end":{"line":340,"column":21}},"loc":{"start":{"line":340,"column":24},"end":{"line":679,"column":1}},"line":340},"23":{"name":"(anonymous_23)","decl":{"start":{"line":623,"column":17},"end":{"line":623,"column":18}},"loc":{"start":{"line":623,"column":23},"end":{"line":678,"column":3}},"line":623},"24":{"name":"seedInitialData","decl":{"start":{"line":681,"column":15},"end":{"line":681,"column":30}},"loc":{"start":{"line":681,"column":33},"end":{"line":757,"column":1}},"line":681},"25":{"name":"(anonymous_25)","decl":{"start":{"line":751,"column":39},"end":{"line":751,"column":40}},"loc":{"start":{"line":751,"column":51},"end":{"line":755,"column":3}},"line":751},"26":{"name":"applyBusinessProfile","decl":{"start":{"line":759,"column":9},"end":{"line":759,"column":29}},"loc":{"start":{"line":759,"column":66},"end":{"line":893,"column":1}},"line":759},"27":{"name":"(anonymous_27)","decl":{"start":{"line":769,"column":28},"end":{"line":769,"column":29}},"loc":{"start":{"line":769,"column":34},"end":{"line":878,"column":3}},"line":769},"28":{"name":"isSetupCompleted","decl":{"start":{"line":895,"column":9},"end":{"line":895,"column":25}},"loc":{"start":{"line":895,"column":28},"end":{"line":903,"column":1}},"line":895}},"branchMap":{"0":{"loc":{"start":{"line":15,"column":16},"end":{"line":15,"column":69}},"type":"binary-expr","locations":[{"start":{"line":15,"column":16},"end":{"line":15,"column":35}},{"start":{"line":15,"column":39},"end":{"line":15,"column":69}}],"line":15},"1":{"loc":{"start":{"line":32,"column":2},"end":{"line":32,"column":22}},"type":"if","locations":[{"start":{"line":32,"column":2},"end":{"line":32,"column":22}},{"start":{},"end":{}}],"line":32},"2":{"loc":{"start":{"line":45,"column":4},"end":{"line":61,"column":5}},"type":"if","locations":[{"start":{"line":45,"column":4},"end":{"line":61,"column":5}},{"start":{},"end":{}}],"line":45},"3":{"loc":{"start":{"line":51,"column":6},"end":{"line":54,"column":7}},"type":"if","locations":[{"start":{"line":51,"column":6},"end":{"line":54,"column":7}},{"start":{},"end":{}}],"line":51},"4":{"loc":{"start":{"line":51,"column":10},"end":{"line":51,"column":33}},"type":"binary-expr","locations":[{"start":{"line":51,"column":10},"end":{"line":51,"column":20}},{"start":{"line":51,"column":24},"end":{"line":51,"column":33}}],"line":51},"5":{"loc":{"start":{"line":58,"column":6},"end":{"line":60,"column":7}},"type":"if","locations":[{"start":{"line":58,"column":6},"end":{"line":60,"column":7}},{"start":{},"end":{}}],"line":58},"6":{"loc":{"start":{"line":64,"column":4},"end":{"line":64,"column":50}},"type":"if","locations":[{"start":{"line":64,"column":4},"end":{"line":64,"column":50}},{"start":{},"end":{}}],"line":64},"7":{"loc":{"start":{"line":66,"column":6},"end":{"line":66,"column":46}},"type":"if","locations":[{"start":{"line":66,"column":6},"end":{"line":66,"column":46}},{"start":{},"end":{}}],"line":66},"8":{"loc":{"start":{"line":77,"column":4},"end":{"line":82,"column":5}},"type":"if","locations":[{"start":{"line":77,"column":4},"end":{"line":82,"column":5}},{"start":{},"end":{}}],"line":77},"9":{"loc":{"start":{"line":77,"column":8},"end":{"line":77,"column":69}},"type":"binary-expr","locations":[{"start":{"line":77,"column":8},"end":{"line":77,"column":37}},{"start":{"line":77,"column":41},"end":{"line":77,"column":69}}],"line":77},"10":{"loc":{"start":{"line":88,"column":2},"end":{"line":88,"column":70}},"type":"if","locations":[{"start":{"line":88,"column":2},"end":{"line":88,"column":70}},{"start":{},"end":{}}],"line":88},"11":{"loc":{"start":{"line":89,"column":2},"end":{"line":92,"column":3}},"type":"if","locations":[{"start":{"line":89,"column":2},"end":{"line":92,"column":3}},{"start":{},"end":{}}],"line":89},"12":{"loc":{"start":{"line":97,"column":23},"end":{"line":97,"column":34}},"type":"default-arg","locations":[{"start":{"line":97,"column":32},"end":{"line":97,"column":34}}],"line":97},"13":{"loc":{"start":{"line":98,"column":2},"end":{"line":98,"column":51}},"type":"if","locations":[{"start":{"line":98,"column":2},"end":{"line":98,"column":51}},{"start":{},"end":{}}],"line":98},"14":{"loc":{"start":{"line":107,"column":23},"end":{"line":107,"column":34}},"type":"default-arg","locations":[{"start":{"line":107,"column":32},"end":{"line":107,"column":34}}],"line":107},"15":{"loc":{"start":{"line":108,"column":2},"end":{"line":108,"column":51}},"type":"if","locations":[{"start":{"line":108,"column":2},"end":{"line":108,"column":51}},{"start":{},"end":{}}],"line":108},"16":{"loc":{"start":{"line":117,"column":18},"end":{"line":117,"column":29}},"type":"default-arg","locations":[{"start":{"line":117,"column":27},"end":{"line":117,"column":29}}],"line":117},"17":{"loc":{"start":{"line":118,"column":2},"end":{"line":118,"column":51}},"type":"if","locations":[{"start":{"line":118,"column":2},"end":{"line":118,"column":51}},{"start":{},"end":{}}],"line":118},"18":{"loc":{"start":{"line":132,"column":2},"end":{"line":132,"column":51}},"type":"if","locations":[{"start":{"line":132,"column":2},"end":{"line":132,"column":51}},{"start":{},"end":{}}],"line":132},"19":{"loc":{"start":{"line":137,"column":2},"end":{"line":137,"column":51}},"type":"if","locations":[{"start":{"line":137,"column":2},"end":{"line":137,"column":51}},{"start":{},"end":{}}],"line":137},"20":{"loc":{"start":{"line":143,"column":6},"end":{"line":148,"column":7}},"type":"if","locations":[{"start":{"line":143,"column":6},"end":{"line":148,"column":7}},{"start":{"line":145,"column":13},"end":{"line":148,"column":7}}],"line":143},"21":{"loc":{"start":{"line":146,"column":43},"end":{"line":146,"column":57}},"type":"binary-expr","locations":[{"start":{"line":146,"column":43},"end":{"line":146,"column":51}},{"start":{"line":146,"column":55},"end":{"line":146,"column":57}}],"line":146},"22":{"loc":{"start":{"line":156,"column":28},"end":{"line":156,"column":41}},"type":"default-arg","locations":[{"start":{"line":156,"column":35},"end":{"line":156,"column":41}}],"line":156},"23":{"loc":{"start":{"line":157,"column":2},"end":{"line":157,"column":25}},"type":"if","locations":[{"start":{"line":157,"column":2},"end":{"line":157,"column":25}},{"start":{},"end":{}}],"line":157},"24":{"loc":{"start":{"line":158,"column":2},"end":{"line":158,"column":38}},"type":"if","locations":[{"start":{"line":158,"column":2},"end":{"line":158,"column":38}},{"start":{},"end":{}}],"line":158},"25":{"loc":{"start":{"line":161,"column":4},"end":{"line":161,"column":84}},"type":"if","locations":[{"start":{"line":161,"column":4},"end":{"line":161,"column":84}},{"start":{},"end":{}}],"line":161},"26":{"loc":{"start":{"line":173,"column":4},"end":{"line":173,"column":43}},"type":"if","locations":[{"start":{"line":173,"column":4},"end":{"line":173,"column":43}},{"start":{},"end":{}}],"line":173},"27":{"loc":{"start":{"line":185,"column":17},"end":{"line":185,"column":70}},"type":"binary-expr","locations":[{"start":{"line":185,"column":17},"end":{"line":185,"column":49}},{"start":{"line":185,"column":53},"end":{"line":185,"column":70}}],"line":185},"28":{"loc":{"start":{"line":191,"column":6},"end":{"line":193,"column":7}},"type":"if","locations":[{"start":{"line":191,"column":6},"end":{"line":193,"column":7}},{"start":{},"end":{}}],"line":191},"29":{"loc":{"start":{"line":199,"column":2},"end":{"line":199,"column":25}},"type":"if","locations":[{"start":{"line":199,"column":2},"end":{"line":199,"column":25}},{"start":{},"end":{}}],"line":199},"30":{"loc":{"start":{"line":200,"column":2},"end":{"line":200,"column":38}},"type":"if","locations":[{"start":{"line":200,"column":2},"end":{"line":200,"column":38}},{"start":{},"end":{}}],"line":200},"31":{"loc":{"start":{"line":204,"column":4},"end":{"line":204,"column":84}},"type":"if","locations":[{"start":{"line":204,"column":4},"end":{"line":204,"column":84}},{"start":{},"end":{}}],"line":204},"32":{"loc":{"start":{"line":229,"column":2},"end":{"line":229,"column":50}},"type":"if","locations":[{"start":{"line":229,"column":2},"end":{"line":229,"column":50}},{"start":{},"end":{}}],"line":229},"33":{"loc":{"start":{"line":241,"column":4},"end":{"line":243,"column":37}},"type":"if","locations":[{"start":{"line":241,"column":4},"end":{"line":243,"column":37}},{"start":{"line":242,"column":9},"end":{"line":243,"column":37}}],"line":241},"34":{"loc":{"start":{"line":242,"column":9},"end":{"line":243,"column":37}},"type":"if","locations":[{"start":{"line":242,"column":9},"end":{"line":243,"column":37}},{"start":{"line":243,"column":9},"end":{"line":243,"column":37}}],"line":242},"35":{"loc":{"start":{"line":246,"column":2},"end":{"line":256,"column":3}},"type":"if","locations":[{"start":{"line":246,"column":2},"end":{"line":256,"column":3}},{"start":{},"end":{}}],"line":246},"36":{"loc":{"start":{"line":263,"column":2},"end":{"line":263,"column":121}},"type":"if","locations":[{"start":{"line":263,"column":2},"end":{"line":263,"column":121}},{"start":{},"end":{}}],"line":263},"37":{"loc":{"start":{"line":263,"column":6},"end":{"line":263,"column":64}},"type":"binary-expr","locations":[{"start":{"line":263,"column":6},"end":{"line":263,"column":32}},{"start":{"line":263,"column":36},"end":{"line":263,"column":64}}],"line":263},"38":{"loc":{"start":{"line":286,"column":2},"end":{"line":286,"column":67}},"type":"if","locations":[{"start":{"line":286,"column":2},"end":{"line":286,"column":67}},{"start":{},"end":{}}],"line":286},"39":{"loc":{"start":{"line":290,"column":2},"end":{"line":290,"column":86}},"type":"if","locations":[{"start":{"line":290,"column":2},"end":{"line":290,"column":86}},{"start":{},"end":{}}],"line":290},"40":{"loc":{"start":{"line":294,"column":4},"end":{"line":294,"column":25}},"type":"if","locations":[{"start":{"line":294,"column":4},"end":{"line":294,"column":25}},{"start":{},"end":{}}],"line":294},"41":{"loc":{"start":{"line":332,"column":13},"end":{"line":332,"column":24}},"type":"binary-expr","locations":[{"start":{"line":332,"column":13},"end":{"line":332,"column":19}},{"start":{"line":332,"column":23},"end":{"line":332,"column":24}}],"line":332},"42":{"loc":{"start":{"line":332,"column":26},"end":{"line":332,"column":46}},"type":"binary-expr","locations":[{"start":{"line":332,"column":26},"end":{"line":332,"column":34}},{"start":{"line":332,"column":38},"end":{"line":332,"column":46}}],"line":332},"43":{"loc":{"start":{"line":332,"column":56},"end":{"line":332,"column":68}},"type":"binary-expr","locations":[{"start":{"line":332,"column":56},"end":{"line":332,"column":62}},{"start":{"line":332,"column":66},"end":{"line":332,"column":68}}],"line":332},"44":{"loc":{"start":{"line":332,"column":70},"end":{"line":332,"column":83}},"type":"binary-expr","locations":[{"start":{"line":332,"column":70},"end":{"line":332,"column":78}},{"start":{"line":332,"column":82},"end":{"line":332,"column":83}}],"line":332},"45":{"loc":{"start":{"line":332,"column":85},"end":{"line":332,"column":98}},"type":"binary-expr","locations":[{"start":{"line":332,"column":85},"end":{"line":332,"column":92}},{"start":{"line":332,"column":96},"end":{"line":332,"column":98}}],"line":332},"46":{"loc":{"start":{"line":683,"column":19},"end":{"line":683,"column":47}},"type":"binary-expr","locations":[{"start":{"line":683,"column":19},"end":{"line":683,"column":28}},{"start":{"line":683,"column":32},"end":{"line":683,"column":47}}],"line":683},"47":{"loc":{"start":{"line":685,"column":2},"end":{"line":691,"column":3}},"type":"if","locations":[{"start":{"line":685,"column":2},"end":{"line":691,"column":3}},{"start":{"line":688,"column":9},"end":{"line":691,"column":3}}],"line":685},"48":{"loc":{"start":{"line":761,"column":2},"end":{"line":761,"column":66}},"type":"if","locations":[{"start":{"line":761,"column":2},"end":{"line":761,"column":66}},{"start":{},"end":{}}],"line":761},"49":{"loc":{"start":{"line":782,"column":8},"end":{"line":782,"column":63}},"type":"if","locations":[{"start":{"line":782,"column":8},"end":{"line":782,"column":63}},{"start":{},"end":{}}],"line":782},"50":{"loc":{"start":{"line":791,"column":6},"end":{"line":791,"column":37}},"type":"binary-expr","locations":[{"start":{"line":791,"column":6},"end":{"line":791,"column":22}},{"start":{"line":791,"column":26},"end":{"line":791,"column":37}}],"line":791},"51":{"loc":{"start":{"line":792,"column":6},"end":{"line":792,"column":32}},"type":"binary-expr","locations":[{"start":{"line":792,"column":6},"end":{"line":792,"column":26}},{"start":{"line":792,"column":30},"end":{"line":792,"column":32}}],"line":792},"52":{"loc":{"start":{"line":793,"column":6},"end":{"line":793,"column":30}},"type":"binary-expr","locations":[{"start":{"line":793,"column":6},"end":{"line":793,"column":24}},{"start":{"line":793,"column":28},"end":{"line":793,"column":30}}],"line":793},"53":{"loc":{"start":{"line":794,"column":6},"end":{"line":794,"column":34}},"type":"binary-expr","locations":[{"start":{"line":794,"column":6},"end":{"line":794,"column":28}},{"start":{"line":794,"column":32},"end":{"line":794,"column":34}}],"line":794},"54":{"loc":{"start":{"line":795,"column":6},"end":{"line":795,"column":28}},"type":"binary-expr","locations":[{"start":{"line":795,"column":6},"end":{"line":795,"column":22}},{"start":{"line":795,"column":26},"end":{"line":795,"column":28}}],"line":795},"55":{"loc":{"start":{"line":799,"column":38},"end":{"line":799,"column":71}},"type":"binary-expr","locations":[{"start":{"line":799,"column":38},"end":{"line":799,"column":56}},{"start":{"line":799,"column":60},"end":{"line":799,"column":71}}],"line":799},"56":{"loc":{"start":{"line":802,"column":6},"end":{"line":802,"column":39}},"type":"binary-expr","locations":[{"start":{"line":802,"column":6},"end":{"line":802,"column":19}},{"start":{"line":802,"column":23},"end":{"line":802,"column":39}}],"line":802},"57":{"loc":{"start":{"line":803,"column":6},"end":{"line":803,"column":28}},"type":"binary-expr","locations":[{"start":{"line":803,"column":6},"end":{"line":803,"column":22}},{"start":{"line":803,"column":26},"end":{"line":803,"column":28}}],"line":803},"58":{"loc":{"start":{"line":804,"column":6},"end":{"line":804,"column":32}},"type":"binary-expr","locations":[{"start":{"line":804,"column":6},"end":{"line":804,"column":21}},{"start":{"line":804,"column":25},"end":{"line":804,"column":32}}],"line":804},"59":{"loc":{"start":{"line":833,"column":6},"end":{"line":833,"column":29}},"type":"if","locations":[{"start":{"line":833,"column":6},"end":{"line":833,"column":29}},{"start":{},"end":{}}],"line":833},"60":{"loc":{"start":{"line":835,"column":23},"end":{"line":835,"column":38}},"type":"binary-expr","locations":[{"start":{"line":835,"column":23},"end":{"line":835,"column":33}},{"start":{"line":835,"column":37},"end":{"line":835,"column":38}}],"line":835},"61":{"loc":{"start":{"line":837,"column":21},"end":{"line":837,"column":47}},"type":"cond-expr","locations":[{"start":{"line":837,"column":31},"end":{"line":837,"column":43}},{"start":{"line":837,"column":46},"end":{"line":837,"column":47}}],"line":837},"62":{"loc":{"start":{"line":854,"column":20},"end":{"line":854,"column":51}},"type":"binary-expr","locations":[{"start":{"line":854,"column":20},"end":{"line":854,"column":36}},{"start":{"line":854,"column":40},"end":{"line":854,"column":51}}],"line":854},"63":{"loc":{"start":{"line":855,"column":15},"end":{"line":855,"column":41}},"type":"binary-expr","locations":[{"start":{"line":855,"column":15},"end":{"line":855,"column":35}},{"start":{"line":855,"column":39},"end":{"line":855,"column":41}}],"line":855},"64":{"loc":{"start":{"line":856,"column":17},"end":{"line":856,"column":45}},"type":"binary-expr","locations":[{"start":{"line":856,"column":17},"end":{"line":856,"column":39}},{"start":{"line":856,"column":43},"end":{"line":856,"column":45}}],"line":856},"65":{"loc":{"start":{"line":857,"column":11},"end":{"line":857,"column":33}},"type":"binary-expr","locations":[{"start":{"line":857,"column":11},"end":{"line":857,"column":27}},{"start":{"line":857,"column":31},"end":{"line":857,"column":33}}],"line":857},"66":{"loc":{"start":{"line":858,"column":13},"end":{"line":858,"column":37}},"type":"binary-expr","locations":[{"start":{"line":858,"column":13},"end":{"line":858,"column":31}},{"start":{"line":858,"column":35},"end":{"line":858,"column":37}}],"line":858},"67":{"loc":{"start":{"line":864,"column":4},"end":{"line":864,"column":96}},"type":"if","locations":[{"start":{"line":864,"column":4},"end":{"line":864,"column":96}},{"start":{},"end":{}}],"line":864},"68":{"loc":{"start":{"line":865,"column":4},"end":{"line":865,"column":88}},"type":"if","locations":[{"start":{"line":865,"column":4},"end":{"line":865,"column":88}},{"start":{},"end":{}}],"line":865},"69":{"loc":{"start":{"line":866,"column":4},"end":{"line":870,"column":5}},"type":"if","locations":[{"start":{"line":866,"column":4},"end":{"line":870,"column":5}},{"start":{},"end":{}}],"line":866},"70":{"loc":{"start":{"line":868,"column":41},"end":{"line":868,"column":56}},"type":"cond-expr","locations":[{"start":{"line":868,"column":47},"end":{"line":868,"column":50}},{"start":{"line":868,"column":53},"end":{"line":868,"column":56}}],"line":868},"71":{"loc":{"start":{"line":871,"column":4},"end":{"line":871,"column":103}},"type":"if","locations":[{"start":{"line":871,"column":4},"end":{"line":871,"column":103}},{"start":{},"end":{}}],"line":871},"72":{"loc":{"start":{"line":896,"column":2},"end":{"line":896,"column":26}},"type":"if","locations":[{"start":{"line":896,"column":2},"end":{"line":896,"column":26}},{"start":{},"end":{}}],"line":896},"73":{"loc":{"start":{"line":899,"column":11},"end":{"line":899,"column":42}},"type":"binary-expr","locations":[{"start":{"line":899,"column":11},"end":{"line":899,"column":17}},{"start":{"line":899,"column":21},"end":{"line":899,"column":42}}],"line":899}},"s":{"0":9,"1":9,"2":9,"3":9,"4":9,"5":9,"6":9,"7":9,"8":9,"9":9,"10":9,"11":9,"12":11,"13":2,"14":9,"15":9,"16":9,"17":9,"18":9,"19":9,"20":9,"21":9,"22":9,"23":9,"24":9,"25":9,"26":9,"27":9,"28":0,"29":9,"30":0,"31":9,"32":0,"33":0,"34":9,"35":0,"36":0,"37":0,"38":0,"39":0,"40":0,"41":0,"42":0,"43":9,"44":9,"45":9,"46":9,"47":9,"48":9,"49":9,"50":46,"51":0,"52":46,"53":46,"54":0,"55":0,"56":106,"57":0,"58":106,"59":106,"60":0,"61":0,"62":145,"63":0,"64":145,"65":145,"66":145,"67":0,"68":0,"69":9,"70":5,"71":0,"72":5,"73":0,"74":0,"75":0,"76":0,"77":0,"78":0,"79":0,"80":0,"81":0,"82":0,"83":0,"84":0,"85":0,"86":0,"87":0,"88":0,"89":0,"90":0,"91":0,"92":0,"93":0,"94":0,"95":0,"96":0,"97":0,"98":0,"99":0,"100":0,"101":0,"102":0,"103":0,"104":0,"105":0,"106":0,"107":0,"108":0,"109":0,"110":0,"111":0,"112":0,"113":0,"114":0,"115":0,"116":0,"117":0,"118":0,"119":0,"120":0,"121":0,"122":0,"123":0,"124":0,"125":0,"126":0,"127":0,"128":0,"129":0,"130":0,"131":0,"132":0,"133":0,"134":0,"135":9,"136":9,"137":0,"138":9,"139":756,"140":9,"141":378,"142":378,"143":378,"144":378,"145":360,"146":18,"147":18,"148":0,"149":9,"150":9,"151":0,"152":0,"153":0,"154":0,"155":0,"156":0,"157":9,"158":0,"159":0,"160":0,"161":0,"162":0,"163":0,"164":0,"165":0,"166":0,"167":0,"168":0,"169":0,"170":0,"171":0,"172":0,"173":0,"174":0,"175":0,"176":0,"177":0,"178":0,"179":0,"180":0,"181":0,"182":0,"183":0,"184":0,"185":0,"186":0,"187":0,"188":0,"189":0,"190":0,"191":0,"192":0,"193":0,"194":70,"195":70,"196":70,"197":0,"198":9,"199":9,"200":9,"201":171,"202":9,"203":9,"204":378,"205":378,"206":0,"207":0,"208":0,"209":0,"210":0,"211":0,"212":0,"213":0,"214":0,"215":0,"216":0,"217":0,"218":0,"219":9,"220":9,"221":0,"222":9,"223":9,"224":9,"225":9,"226":9,"227":144,"228":144,"229":144,"230":126,"231":0,"232":9,"233":9,"234":9,"235":9,"236":9,"237":9,"238":9,"239":45,"240":9,"241":9,"242":9,"243":63,"244":63,"245":9,"246":9,"247":9,"248":63,"249":63,"250":0,"251":63,"252":414,"253":414,"254":414,"255":414,"256":414,"257":9,"258":9,"259":9,"260":414,"261":9,"262":9,"263":9,"264":9,"265":9,"266":9,"267":9,"268":72,"269":9,"270":9,"271":9,"272":9,"273":423,"274":9,"275":9,"276":0,"277":0,"278":0,"279":9,"280":9,"281":9,"282":10,"283":0,"284":10,"285":10,"286":10,"287":0,"288":9},"f":{"0":11,"1":0,"2":9,"3":46,"4":106,"5":145,"6":5,"7":0,"8":0,"9":0,"10":0,"11":0,"12":0,"13":9,"14":756,"15":0,"16":0,"17":0,"18":0,"19":0,"20":0,"21":70,"22":9,"23":9,"24":0,"25":0,"26":9,"27":9,"28":10},"b":{"0":[9,0],"1":[2,9],"2":[9,0],"3":[9,0],"4":[9,9],"5":[0,9],"6":[0,9],"7":[0,0],"8":[0,0],"9":[0,0],"10":[9,0],"11":[9,0],"12":[16],"13":[0,46],"14":[2],"15":[0,106],"16":[0],"17":[0,145],"18":[0,5],"19":[0,0],"20":[0,0],"21":[0,0],"22":[0],"23":[0,0],"24":[0,0],"25":[0,0],"26":[0,0],"27":[0,0],"28":[0,0],"29":[0,0],"30":[0,0],"31":[0,0],"32":[0,9],"33":[360,18],"34":[18,0],"35":[0,9],"36":[0,0],"37":[0,0],"38":[0,0],"39":[0,0],"40":[0,0],"41":[70,19],"42":[70,0],"43":[70,0],"44":[70,28],"45":[70,0],"46":[0,0],"47":[0,0],"48":[0,9],"49":[126,18],"50":[9,0],"51":[9,0],"52":[9,9],"53":[9,0],"54":[9,0],"55":[9,0],"56":[9,0],"57":[9,0],"58":[9,0],"59":[0,63],"60":[414,0],"61":[414,0],"62":[9,0],"63":[9,0],"64":[9,0],"65":[9,0],"66":[9,9],"67":[9,0],"68":[9,0],"69":[9,0],"70":[36,36],"71":[9,0],"72":[0,10],"73":[10,1]},"_coverageSchema":"1a1c01bbd47fc00a2c39e90264f33305004495a9","hash":"f743de36cb07cb2c8dc6f0eae2bd0638136b127b"}
,"C:\\devzone\\ritajposnw\\server\\facture.js": {"path":"C:\\devzone\\ritajposnw\\server\\facture.js","statementMap":{"0":{"start":{"line":6,"column":20},"end":{"line":6,"column":37}},"1":{"start":{"line":7,"column":15},"end":{"line":7,"column":32}},"2":{"start":{"line":17,"column":15},"end":{"line":22,"column":13}},"3":{"start":{"line":23,"column":2},"end":{"line":23,"column":72}},"4":{"start":{"line":35,"column":2},"end":{"line":35,"column":28}},"5":{"start":{"line":35,"column":18},"end":{"line":35,"column":28}},"6":{"start":{"line":36,"column":2},"end":{"line":36,"column":43}},"7":{"start":{"line":44,"column":2},"end":{"line":44,"column":28}},"8":{"start":{"line":44,"column":18},"end":{"line":44,"column":28}},"9":{"start":{"line":45,"column":2},"end":{"line":45,"column":43}},"10":{"start":{"line":60,"column":14},"end":{"line":69,"column":4}},"11":{"start":{"line":71,"column":20},"end":{"line":71,"column":83}},"12":{"start":{"line":72,"column":17},"end":{"line":72,"column":38}},"13":{"start":{"line":73,"column":24},"end":{"line":73,"column":88}},"14":{"start":{"line":76,"column":14},"end":{"line":76,"column":50}},"15":{"start":{"line":76,"column":21},"end":{"line":76,"column":50}},"16":{"start":{"line":77,"column":19},"end":{"line":77,"column":47}},"17":{"start":{"line":77,"column":26},"end":{"line":77,"column":47}},"18":{"start":{"line":79,"column":10},"end":{"line":79,"column":15}},"19":{"start":{"line":83,"column":2},"end":{"line":84,"column":93}},"20":{"start":{"line":86,"column":2},"end":{"line":86,"column":54}},"21":{"start":{"line":88,"column":2},"end":{"line":88,"column":47}},"22":{"start":{"line":88,"column":22},"end":{"line":88,"column":47}},"23":{"start":{"line":89,"column":2},"end":{"line":89,"column":61}},"24":{"start":{"line":89,"column":24},"end":{"line":89,"column":61}},"25":{"start":{"line":92,"column":22},"end":{"line":92,"column":24}},"26":{"start":{"line":93,"column":2},"end":{"line":93,"column":57}},"27":{"start":{"line":93,"column":18},"end":{"line":93,"column":57}},"28":{"start":{"line":94,"column":2},"end":{"line":94,"column":86}},"29":{"start":{"line":94,"column":33},"end":{"line":94,"column":86}},"30":{"start":{"line":95,"column":2},"end":{"line":95,"column":84}},"31":{"start":{"line":95,"column":32},"end":{"line":95,"column":84}},"32":{"start":{"line":96,"column":2},"end":{"line":96,"column":83}},"33":{"start":{"line":96,"column":29},"end":{"line":96,"column":83}},"34":{"start":{"line":97,"column":2},"end":{"line":97,"column":60}},"35":{"start":{"line":97,"column":19},"end":{"line":97,"column":60}},"36":{"start":{"line":99,"column":2},"end":{"line":101,"column":3}},"37":{"start":{"line":100,"column":4},"end":{"line":100,"column":38}},"38":{"start":{"line":103,"column":2},"end":{"line":103,"column":18}},"39":{"start":{"line":108,"column":4},"end":{"line":111,"column":16}},"40":{"start":{"line":112,"column":4},"end":{"line":112,"column":22}},"41":{"start":{"line":115,"column":2},"end":{"line":115,"column":13}},"42":{"start":{"line":120,"column":20},"end":{"line":120,"column":25}},"43":{"start":{"line":121,"column":20},"end":{"line":121,"column":25}},"44":{"start":{"line":122,"column":2},"end":{"line":125,"column":5}},"45":{"start":{"line":123,"column":4},"end":{"line":123,"column":43}},"46":{"start":{"line":123,"column":24},"end":{"line":123,"column":43}},"47":{"start":{"line":124,"column":4},"end":{"line":124,"column":43}},"48":{"start":{"line":124,"column":24},"end":{"line":124,"column":43}},"49":{"start":{"line":127,"column":21},"end":{"line":127,"column":50}},"50":{"start":{"line":128,"column":2},"end":{"line":128,"column":94}},"51":{"start":{"line":128,"column":35},"end":{"line":128,"column":94}},"52":{"start":{"line":129,"column":2},"end":{"line":129,"column":86}},"53":{"start":{"line":129,"column":34},"end":{"line":129,"column":86}},"54":{"start":{"line":131,"column":2},"end":{"line":132,"column":45}},"55":{"start":{"line":133,"column":2},"end":{"line":133,"column":20}},"56":{"start":{"line":136,"column":18},"end":{"line":136,"column":50}},"57":{"start":{"line":137,"column":18},"end":{"line":139,"column":4}},"58":{"start":{"line":140,"column":19},"end":{"line":142,"column":4}},"59":{"start":{"line":144,"column":2},"end":{"line":144,"column":54}},"60":{"start":{"line":145,"column":2},"end":{"line":145,"column":66}},"61":{"start":{"line":147,"column":2},"end":{"line":150,"column":3}},"62":{"start":{"line":148,"column":18},"end":{"line":148,"column":92}},"63":{"start":{"line":149,"column":4},"end":{"line":149,"column":102}},"64":{"start":{"line":152,"column":2},"end":{"line":152,"column":20}},"65":{"start":{"line":156,"column":2},"end":{"line":168,"column":3}},"66":{"start":{"line":157,"column":4},"end":{"line":157,"column":79}},"67":{"start":{"line":158,"column":4},"end":{"line":158,"column":56}},"68":{"start":{"line":159,"column":4},"end":{"line":159,"column":41}},"69":{"start":{"line":159,"column":20},"end":{"line":159,"column":41}},"70":{"start":{"line":160,"column":4},"end":{"line":160,"column":49}},"71":{"start":{"line":160,"column":24},"end":{"line":160,"column":49}},"72":{"start":{"line":161,"column":4},"end":{"line":161,"column":63}},"73":{"start":{"line":161,"column":26},"end":{"line":161,"column":63}},"74":{"start":{"line":162,"column":4},"end":{"line":162,"column":51}},"75":{"start":{"line":162,"column":20},"end":{"line":162,"column":51}},"76":{"start":{"line":163,"column":4},"end":{"line":163,"column":22}},"77":{"start":{"line":164,"column":9},"end":{"line":168,"column":3}},"78":{"start":{"line":165,"column":4},"end":{"line":166,"column":46}},"79":{"start":{"line":167,"column":4},"end":{"line":167,"column":22}},"80":{"start":{"line":170,"column":2},"end":{"line":170,"column":13}},"81":{"start":{"line":174,"column":20},"end":{"line":182,"column":3}},"82":{"start":{"line":185,"column":2},"end":{"line":185,"column":12}},"83":{"start":{"line":186,"column":2},"end":{"line":186,"column":84}},"84":{"start":{"line":188,"column":2},"end":{"line":188,"column":59}},"85":{"start":{"line":189,"column":10},"end":{"line":189,"column":31}},"86":{"start":{"line":190,"column":2},"end":{"line":190,"column":65}},"87":{"start":{"line":191,"column":2},"end":{"line":191,"column":21}},"88":{"start":{"line":192,"column":2},"end":{"line":192,"column":66}},"89":{"start":{"line":193,"column":2},"end":{"line":193,"column":29}},"90":{"start":{"line":194,"column":2},"end":{"line":194,"column":67}},"91":{"start":{"line":195,"column":2},"end":{"line":195,"column":21}},"92":{"start":{"line":196,"column":2},"end":{"line":196,"column":69}},"93":{"start":{"line":197,"column":2},"end":{"line":197,"column":22}},"94":{"start":{"line":198,"column":2},"end":{"line":198,"column":68}},"95":{"start":{"line":199,"column":2},"end":{"line":199,"column":21}},"96":{"start":{"line":200,"column":2},"end":{"line":200,"column":75}},"97":{"start":{"line":201,"column":2},"end":{"line":201,"column":25}},"98":{"start":{"line":202,"column":2},"end":{"line":202,"column":77}},"99":{"start":{"line":204,"column":2},"end":{"line":204,"column":18}},"100":{"start":{"line":207,"column":2},"end":{"line":207,"column":54}},"101":{"start":{"line":209,"column":2},"end":{"line":240,"column":5}},"102":{"start":{"line":210,"column":4},"end":{"line":210,"column":14}},"103":{"start":{"line":212,"column":4},"end":{"line":215,"column":5}},"104":{"start":{"line":213,"column":6},"end":{"line":213,"column":20}},"105":{"start":{"line":214,"column":6},"end":{"line":214,"column":16}},"106":{"start":{"line":218,"column":4},"end":{"line":220,"column":5}},"107":{"start":{"line":219,"column":6},"end":{"line":219,"column":88}},"108":{"start":{"line":222,"column":4},"end":{"line":222,"column":26}},"109":{"start":{"line":223,"column":4},"end":{"line":223,"column":30}},"110":{"start":{"line":224,"column":4},"end":{"line":224,"column":81}},"111":{"start":{"line":225,"column":4},"end":{"line":225,"column":23}},"112":{"start":{"line":226,"column":4},"end":{"line":226,"column":78}},"113":{"start":{"line":227,"column":4},"end":{"line":227,"column":31}},"114":{"start":{"line":228,"column":20},"end":{"line":228,"column":105}},"115":{"start":{"line":229,"column":4},"end":{"line":229,"column":71}},"116":{"start":{"line":230,"column":4},"end":{"line":230,"column":23}},"117":{"start":{"line":231,"column":4},"end":{"line":231,"column":91}},"118":{"start":{"line":232,"column":4},"end":{"line":232,"column":24}},"119":{"start":{"line":233,"column":4},"end":{"line":233,"column":89}},"120":{"start":{"line":234,"column":4},"end":{"line":234,"column":23}},"121":{"start":{"line":235,"column":4},"end":{"line":235,"column":91}},"122":{"start":{"line":236,"column":4},"end":{"line":236,"column":27}},"123":{"start":{"line":237,"column":4},"end":{"line":237,"column":93}},"124":{"start":{"line":239,"column":4},"end":{"line":239,"column":22}},"125":{"start":{"line":242,"column":2},"end":{"line":242,"column":13}},"126":{"start":{"line":246,"column":17},"end":{"line":246,"column":56}},"127":{"start":{"line":249,"column":4},"end":{"line":249,"column":76}},"128":{"start":{"line":250,"column":4},"end":{"line":250,"column":42}},"129":{"start":{"line":251,"column":4},"end":{"line":251,"column":84}},"130":{"start":{"line":252,"column":4},"end":{"line":252,"column":68}},"131":{"start":{"line":256,"column":18},"end":{"line":256,"column":88}},"132":{"start":{"line":256,"column":44},"end":{"line":256,"column":84}},"133":{"start":{"line":257,"column":2},"end":{"line":257,"column":40}},"134":{"start":{"line":260,"column":17},"end":{"line":260,"column":19}},"135":{"start":{"line":261,"column":2},"end":{"line":268,"column":5}},"136":{"start":{"line":262,"column":17},"end":{"line":262,"column":44}},"137":{"start":{"line":263,"column":4},"end":{"line":267,"column":5}},"138":{"start":{"line":264,"column":6},"end":{"line":264,"column":64}},"139":{"start":{"line":264,"column":25},"end":{"line":264,"column":64}},"140":{"start":{"line":265,"column":6},"end":{"line":265,"column":60}},"141":{"start":{"line":266,"column":6},"end":{"line":266,"column":61}},"142":{"start":{"line":270,"column":2},"end":{"line":272,"column":5}},"143":{"start":{"line":270,"column":37},"end":{"line":270,"column":42}},"144":{"start":{"line":271,"column":4},"end":{"line":271,"column":54}},"145":{"start":{"line":275,"column":2},"end":{"line":275,"column":52}},"146":{"start":{"line":278,"column":2},"end":{"line":280,"column":3}},"147":{"start":{"line":279,"column":4},"end":{"line":279,"column":64}},"148":{"start":{"line":282,"column":2},"end":{"line":282,"column":20}},"149":{"start":{"line":285,"column":2},"end":{"line":285,"column":49}},"150":{"start":{"line":287,"column":2},"end":{"line":287,"column":20}},"151":{"start":{"line":291,"column":2},"end":{"line":291,"column":13}},"152":{"start":{"line":293,"column":16},"end":{"line":296,"column":3}},"153":{"start":{"line":298,"column":19},"end":{"line":298,"column":44}},"154":{"start":{"line":299,"column":24},"end":{"line":299,"column":70}},"155":{"start":{"line":301,"column":2},"end":{"line":301,"column":54}},"156":{"start":{"line":302,"column":2},"end":{"line":302,"column":109}},"157":{"start":{"line":304,"column":2},"end":{"line":306,"column":3}},"158":{"start":{"line":305,"column":4},"end":{"line":305,"column":123}},"159":{"start":{"line":308,"column":2},"end":{"line":308,"column":18}},"160":{"start":{"line":312,"column":15},"end":{"line":312,"column":76}},"161":{"start":{"line":314,"column":2},"end":{"line":314,"column":54}},"162":{"start":{"line":315,"column":2},"end":{"line":315,"column":82}},"163":{"start":{"line":319,"column":2},"end":{"line":319,"column":18}},"164":{"start":{"line":320,"column":2},"end":{"line":320,"column":13}},"165":{"start":{"line":322,"column":2},"end":{"line":322,"column":54}},"166":{"start":{"line":323,"column":2},"end":{"line":323,"column":100}},"167":{"start":{"line":324,"column":2},"end":{"line":324,"column":69}},"168":{"start":{"line":326,"column":2},"end":{"line":326,"column":13}},"169":{"start":{"line":335,"column":15},"end":{"line":335,"column":76}},"170":{"start":{"line":336,"column":24},"end":{"line":336,"column":88}},"171":{"start":{"line":339,"column":17},"end":{"line":339,"column":19}},"172":{"start":{"line":340,"column":2},"end":{"line":345,"column":5}},"173":{"start":{"line":341,"column":17},"end":{"line":341,"column":44}},"174":{"start":{"line":342,"column":4},"end":{"line":342,"column":62}},"175":{"start":{"line":342,"column":23},"end":{"line":342,"column":62}},"176":{"start":{"line":343,"column":4},"end":{"line":343,"column":58}},"177":{"start":{"line":344,"column":4},"end":{"line":344,"column":59}},"178":{"start":{"line":347,"column":2},"end":{"line":400,"column":4}},"179":{"start":{"line":371,"column":36},"end":{"line":380,"column":7}},"180":{"start":{"line":382,"column":44},"end":{"line":382,"column":84}},"181":{"start":{"line":383,"column":71},"end":{"line":387,"column":9}},"182":{"start":{"line":407,"column":14},"end":{"line":407,"column":100}},"183":{"start":{"line":408,"column":17},"end":{"line":408,"column":38}},"184":{"start":{"line":409,"column":14},"end":{"line":409,"column":50}},"185":{"start":{"line":409,"column":21},"end":{"line":409,"column":50}},"186":{"start":{"line":412,"column":2},"end":{"line":412,"column":130}},"187":{"start":{"line":413,"column":2},"end":{"line":413,"column":54}},"188":{"start":{"line":414,"column":2},"end":{"line":414,"column":47}},"189":{"start":{"line":414,"column":22},"end":{"line":414,"column":47}},"190":{"start":{"line":415,"column":2},"end":{"line":415,"column":61}},"191":{"start":{"line":415,"column":24},"end":{"line":415,"column":61}},"192":{"start":{"line":417,"column":2},"end":{"line":417,"column":17}},"193":{"start":{"line":418,"column":2},"end":{"line":418,"column":89}},"194":{"start":{"line":419,"column":2},"end":{"line":419,"column":90}},"195":{"start":{"line":421,"column":2},"end":{"line":427,"column":3}},"196":{"start":{"line":422,"column":4},"end":{"line":422,"column":19}},"197":{"start":{"line":423,"column":4},"end":{"line":423,"column":61}},"198":{"start":{"line":424,"column":4},"end":{"line":424,"column":43}},"199":{"start":{"line":425,"column":4},"end":{"line":425,"column":49}},"200":{"start":{"line":425,"column":24},"end":{"line":425,"column":49}},"201":{"start":{"line":426,"column":4},"end":{"line":426,"column":63}},"202":{"start":{"line":426,"column":26},"end":{"line":426,"column":63}},"203":{"start":{"line":429,"column":2},"end":{"line":429,"column":18}},"204":{"start":{"line":431,"column":19},"end":{"line":431,"column":24}},"205":{"start":{"line":432,"column":2},"end":{"line":432,"column":42}},"206":{"start":{"line":433,"column":2},"end":{"line":433,"column":33}},"207":{"start":{"line":434,"column":2},"end":{"line":434,"column":41}},"208":{"start":{"line":435,"column":2},"end":{"line":435,"column":41}},"209":{"start":{"line":436,"column":2},"end":{"line":436,"column":64}},"210":{"start":{"line":437,"column":2},"end":{"line":437,"column":70}},"211":{"start":{"line":439,"column":2},"end":{"line":439,"column":68}},"212":{"start":{"line":441,"column":10},"end":{"line":441,"column":23}},"213":{"start":{"line":442,"column":20},"end":{"line":442,"column":21}},"214":{"start":{"line":444,"column":2},"end":{"line":462,"column":5}},"215":{"start":{"line":445,"column":22},"end":{"line":445,"column":66}},"216":{"start":{"line":445,"column":41},"end":{"line":445,"column":65}},"217":{"start":{"line":446,"column":4},"end":{"line":457,"column":7}},"218":{"start":{"line":447,"column":6},"end":{"line":447,"column":45}},"219":{"start":{"line":447,"column":21},"end":{"line":447,"column":35}},"220":{"start":{"line":447,"column":36},"end":{"line":447,"column":43}},"221":{"start":{"line":448,"column":6},"end":{"line":448,"column":40}},"222":{"start":{"line":449,"column":6},"end":{"line":452,"column":7}},"223":{"start":{"line":450,"column":8},"end":{"line":450,"column":81}},"224":{"start":{"line":451,"column":8},"end":{"line":451,"column":37}},"225":{"start":{"line":453,"column":6},"end":{"line":453,"column":78}},"226":{"start":{"line":454,"column":6},"end":{"line":454,"column":77}},"227":{"start":{"line":455,"column":6},"end":{"line":455,"column":77}},"228":{"start":{"line":456,"column":6},"end":{"line":456,"column":14}},"229":{"start":{"line":458,"column":4},"end":{"line":458,"column":29}},"230":{"start":{"line":459,"column":4},"end":{"line":459,"column":11}},"231":{"start":{"line":460,"column":4},"end":{"line":460,"column":86}},"232":{"start":{"line":461,"column":4},"end":{"line":461,"column":12}},"233":{"start":{"line":464,"column":2},"end":{"line":464,"column":17}},"234":{"start":{"line":465,"column":2},"end":{"line":465,"column":116}},"235":{"start":{"line":467,"column":2},"end":{"line":467,"column":13}},"236":{"start":{"line":474,"column":14},"end":{"line":474,"column":100}},"237":{"start":{"line":475,"column":17},"end":{"line":475,"column":38}},"238":{"start":{"line":476,"column":14},"end":{"line":476,"column":50}},"239":{"start":{"line":476,"column":21},"end":{"line":476,"column":50}},"240":{"start":{"line":478,"column":2},"end":{"line":478,"column":95}},"241":{"start":{"line":479,"column":2},"end":{"line":479,"column":17}},"242":{"start":{"line":480,"column":2},"end":{"line":480,"column":73}},"243":{"start":{"line":481,"column":2},"end":{"line":481,"column":85}},"244":{"start":{"line":482,"column":2},"end":{"line":482,"column":63}},"245":{"start":{"line":484,"column":2},"end":{"line":484,"column":18}},"246":{"start":{"line":485,"column":2},"end":{"line":485,"column":42}},"247":{"start":{"line":486,"column":2},"end":{"line":486,"column":51}},"248":{"start":{"line":487,"column":2},"end":{"line":487,"column":59}},"249":{"start":{"line":488,"column":2},"end":{"line":488,"column":69}},"250":{"start":{"line":489,"column":2},"end":{"line":489,"column":53}},"251":{"start":{"line":490,"column":2},"end":{"line":490,"column":52}},"252":{"start":{"line":492,"column":10},"end":{"line":492,"column":20}},"253":{"start":{"line":493,"column":2},"end":{"line":501,"column":5}},"254":{"start":{"line":494,"column":4},"end":{"line":494,"column":38}},"255":{"start":{"line":495,"column":4},"end":{"line":495,"column":77}},"256":{"start":{"line":496,"column":4},"end":{"line":496,"column":102}},"257":{"start":{"line":497,"column":4},"end":{"line":498,"column":74}},"258":{"start":{"line":497,"column":29},"end":{"line":497,"column":94}},"259":{"start":{"line":498,"column":9},"end":{"line":498,"column":74}},"260":{"start":{"line":499,"column":4},"end":{"line":499,"column":12}},"261":{"start":{"line":500,"column":4},"end":{"line":500,"column":43}},"262":{"start":{"line":500,"column":19},"end":{"line":500,"column":33}},"263":{"start":{"line":500,"column":34},"end":{"line":500,"column":41}},"264":{"start":{"line":503,"column":2},"end":{"line":503,"column":13}},"265":{"start":{"line":510,"column":14},"end":{"line":510,"column":100}},"266":{"start":{"line":511,"column":17},"end":{"line":511,"column":38}},"267":{"start":{"line":512,"column":14},"end":{"line":512,"column":69}},"268":{"start":{"line":512,"column":21},"end":{"line":512,"column":69}},"269":{"start":{"line":515,"column":2},"end":{"line":515,"column":130}},"270":{"start":{"line":516,"column":2},"end":{"line":516,"column":54}},"271":{"start":{"line":517,"column":2},"end":{"line":517,"column":47}},"272":{"start":{"line":517,"column":22},"end":{"line":517,"column":47}},"273":{"start":{"line":518,"column":2},"end":{"line":518,"column":61}},"274":{"start":{"line":518,"column":24},"end":{"line":518,"column":61}},"275":{"start":{"line":519,"column":2},"end":{"line":519,"column":17}},"276":{"start":{"line":521,"column":2},"end":{"line":521,"column":84}},"277":{"start":{"line":522,"column":2},"end":{"line":522,"column":98}},"278":{"start":{"line":523,"column":2},"end":{"line":523,"column":18}},"279":{"start":{"line":526,"column":2},"end":{"line":536,"column":3}},"280":{"start":{"line":527,"column":17},"end":{"line":527,"column":19}},"281":{"start":{"line":528,"column":4},"end":{"line":534,"column":7}},"282":{"start":{"line":529,"column":6},"end":{"line":529,"column":70}},"283":{"start":{"line":530,"column":6},"end":{"line":530,"column":114}},"284":{"start":{"line":531,"column":6},"end":{"line":531,"column":138}},"285":{"start":{"line":532,"column":6},"end":{"line":532,"column":20}},"286":{"start":{"line":533,"column":6},"end":{"line":533,"column":57}},"287":{"start":{"line":533,"column":26},"end":{"line":533,"column":38}},"288":{"start":{"line":533,"column":39},"end":{"line":533,"column":55}},"289":{"start":{"line":535,"column":4},"end":{"line":535,"column":20}},"290":{"start":{"line":539,"column":19},"end":{"line":539,"column":24}},"291":{"start":{"line":540,"column":2},"end":{"line":540,"column":59}},"292":{"start":{"line":542,"column":10},"end":{"line":542,"column":12}},"293":{"start":{"line":543,"column":2},"end":{"line":546,"column":5}},"294":{"start":{"line":544,"column":4},"end":{"line":544,"column":88}},"295":{"start":{"line":545,"column":4},"end":{"line":545,"column":19}},"296":{"start":{"line":548,"column":2},"end":{"line":548,"column":101}},"297":{"start":{"line":550,"column":10},"end":{"line":550,"column":23}},"298":{"start":{"line":551,"column":2},"end":{"line":551,"column":54}},"299":{"start":{"line":553,"column":2},"end":{"line":571,"column":5}},"300":{"start":{"line":554,"column":4},"end":{"line":554,"column":43}},"301":{"start":{"line":554,"column":19},"end":{"line":554,"column":33}},"302":{"start":{"line":554,"column":34},"end":{"line":554,"column":41}},"303":{"start":{"line":557,"column":4},"end":{"line":560,"column":5}},"304":{"start":{"line":558,"column":6},"end":{"line":558,"column":60}},"305":{"start":{"line":559,"column":6},"end":{"line":559,"column":28}},"306":{"start":{"line":562,"column":21},"end":{"line":562,"column":147}},"307":{"start":{"line":562,"column":29},"end":{"line":562,"column":146}},"308":{"start":{"line":564,"column":4},"end":{"line":564,"column":11}},"309":{"start":{"line":565,"column":4},"end":{"line":569,"column":7}},"310":{"start":{"line":566,"column":18},"end":{"line":566,"column":30}},"311":{"start":{"line":567,"column":6},"end":{"line":567,"column":86}},"312":{"start":{"line":568,"column":6},"end":{"line":568,"column":21}},"313":{"start":{"line":570,"column":4},"end":{"line":570,"column":12}},"314":{"start":{"line":573,"column":2},"end":{"line":573,"column":13}},"315":{"start":{"line":576,"column":0},"end":{"line":585,"column":2}}},"fnMap":{"0":{"name":"generateHash","decl":{"start":{"line":16,"column":9},"end":{"line":16,"column":21}},"loc":{"start":{"line":16,"column":37},"end":{"line":24,"column":1}},"line":16},"1":{"name":"genererNumeroFacture","decl":{"start":{"line":34,"column":9},"end":{"line":34,"column":29}},"loc":{"start":{"line":34,"column":41},"end":{"line":37,"column":1}},"line":34},"2":{"name":"genererNumeroAvoir","decl":{"start":{"line":43,"column":9},"end":{"line":43,"column":27}},"loc":{"start":{"line":43,"column":39},"end":{"line":46,"column":1}},"line":43},"3":{"name":"genererFacturePDF","decl":{"start":{"line":59,"column":9},"end":{"line":59,"column":26}},"loc":{"start":{"line":59,"column":65},"end":{"line":327,"column":1}},"line":59},"4":{"name":"(anonymous_4)","decl":{"start":{"line":76,"column":14},"end":{"line":76,"column":15}},"loc":{"start":{"line":76,"column":21},"end":{"line":76,"column":50}},"line":76},"5":{"name":"(anonymous_5)","decl":{"start":{"line":77,"column":19},"end":{"line":77,"column":20}},"loc":{"start":{"line":77,"column":26},"end":{"line":77,"column":47}},"line":77},"6":{"name":"drawLine","decl":{"start":{"line":107,"column":11},"end":{"line":107,"column":19}},"loc":{"start":{"line":107,"column":22},"end":{"line":113,"column":3}},"line":107},"7":{"name":"(anonymous_7)","decl":{"start":{"line":122,"column":17},"end":{"line":122,"column":18}},"loc":{"start":{"line":122,"column":22},"end":{"line":125,"column":3}},"line":122},"8":{"name":"(anonymous_8)","decl":{"start":{"line":209,"column":17},"end":{"line":209,"column":18}},"loc":{"start":{"line":209,"column":35},"end":{"line":240,"column":3}},"line":209},"9":{"name":"totalLine","decl":{"start":{"line":248,"column":11},"end":{"line":248,"column":20}},"loc":{"start":{"line":248,"column":41},"end":{"line":253,"column":3}},"line":248},"10":{"name":"(anonymous_10)","decl":{"start":{"line":256,"column":32},"end":{"line":256,"column":33}},"loc":{"start":{"line":256,"column":44},"end":{"line":256,"column":84}},"line":256},"11":{"name":"(anonymous_11)","decl":{"start":{"line":261,"column":17},"end":{"line":261,"column":18}},"loc":{"start":{"line":261,"column":22},"end":{"line":268,"column":3}},"line":261},"12":{"name":"(anonymous_12)","decl":{"start":{"line":270,"column":27},"end":{"line":270,"column":28}},"loc":{"start":{"line":270,"column":37},"end":{"line":270,"column":42}},"line":270},"13":{"name":"(anonymous_13)","decl":{"start":{"line":270,"column":52},"end":{"line":270,"column":53}},"loc":{"start":{"line":270,"column":60},"end":{"line":272,"column":3}},"line":270},"14":{"name":"genererFactureJSON","decl":{"start":{"line":334,"column":9},"end":{"line":334,"column":27}},"loc":{"start":{"line":334,"column":66},"end":{"line":401,"column":1}},"line":334},"15":{"name":"(anonymous_15)","decl":{"start":{"line":340,"column":17},"end":{"line":340,"column":18}},"loc":{"start":{"line":340,"column":22},"end":{"line":345,"column":3}},"line":340},"16":{"name":"(anonymous_16)","decl":{"start":{"line":371,"column":25},"end":{"line":371,"column":26}},"loc":{"start":{"line":371,"column":36},"end":{"line":380,"column":7}},"line":371},"17":{"name":"(anonymous_17)","decl":{"start":{"line":382,"column":32},"end":{"line":382,"column":33}},"loc":{"start":{"line":382,"column":44},"end":{"line":382,"column":84}},"line":382},"18":{"name":"(anonymous_18)","decl":{"start":{"line":383,"column":52},"end":{"line":383,"column":53}},"loc":{"start":{"line":383,"column":71},"end":{"line":387,"column":9}},"line":383},"19":{"name":"genererFactureBatchPDF","decl":{"start":{"line":406,"column":9},"end":{"line":406,"column":31}},"loc":{"start":{"line":406,"column":71},"end":{"line":468,"column":1}},"line":406},"20":{"name":"(anonymous_20)","decl":{"start":{"line":409,"column":14},"end":{"line":409,"column":15}},"loc":{"start":{"line":409,"column":21},"end":{"line":409,"column":50}},"line":409},"21":{"name":"(anonymous_21)","decl":{"start":{"line":444,"column":20},"end":{"line":444,"column":21}},"loc":{"start":{"line":444,"column":27},"end":{"line":462,"column":3}},"line":444},"22":{"name":"(anonymous_22)","decl":{"start":{"line":445,"column":36},"end":{"line":445,"column":37}},"loc":{"start":{"line":445,"column":41},"end":{"line":445,"column":65}},"line":445},"23":{"name":"(anonymous_23)","decl":{"start":{"line":446,"column":22},"end":{"line":446,"column":23}},"loc":{"start":{"line":446,"column":32},"end":{"line":457,"column":5}},"line":446},"24":{"name":"genererReleveClientPDF","decl":{"start":{"line":473,"column":9},"end":{"line":473,"column":31}},"loc":{"start":{"line":473,"column":64},"end":{"line":504,"column":1}},"line":473},"25":{"name":"(anonymous_25)","decl":{"start":{"line":476,"column":14},"end":{"line":476,"column":15}},"loc":{"start":{"line":476,"column":21},"end":{"line":476,"column":50}},"line":476},"26":{"name":"(anonymous_26)","decl":{"start":{"line":493,"column":21},"end":{"line":493,"column":22}},"loc":{"start":{"line":493,"column":27},"end":{"line":501,"column":3}},"line":493},"27":{"name":"genererRapportPDF","decl":{"start":{"line":509,"column":9},"end":{"line":509,"column":26}},"loc":{"start":{"line":509,"column":70},"end":{"line":574,"column":1}},"line":509},"28":{"name":"(anonymous_28)","decl":{"start":{"line":512,"column":14},"end":{"line":512,"column":15}},"loc":{"start":{"line":512,"column":21},"end":{"line":512,"column":69}},"line":512},"29":{"name":"(anonymous_29)","decl":{"start":{"line":528,"column":20},"end":{"line":528,"column":21}},"loc":{"start":{"line":528,"column":28},"end":{"line":534,"column":5}},"line":528},"30":{"name":"(anonymous_30)","decl":{"start":{"line":543,"column":18},"end":{"line":543,"column":19}},"loc":{"start":{"line":543,"column":25},"end":{"line":546,"column":3}},"line":543},"31":{"name":"(anonymous_31)","decl":{"start":{"line":553,"column":15},"end":{"line":553,"column":16}},"loc":{"start":{"line":553,"column":34},"end":{"line":571,"column":3}},"line":553},"32":{"name":"(anonymous_32)","decl":{"start":{"line":562,"column":21},"end":{"line":562,"column":22}},"loc":{"start":{"line":562,"column":29},"end":{"line":562,"column":146}},"line":562},"33":{"name":"(anonymous_33)","decl":{"start":{"line":565,"column":20},"end":{"line":565,"column":21}},"loc":{"start":{"line":565,"column":27},"end":{"line":569,"column":5}},"line":565}},"branchMap":{"0":{"loc":{"start":{"line":18,"column":4},"end":{"line":18,"column":25}},"type":"binary-expr","locations":[{"start":{"line":18,"column":4},"end":{"line":18,"column":19}},
[...]
lumn":2},"end":{"line":222,"column":16}},"172":{"start":{"line":225,"column":0},"end":{"line":225,"column":73}}},"fnMap":{"0":{"name":"tvaBreakdown","decl":{"start":{"line":11,"column":9},"end":{"line":11,"column":21}},"loc":{"start":{"line":11,"column":29},"end":{"line":24,"column":1}},"line":11},"1":{"name":"(anonymous_1)","decl":{"start":{"line":13,"column":16},"end":{"line":13,"column":17}},"loc":{"start":{"line":13,"column":21},"end":{"line":18,"column":3}},"line":13},"2":{"name":"(anonymous_2)","decl":{"start":{"line":19,"column":33},"end":{"line":19,"column":34}},"loc":{"start":{"line":19,"column":52},"end":{"line":23,"column":3}},"line":19},"3":{"name":"buildInvoiceXML","decl":{"start":{"line":26,"column":9},"end":{"line":26,"column":24}},"loc":{"start":{"line":26,"column":63},"end":{"line":201,"column":1}},"line":26},"4":{"name":"(anonymous_4)","decl":{"start":{"line":39,"column":32},"end":{"line":39,"column":33}},"loc":{"start":{"line":39,"column":42},"end":{"line":39,"column":80}},"line":39},"5":{"name":"(anonymous_5)","decl":{"start":{"line":151,"column":14},"end":{"line":151,"column":15}},"loc":{"start":{"line":151,"column":19},"end":{"line":166,"column":3}},"line":151},"6":{"name":"(anonymous_6)","decl":{"start":{"line":168,"column":17},"end":{"line":168,"column":18}},"loc":{"start":{"line":168,"column":27},"end":{"line":183,"column":3}},"line":168},"7":{"name":"validateFiscalFields","decl":{"start":{"line":203,"column":9},"end":{"line":203,"column":29}},"loc":{"start":{"line":203,"column":68},"end":{"line":223,"column":1}},"line":203}},"branchMap":{"0":{"loc":{"start":{"line":14,"column":17},"end":{"line":14,"column":44}},"type":"binary-expr","locations":[{"start":{"line":14,"column":17},"end":{"line":14,"column":39}},{"start":{"line":14,"column":43},"end":{"line":14,"column":44}}],"line":14},"1":{"loc":{"start":{"line":15,"column":4},"end":{"line":15,"column":58}},"type":"if","locations":[{"start":{"line":15,"column":4},"end":{"line":15,"column":58}},{"start":{},"end":{}}],"line":15},"2":{"loc":{"start":{"line":16,"column":22},"end":{"line":16,"column":54}},"type":"binary-expr","locations":[{"start":{"line":16,"column":22},"end":{"line":16,"column":49}},{"start":{"line":16,"column":53},"end":{"line":16,"column":54}}],"line":16},"3":{"loc":{"start":{"line":17,"column":25},"end":{"line":17,"column":55}},"type":"binary-expr","locations":[{"start":{"line":17,"column":25},"end":{"line":17,"column":50}},{"start":{"line":17,"column":54},"end":{"line":17,"column":55}}],"line":17},"4":{"loc":{"start":{"line":27,"column":2},"end":{"line":29,"column":3}},"type":"if","locations":[{"start":{"line":27,"column":2},"end":{"line":29,"column":3}},{"start":{},"end":{}}],"line":27},"5":{"loc":{"start":{"line":27,"column":6},"end":{"line":27,"column":37}},"type":"binary-expr","locations":[{"start":{"line":27,"column":6},"end":{"line":27,"column":15}},{"start":{"line":27,"column":19},"end":{"line":27,"column":26}},{"start":{"line":27,"column":30},"end":{"line":27,"column":37}}],"line":27},"6":{"loc":{"start":{"line":31,"column":24},"end":{"line":31,"column":74}},"type":"binary-expr","locations":[{"start":{"line":31,"column":24},"end":{"line":31,"column":47}},{"start":{"line":31,"column":51},"end":{"line":31,"column":74}}],"line":31},"7":{"loc":{"start":{"line":32,"column":15},"end":{"line":34,"column":17}},"type":"binary-expr","locations":[{"start":{"line":32,"column":15},"end":{"line":32,"column":38}},{"start":{"line":32,"column":42},"end":{"line":34,"column":17}}],"line":32},"8":{"loc":{"start":{"line":33,"column":5},"end":{"line":33,"column":26}},"type":"binary-expr","locations":[{"start":{"line":33,"column":5},"end":{"line":33,"column":20}},{"start":{"line":33,"column":24},"end":{"line":33,"column":26}}],"line":33},"9":{"loc":{"start":{"line":33,"column":28},"end":{"line":33,"column":56}},"type":"binary-expr","locations":[{"start":{"line":33,"column":28},"end":{"line":33,"column":50}},{"start":{"line":33,"column":54},"end":{"line":33,"column":56}}],"line":33},"10":{"loc":{"start":{"line":33,"column":65},"end":{"line":33,"column":84}},"type":"binary-expr","locations":[{"start":{"line":33,"column":65},"end":{"line":33,"column":79}},{"start":{"line":33,"column":83},"end":{"line":33,"column":84}}],"line":33},"11":{"loc":{"start":{"line":33,"column":87},"end":{"line":33,"column":103}},"type":"binary-expr","locations":[{"start":{"line":33,"column":87},"end":{"line":33,"column":97}},{"start":{"line":33,"column":101},"end":{"line":33,"column":103}}],"line":33},"12":{"loc":{"start":{"line":39,"column":47},"end":{"line":39,"column":79}},"type":"binary-expr","locations":[{"start":{"line":39,"column":47},"end":{"line":39,"column":74}},{"start":{"line":39,"column":78},"end":{"line":39,"column":79}}],"line":39},"13":{"loc":{"start":{"line":40,"column":19},"end":{"line":40,"column":50}},"type":"binary-expr","locations":[{"start":{"line":40,"column":19},"end":{"line":40,"column":45}},{"start":{"line":40,"column":49},"end":{"line":40,"column":50}}],"line":40},"14":{"loc":{"start":{"line":41,"column":22},"end":{"line":41,"column":62}},"type":"binary-expr","locations":[{"start":{"line":41,"column":22},"end":{"line":41,"column":57}},{"start":{"line":41,"column":61},"end":{"line":41,"column":62}}],"line":41},"15":{"loc":{"start":{"line":43,"column":16},"end":{"line":43,"column":78}},"type":"binary-expr","locations":[{"start":{"line":43,"column":16},"end":{"line":43,"column":22}},{"start":{"line":43,"column":27},"end":{"line":43,"column":37}},{"start":{"line":43,"column":41},"end":{"line":43,"column":57}},{"start":{"line":43,"column":61},"end":{"line":43,"column":77}}],"line":43},"16":{"loc":{"start":{"line":44,"column":20},"end":{"line":44,"column":58}},"type":"cond-expr","locations":[{"start":{"line":44,"column":43},"end":{"line":44,"column":53}},{"start":{"line":44,"column":56},"end":{"line":44,"column":58}}],"line":44},"17":{"loc":{"start":{"line":44,"column":20},"end":{"line":44,"column":40}},"type":"binary-expr","locations":[{"start":{"line":44,"column":20},"end":{"line":44,"column":26}},{"start":{"line":44,"column":30},"end":{"line":44,"column":40}}],"line":44},"18":{"loc":{"start":{"line":45,"column":19},"end":{"line":45,"column":69}},"type":"cond-expr","locations":[{"start":{"line":45,"column":48},"end":{"line":45,"column":64}},{"start":{"line":45,"column":67},"end":{"line":45,"column":69}}],"line":45},"19":{"loc":{"start":{"line":45,"column":19},"end":{"line":45,"column":45}},"type":"binary-expr","locations":[{"start":{"line":45,"column":19},"end":{"line":45,"column":25}},{"start":{"line":45,"column":29},"end":{"line":45,"column":45}}],"line":45},"20":{"loc":{"start":{"line":46,"column":19},"end":{"line":46,"column":69}},"type":"cond-expr","locations":[{"start":{"line":46,"column":48},"end":{"line":46,"column":64}},{"start":{"line":46,"column":67},"end":{"line":46,"column":69}}],"line":46},"21":{"loc":{"start":{"line":46,"column":19},"end":{"line":46,"column":45}},"type":"binary-expr","locations":[{"start":{"line":46,"column":19},"end":{"line":46,"column":25}},{"start":{"line":46,"column":29},"end":{"line":46,"column":45}}],"line":46},"22":{"loc":{"start":{"line":47,"column":20},"end":{"line":47,"column":111}},"type":"cond-expr","locations":[{"start":{"line":47,"column":30},"end":{"line":47,"column":65}},{"start":{"line":47,"column":70},"end":{"line":47,"column":110}}],"line":47},"23":{"loc":{"start":{"line":47,"column":30},"end":{"line":47,"column":65}},"type":"binary-expr","locations":[{"start":{"line":47,"column":30},"end":{"line":47,"column":51}},{"start":{"line":47,"column":55},"end":{"line":47,"column":65}}],"line":47},"24":{"loc":{"start":{"line":47,"column":70},"end":{"line":47,"column":110}},"type":"binary-expr","locations":[{"start":{"line":47,"column":70},"end":{"line":47,"column":89}},{"start":{"line":47,"column":93},"end":{"line":47,"column":110}}],"line":47},"25":{"loc":{"start":{"line":48,"column":24},"end":{"line":48,"column":60}},"type":"cond-expr","locations":[{"start":{"line":48,"column":34},"end":{"line":48,"column":54}},{"start":{"line":48,"column":58},"end":{"line":48,"column":60}}],"line":48},"26":{"loc":{"start":{"line":48,"column":34},"end":{"line":48,"column":54}},"type":"binary-expr","locations":[{"start":{"line":48,"column":34},"end":{"line":48,"column":48}},{"start":{"line":48,"column":52},"end":{"line":48,"column":54}}],"line":48},"27":{"loc":{"start":{"line":64,"column":33},"end":{"line":64,"column":83}},"type":"binary-expr","locations":[{"start":{"line":64,"column":33},"end":{"line":64,"column":55}},{"start":{"line":64,"column":59},"end":{"line":64,"column":83}}],"line":64},"28":{"loc":{"start":{"line":65,"column":32},"end":{"line":65,"column":127}},"type":"binary-expr","locations":[{"start":{"line":65,"column":32},"end":{"line":65,"column":113}},{"start":{"line":65,"column":117},"end":{"line":65,"column":127}}],"line":65},"29":{"loc":{"start":{"line":65,"column":33},"end":{"line":65,"column":83}},"type":"binary-expr","locations":[{"start":{"line":65,"column":33},"end":{"line":65,"column":55}},{"start":{"line":65,"column":59},"end":{"line":65,"column":83}}],"line":65},"30":{"loc":{"start":{"line":66,"column":63},"end":{"line":66,"column":114}},"type":"cond-expr","locations":[{"start":{"line":66,"column":95},"end":{"line":66,"column":102}},{"start":{"line":66,"column":105},"end":{"line":66,"column":114}}],"line":66},"31":{"loc":{"start":{"line":67,"column":9},"end":{"line":67,"column":54}},"type":"cond-expr","locations":[{"start":{"line":67,"column":41},"end":{"line":67,"column":46}},{"start":{"line":67,"column":49},"end":{"line":67,"column":54}}],"line":67},"32":{"loc":{"start":{"line":80,"column":47},"end":{"line":80,"column":63}},"type":"binary-expr","locations":[{"start":{"line":80,"column":47},"end":{"line":80,"column":57}},{"start":{"line":80,"column":61},"end":{"line":80,"column":63}}],"line":80},"33":{"loc":{"start":{"line":82,"column":2},"end":{"line":86,"column":3}},"type":"if","locations":[{"start":{"line":82,"column":2},"end":{"line":86,"column":3}},{"start":{},"end":{}}],"line":82},"34":{"loc":{"start":{"line":87,"column":2},"end":{"line":91,"column":3}},"type":"if","locations":[{"start":{"line":87,"column":2},"end":{"line":91,"column":3}},{"start":{},"end":{}}],"line":87},"35":{"loc":{"start":{"line":92,"column":2},"end":{"line":96,"column":3}},"type":"if","locations":[{"start":{"line":92,"column":2},"end":{"line":96,"column":3}},{"start":{},"end":{}}],"line":92},"36":{"loc":{"start":{"line":98,"column":30},"end":{"line":98,"column":80}},"type":"binary-expr","locations":[{"start":{"line":98,"column":30},"end":{"line":98,"column":51}},{"start":{"line":98,"column":55},"end":{"line":98,"column":74}},{"start":{"line":98,"column":78},"end":{"line":98,"column":80}}],"line":98},"37":{"loc":{"start":{"line":101,"column":36},"end":{"line":101,"column":56}},"type":"binary-expr","locations":[{"start":{"line":101,"column":36},"end":{"line":101,"column":50}},{"start":{"line":101,"column":54},"end":{"line":101,"column":56}}],"line":101},"38":{"loc":{"start":{"line":109,"column":38},"end":{"line":109,"column":60}},"type":"binary-expr","locations":[{"start":{"line":109,"column":38},"end":{"line":109,"column":54}},{"start":{"line":109,"column":58},"end":{"line":109,"column":60}}],"line":109},"39":{"loc":{"start":{"line":116,"column":2},"end":{"line":147,"column":3}},"type":"if","locations":[{"start":{"line":116,"column":2},"end":{"line":147,"column":3}},{"start":{"line":140,"column":9},"end":{"line":147,"column":3}}],"line":116},"40":{"loc":{"start":{"line":117,"column":4},"end":{"line":121,"column":5}},"type":"if","locations":[{"start":{"line":117,"column":4},"end":{"line":121,"column":5}},{"start":{},"end":{}}],"line":117},"41":{"loc":{"start":{"line":122,"column":4},"end":{"line":126,"column":5}},"type":"if","locations":[{"start":{"line":122,"column":4},"end":{"line":126,"column":5}},{"start":{},"end":{}}],"line":122},"42":{"loc":{"start":{"line":127,"column":4},"end":{"line":131,"column":5}},"type":"if","locations":[{"start":{"line":127,"column":4},"end":{"line":131,"column":5}},{"start":{},"end":{}}],"line":127},"43":{"loc":{"start":{"line":171,"column":69},"end":{"line":171,"column":96}},"type":"binary-expr","locations":[{"start":{"line":171,"column":69},"end":{"line":171,"column":91}},{"start":{"line":171,"column":95},"end":{"line":171,"column":96}}],"line":171},"44":{"loc":{"start":{"line":172,"column":68},"end":{"line":172,"column":100}},"type":"binary-expr","locations":[{"start":{"line":172,"column":68},"end":{"line":172,"column":95}},{"start":{"line":172,"column":99},"end":{"line":172,"column":100}}],"line":172},"45":{"loc":{"start":{"line":175,"column":29},"end":{"line":175,"column":48}},"type":"binary-expr","locations":[{"start":{"line":175,"column":29},"end":{"line":175,"column":42}},{"start":{"line":175,"column":46},"end":{"line":175,"column":48}}],"line":175},"46":{"loc":{"start":{"line":179,"column":61},"end":{"line":179,"column":96}},"type":"binary-expr","locations":[{"start":{"line":179,"column":61},"end":{"line":179,"column":91}},{"start":{"line":179,"column":95},"end":{"line":179,"column":96}}],"line":179},"47":{"loc":{"start":{"line":187,"column":2},"end":{"line":189,"column":3}},"type":"if","locations":[{"start":{"line":187,"column":2},"end":{"line":189,"column":3}},{"start":{},"end":{}}],"line":187},"48":{"loc":{"start":{"line":206,"column":2},"end":{"line":206,"column":60}},"type":"if","locations":[{"start":{"line":206,"column":2},"end":{"line":206,"column":60}},{"start":{},"end":{}}],"line":206},"49":{"loc":{"start":{"line":207,"column":2},"end":{"line":207,"column":95}},"type":"if","locations":[{"start":{"line":207,"column":2},"end":{"line":207,"column":95}},{"start":{},"end":{}}],"line":207},"50":{"loc":{"start":{"line":208,"column":2},"end":{"line":208,"column":96}},"type":"if","locations":[{"start":{"line":208,"column":2},"end":{"line":208,"column":96}},{"start":{},"end":{}}],"line":208},"51":{"loc":{"start":{"line":209,"column":2},"end":{"line":209,"column":85}},"type":"if","locations":[{"start":{"line":209,"column":2},"end":{"line":209,"column":85}},{"start":{},"end":{}}],"line":209},"52":{"loc":{"start":{"line":210,"column":2},"end":{"line":210,"column":107}},"type":"if","locations":[{"start":{"line":210,"column":2},"end":{"line":210,"column":107}},{"start":{},"end":{}}],"line":210},"53":{"loc":{"start":{"line":210,"column":6},"end":{"line":210,"column":52}},"type":"binary-expr","locations":[{"start":{"line":210,"column":6},"end":{"line":210,"column":28}},{"start":{"line":210,"column":32},"end":{"line":210,"column":52}}],"line":210},"54":{"loc":{"start":{"line":211,"column":2},"end":{"line":211,"column":77}},"type":"if","locations":[{"start":{"line":211,"column":2},"end":{"line":211,"column":77}},{"start":{},"end":{}}],"line":211},"55":{"loc":{"start":{"line":213,"column":2},"end":{"line":213,"column":55}},"type":"if","locations":[{"start":{"line":213,"column":2},"end":{"line":213,"column":55}},{"start":{},"end":{}}],"line":213},"56":{"loc":{"start":{"line":214,"column":2},"end":{"line":214,"column":79}},"type":"if","locations":[{"start":{"line":214,"column":2},"end":{"line":214,"column":79}},{"start":{},"end":{}}],"line":214},"57":{"loc":{"start":{"line":214,"column":6},"end":{"line":214,"column":36}},"type":"binary-expr","locations":[{"start":{"line":214,"column":6},"end":{"line":214,"column":13}},{"start":{"line":214,"column":17},"end":{"line":214,"column":36}}],"line":214},"58":{"loc":{"start":{"line":216,"column":2},"end":{"line":220,"column":3}},"type":"if","locations":[{"start":{"line":216,"column":2},"end":{"line":220,"column":3}},{"start":{},"end":{}}],"line":216},"59":{"loc":{"start":{"line":217,"column":4},"end":{"line":219,"column":5}},"type":"if","locations":[{"start":{"line":217,"column":4},"end":{"line":219,"column":5}},{"start":{},"end":{}}],"line":217},"60":{"loc":{"start":{"line":217,"column":8},"end":{"line":217,"column":50}},"type":"binary-expr","locations":[{"start":{"line":217,"column":8},"end":{"line":217,"column":18}},{"start":{"line":217,"column":22},"end":{"line":217,"column":50}}],"line":217}},"s":{"0":9,"1":9,"2":9,"3":9,"4":9,"5":9,"6":9,"7":9,"8":5,"9":5,"10":9,"11":9,"12":8,"13":9,"14":9,"15":5,"16":8,"17":4,"18":0,"19":4,"20":4,"21":4,"22":4,"23":4,"24":5,"25":4,"26":4,"27":4,"28":4,"29":4,"30":4,"31":4,"32":4,"33":4,"34":4,"35":4,"36":4,"37":4,"38":4,"39":4,"40":4,"41":4,"42":4,"43":4,"44":4,"45":4,"46":4,"47":4,"48":4,"49":4,"50":4,"51":4,"52":4,"53":4,"54":4,"55":4,"56":4,"57":4,"58":4,"59":4,"60":4,"61":4,"62":4,"63":4,"64":4,"65":4,"66":4,"67":4,"68":4,"69":4,"70":4,"71":4,"72":4,"73":4,"74":4,"75":4,"76":4,"77":4,"78":4,"79":4,"80":4,"81":4,"82":4,"83":1,"84":1,"85":1,"86":1,"87":1,"88":1,"89":1,"90":1,"91":1,"92":1,"93":1,"94":1,"95":1,"96":1,"97":1,"98":1,"99":1,"100":1,"101":1,"102":1,"103":3,"104":3,"105":3,"106":3,"107":3,"108":3,"109":4,"110":4,"111":4,"112":5,"113":5,"114":5,"115":5,"116":5,"117":5,"118":5,"119":5,"120":5,"121":5,"122":5,"123":5,"124":5,"125":5,"126":4,"127":5,"128":5,"129":5,"130":5,"131":5,"132":5,"133":5,"134":5,"135":5,"136":5,"137":5,"138":4,"139":4,"140":4,"141":0,"142":4,"143":4,"144":4,"145":4,"146":4,"147":4,"148":4,"149":4,"150":4,"151":4,"152":4,"153":1,"154":4,"155":1,"156":4,"157":1,"158":4,"159":1,"160":4,"161":1,"162":4,"163":1,"164":4,"165":1,"166":4,"167":1,"168":4,"169":0,"170":0,"171":4,"172":9},"f":{"0":5,"1":9,"2":8,"3":4,"4":5,"5":5,"6":5,"7":4},"b":{"0":[9,1],"1":[8,1],"2":[9,0],"3":[9,1],"4":[0,4],"5":[4,4,4],"6":[4,0],"7":[4,0],"8":[0,0],"9":[0,0],"10":[0,0],"11":[0,0],"12":[5,0],"13":[4,0],"14":[4,4],"15":[4,2,1,1],"16":[1,3],"17":[4,2],"18":[1,3],"19":[4,2],"20":[1,3],"21":[4,2],"22":[2,2],"23":[2,1],"24":[2,2],"25":[2,2],"26":[2,1],"27":[4,0],"28":[4,1],"29":[4,0],"30":[0,4],"31":[0,4],"32":[4,0],"33":[4,0],"34":[4,0],"35":[4,0],"36":[4,0,0],"37":[4,0],"38":[4,0],"39":[1,3],"40":[1,0],"41":[1,0],"42":[1,0],"43":[5,0],"44":[5,0],"45":[5,0],"46":[5,0],"47":[0,4],"48":[1,3],"49":[1,3],"50":[1,3],"51":[1,3],"52":[1,3],"53":[4,1],"54":[1,3],"55":[1,3],"56":[1,3],"57":[4,4],"58":[0,4],"59":[0,0],"60":[0,0]},"_coverageSchema":"1a1c01bbd47fc00a2c39e90264f33305004495a9","hash":"99f868bec891e03fe100f048c93a987633a8c9e7"}
,"C:\\devzone\\ritajposnw\\server\\utils\\sanitize.js": {"path":"C:\\devzone\\ritajposnw\\server\\utils\\sanitize.js","statementMap":{"0":{"start":{"line":2,"column":2},"end":{"line":2,"column":29}},"1":{"start":{"line":2,"column":19},"end":{"line":2,"column":29}},"2":{"start":{"line":3,"column":17},"end":{"line":3,"column":19}},"3":{"start":{"line":4,"column":2},"end":{"line":8,"column":3}},"4":{"start":{"line":5,"column":4},"end":{"line":7,"column":5}},"5":{"start":{"line":6,"column":6},"end":{"line":6,"column":29}},"6":{"start":{"line":9,"column":2},"end":{"line":9,"column":16}},"7":{"start":{"line":12,"column":0},"end":{"line":12,"column":34}}},"fnMap":{"0":{"name":"filterFields","decl":{"start":{"line":1,"column":9},"end":{"line":1,"column":21}},"loc":{"start":{"line":1,"column":40},"end":{"line":10,"column":1}},"line":1}},"branchMap":{"0":{"loc":{"start":{"line":2,"column":2},"end":{"line":2,"column":29}},"type":"if","locations":[{"start":{"line":2,"column":2},"end":{"line":2,"column":29}},{"start":{},"end":{}}],"line":2},"1":{"loc":{"start":{"line":5,"column":4},"end":{"line":7,"column":5}},"type":"if","locations":[{"start":{"line":5,"column":4},"end":{"line":7,"column":5}},{"start":{},"end":{}}],"line":5},"2":{"loc":{"start":{"line":5,"column":8},"end":{"line":5,"column":44}},"type":"binary-expr","locations":[{"start":{"line":5,"column":8},"end":{"line":5,"column":18}},{"start":{"line":5,"column":22},"end":{"line":5,"column":44}}],"line":5}},"s":{"0":9,"1":2,"2":7,"3":7,"4":288,"5":19,"6":7,"7":10},"f":{"0":9},"b":{"0":[2,7],"1":[19,269],"2":[288,20]},"_coverageSchema":"1a1c01bbd47fc00a2c39e90264f33305004495a9","hash":"318c559fbf4f3bfeddc9ce56700a81815a80cfe7"}
}
