TN:
SF:business-profiles.js
FN:448,getProfilesList
FN:449,(anonymous_1)
FN:457,(anonymous_2)
FN:466,getProfile
FNF:4
FNH:1
FNDA:0,getProfilesList
FNDA:0,(anonymous_1)
FNDA:0,(anonymous_2)
FNDA:18,getProfile
DA:9,9
DA:449,0
DA:457,0
DA:467,18
DA:470,9
LF:5
LH:3
BRDA:467,0,0,18
BRDA:467,0,1,0
BRF:2
BRH:1
end_of_record
TN:
SF:config.js
FN:22,(anonymous_0)
FNF:1
FNH:0
FNDA:0,(anonymous_0)
DA:7,9
DA:9,9
DA:11,9
DA:22,0
DA:31,9
DA:32,0
DA:33,0
DA:37,9
DA:38,0
DA:41,9
LF:10
LH:6
BRDA:13,0,0,9
BRDA:13,0,1,0
BRDA:14,1,0,9
BRDA:14,1,1,0
BRDA:18,2,0,9
BRDA:18,2,1,0
BRDA:21,3,0,0
BRDA:21,3,1,9
BRDA:26,4,0,9
BRDA:26,4,1,0
BRDA:27,5,0,9
BRDA:27,5,1,0
BRDA:31,6,0,0
BRDA:31,6,1,9
BRDA:37,7,0,0
BRDA:37,7,1,9
BRDA:37,8,0,9
BRDA:37,8,1,9
BRF:18
BRH:10
end_of_record
TN:
SF:db.js
FN:31,getDb
FN:65,(anonymous_1)
FN:87,resetDb
FN:97,queryAll
FN:107,queryOne
FN:117,run
FN:131,(anonymous_6)
FN:136,runTransaction
FN:140,(anonymous_8)
FN:156,createBackup
FN:183,rotateBackups
FN:185,(anonymous_11)
FN:198,createArchiveBackup
FN:226,listBackups
FN:233,(anonymous_14)
FN:247,(anonymous_15)
FN:260,verifyBackupIntegrity
FN:275,restoreLatestBackup
FN:284,(anonymous_18)
FN:316,isRecoveryMode
FN:318,disableRecoveryMode
FN:326,logAudit
FN:340,createTables
FN:623,(anonymous_23)
FN:681,seedInitialData
FN:751,(anonymous_25)
FN:759,applyBusinessProfile
FN:769,(anonymous_27)
FN:895,isSetupCompleted
FNF:29
FNH:14
FNDA:11,getDb
FNDA:0,(anonymous_1)
FNDA:9,resetDb
FNDA:46,queryAll
FNDA:106,queryOne
FNDA:145,run
FNDA:5,(anonymous_6)
FNDA:0,runTransaction
FNDA:0,(anonymous_8)
FNDA:0,createBackup
FNDA:0,rotateBackups
FNDA:0,(anonymous_11)
FNDA:0,createArchiveBackup
FNDA:9,listBackups
FNDA:756,(anonymous_14)
FNDA:0,(anonymous_15)
FNDA:0,verifyBackupIntegrity
FNDA:0,restoreLatestBackup
FNDA:0,(anonymous_18)
FNDA:0,isRecoveryMode
FNDA:0,disableRecoveryMode
FNDA:70,logAudit
FNDA:9,createTables
FNDA:9,(anonymous_23)
FNDA:0,seedInitialData
FNDA:0,(anonymous_25)
FNDA:9,applyBusinessProfile
FNDA:9,(anonymous_27)
FNDA:10,isSetupCompleted
DA:8,9
DA:9,9
DA:10,9
DA:11,9
DA:12,9
DA:13,9
DA:15,9
DA:16,9
DA:19,9
DA:20,9
DA:21,9
DA:22,9
DA:32,11
DA:34,9
DA:36,9
DA:38,9
DA:39,9
DA:40,9
DA:43,9
DA:45,9
DA:48,9
DA:49,9
DA:51,9
DA:52,9
DA:53,9
DA:56,9
DA:58,9
DA:59,0
DA:64,9
DA:65,9
DA:66,0
DA:69,9
DA:72,0
DA:73,0
DA:77,0
DA:78,0
DA:79,0
DA:80,0
DA:81,0
DA:83,0
DA:88,9
DA:89,9
DA:90,9
DA:91,9
DA:98,46
DA:99,46
DA:100,46
DA:102,0
DA:103,0
DA:108,106
DA:109,106
DA:110,106
DA:112,0
DA:113,0
DA:118,145
DA:119,145
DA:120,145
DA:121,145
DA:126,0
DA:127,0
DA:131,9
DA:132,5
DA:133,5
DA:137,0
DA:140,0
DA:141,0
DA:142,0
DA:143,0
DA:144,0
DA:146,0
DA:147,0
DA:150,0
DA:157,0
DA:158,0
DA:159,0
DA:160,0
DA:161,0
DA:163,0
DA:164,0
DA:165,0
DA:167,0
DA:169,0
DA:170,0
DA:171,0
DA:172,0
DA:173,0
DA:174,0
DA:176,0
DA:177,0
DA:179,0
DA:184,0
DA:185,0
DA:187,0
DA:188,0
DA:189,0
DA:190,0
DA:191,0
DA:192,0
DA:199,0
DA:200,0
DA:201,0
DA:202,0
DA:203,0
DA:204,0
DA:206,0
DA:207,0
DA:208,0
DA:209,0
DA:211,0
DA:213,0
DA:214,0
DA:215,0
DA:216,0
DA:217,0
DA:219,0
DA:220,0
DA:222,0
DA:228,9
DA:229,9
DA:233,756
DA:234,9
DA:235,378
DA:236,378
DA:237,378
DA:241,378
DA:242,18
DA:243,0
DA:245,9
DA:246,9
DA:247,0
DA:248,0
DA:249,0
DA:250,0
DA:251,0
DA:257,9
DA:261,0
DA:262,0
DA:263,0
DA:265,0
DA:266,0
DA:267,0
DA:269,0
DA:282,0
DA:283,0
DA:284,0
DA:286,0
DA:287,0
DA:289,0
DA:290,0
DA:291,0
DA:293,0
DA:294,0
DA:297,0
DA:300,0
DA:301,0
DA:302,0
DA:304,0
DA:305,0
DA:307,0
DA:309,0
DA:310,0
DA:316,0
DA:319,0
DA:320,0
DA:327,70
DA:331,70
DA:332,70
DA:334,0
DA:342,9
DA:623,9
DA:624,9
DA:625,171
DA:629,9
DA:674,9
DA:675,378
DA:682,0
DA:683,0
DA:685,0
DA:686,0
DA:687,0
DA:689,0
DA:690,0
DA:693,0
DA:750,0
DA:751,0
DA:752,0
DA:753,0
DA:756,0
DA:760,9
DA:761,9
DA:763,9
DA:766,9
DA:769,9
DA:771,9
DA:778,9
DA:779,144
DA:781,144
DA:782,144
DA:784,0
DA:789,9
DA:799,9
DA:800,9
DA:809,9
DA:810,9
DA:814,9
DA:815,9
DA:816,45
DA:820,9
DA:821,9
DA:822,9
DA:823,63
DA:824,63
DA:828,9
DA:829,9
DA:831,9
DA:832,63
DA:833,63
DA:834,63
DA:835,414
DA:836,414
DA:837,414
DA:838,414
DA:839,414
DA:844,9
DA:845,9
DA:846,9
DA:847,414
DA:851,9
DA:864,9
DA:865,9
DA:866,9
DA:867,9
DA:868,72
DA:871,9
DA:873,9
DA:874,9
DA:875,423
DA:881,9
DA:882,9
DA:884,0
DA:885,0
DA:886,0
DA:889,9
DA:891,9
DA:892,9
DA:896,10
DA:897,10
DA:898,10
DA:899,10
DA:901,0
DA:905,9
LF:251
LH:127
BRDA:15,0,0,9
BRDA:15,0,1,0
BRDA:32,1,0,2
BRDA:32,1,1,9
BRDA:45,2,0,9
BRDA:45,2,1,0
BRDA:51,3,0,9
BRDA:51,3,1,0
BRDA:51,4,0,9
BRDA:51,4,1,9
BRDA:58,5,0,0
BRDA:58,5,1,9
BRDA:64,6,0,0
BRDA:64,6,1,9
BRDA:66,7,0,0
BRDA:66,7,1,0
BRDA:77,8,0,0
BRDA:77,8,1,0
BRDA:77,9,0,0
BRDA:77,9,1,0
BRDA:88,10,0,9
BRDA:88,10,1,0
BRDA:89,11,0,9
BRDA:89,11,1,0
BRDA:97,12,0,16
BRDA:98,13,0,0
BRDA:98,13,1,46
BRDA:107,14,0,2
BRDA:108,15,0,0
BRDA:108,15,1,106
BRDA:117,16,0,0
BRDA:118,17,0,0
BRDA:118,17,1,145
BRDA:132,18,0,0
BRDA:132,18,1,5
BRDA:137,19,0,0
BRDA:137,19,1,0
BRDA:143,20,0,0
BRDA:143,20,1,0
BRDA:146,21,0,0
BRDA:146,21,1,0
BRDA:156,22,0,0
BRDA:157,23,0,0
BRDA:157,23,1,0
BRDA:158,24,0,0
BRDA:158,24,1,0
BRDA:161,25,0,0
BRDA:161,25,1,0
BRDA:173,26,0,0
BRDA:173,26,1,0
BRDA:185,27,0,0
BRDA:185,27,1,0
BRDA:191,28,0,0
BRDA:191,28,1,0
BRDA:199,29,0,0
BRDA:199,29,1,0
BRDA:200,30,0,0
BRDA:200,30,1,0
BRDA:204,31,0,0
BRDA:204,31,1,0
BRDA:229,32,0,0
BRDA:229,32,1,9
BRDA:241,33,0,360
BRDA:241,33,1,18
BRDA:242,34,0,18
BRDA:242,34,1,0
BRDA:246,35,0,0
BRDA:246,35,1,9
BRDA:263,36,0,0
BRDA:263,36,1,0
BRDA:263,37,0,0
BRDA:263,37,1,0
BRDA:286,38,0,0
BRDA:286,38,1,0
BRDA:290,39,0,0
BRDA:290,39,1,0
BRDA:294,40,0,0
BRDA:294,40,1,0
BRDA:332,41,0,70
BRDA:332,41,1,19
BRDA:332,42,0,70
BRDA:332,42,1,0
BRDA:332,43,0,70
BRDA:332,43,1,0
BRDA:332,44,0,70
BRDA:332,44,1,28
BRDA:332,45,0,70
BRDA:332,45,1,0
BRDA:683,46,0,0
BRDA:683,46,1,0
BRDA:685,47,0,0
BRDA:685,47,1,0
BRDA:761,48,0,0
BRDA:761,48,1,9
BRDA:782,49,0,126
BRDA:782,49,1,18
BRDA:791,50,0,9
BRDA:791,50,1,0
BRDA:792,51,0,9
BRDA:792,51,1,0
BRDA:793,52,0,9
BRDA:793,52,1,9
BRDA:794,53,0,9
BRDA:794,53,1,0
BRDA:795,54,0,9
BRDA:795,54,1,0
BRDA:799,55,0,9
BRDA:799,55,1,0
BRDA:802,56,0,9
BRDA:802,56,1,0
BRDA:803,57,0,9
BRDA:803,57,1,0
BRDA:804,58,0,9
BRDA:804,58,1,0
BRDA:833,59,0,0
BRDA:833,59,1,63
BRDA:835,60,0,414
BRDA:835,60,1,0
BRDA:837,61,0,414
BRDA:837,61,1,0
BRDA:854,62,0,9
BRDA:854,62,1,0
BRDA:855,63,0,9
BRDA:855,63,1,0
BRDA:856,64,0,9
BRDA:856,64,1,0
BRDA:857,65,0,9
BRDA:857,65,1,0
BRDA:858,66,0,9
BRDA:858,66,1,9
BRDA:864,67,0,9
BRDA:864,67,1,0
BRDA:865,68,0,9
BRDA:865,68,1,0
BRDA:866,69,0,9
BRDA:866,69,1,0
BRDA:868,70,0,36
BRDA:868,70,1,36
BRDA:871,71,0,9
BRDA:871,71,1,0
BRDA:896,72,0,0
BRDA:896,72,1,10
BRDA:899,73,0,10
BRDA:899,73,1,1
BRF:144
BRH:60
end_of_record
TN:
SF:facture.js
FN:16,generateHash
FN:34,genererNumeroFacture
FN:43,genererNumeroAvoir
FN:59,genererFacturePDF
FN:76,(anonymous_4)
FN:77,(anonymous_5)
FN:107,drawLine
FN:122,(anonymous_7)
FN:209,(anonymous_8)
FN:248,totalLine
FN:256,(anonymous_10)
FN:261,(anonymous_11)
FN:270,(anonymous_12)
FN:270,(anonymous_13)
FN:334,genererFactureJSON
FN:340,(anonymous_15)
FN:371,(anonymous_16)
FN:382,(anonymous_17)
FN:383,(anonymous_18)
FN:406,genererFactureBatchPDF
FN:409,(anonymous_20)
FN:444,(anonymous_21)
FN:445,(anonymous_22)
FN:446,(anonymous_23)
FN:473,genererReleveClientPDF
FN:476,(anonymous_25)
FN:493,(anonymous_26)
FN:509,genererRapportPDF
FN:512,(anonymous_28)
FN:528,(anonymous_29)
FN:543,(anonymous_30)
FN:553,(anonymous_31)
FN:562,(anonymous_32)
FN:565,(anonymous_33)
FNF:34
FNH:18
FNDA:9,generateHash
FNDA:3,genererNumeroFacture
FNDA:1,genererNumeroAvoir
FNDA:1,genererFacturePDF
FNDA:10,(anonymous_4)
FNDA:6,(anonymous_5)
FNDA:5,drawLine
FNDA:1,(anonymous_7)
FNDA:1,(anonymous_8)
FNDA:4,totalLine
FNDA:1,(anonymous_10)
FNDA:1,(anonymous_11)
FNDA:0,(anonymous_12)
FNDA:1,(anonymous_13)
FNDA:2,genererFactureJSON
FNDA:2,(anonymous_15)
FNDA:2,(anonymous_16)
FNDA:2,(anonymous_17)
FNDA:2,(anonymous_18)
FNDA:0,genererFactureBatchPDF
FNDA:0,(anonymous_20)
FNDA:0,(anonymous_21)
FNDA:0,(anonymous_22)
FNDA:0,(anonymous_23)
FNDA:0,genererReleveClientPDF
FNDA:0,(anonymous_25)
FNDA:0,(anonymous_26)
FNDA:0,genererRapportPDF
FNDA:0,(anonymous_28)
FNDA:0,(anonymous_29)
FNDA:0,(anonymous_30)
FNDA:0,(anonymous_31)
FNDA:0,(anonymous_32)
FNDA:0,(anonymous_33)
DA:6,10
DA:7,10
DA:17,9
DA:23,9
DA:35,3
DA:36,3
DA:44,1
DA:45,1
DA:60,1
DA:71,1
DA:72,1
DA:73,1
DA:76,10
DA:77,6
DA:79,1
DA:83,1
DA:86,1
DA:88,1
DA:89,1
DA:92,1
DA:93,1
DA:94,1
DA:95,1
DA:96,1
DA:97,1
DA:99,1
DA:100,1
DA:103,1
DA:108,5
DA:112,5
DA:115,1
DA:120,1
DA:121,1
DA:122,1
DA:123,1
DA:124,1
DA:127,1
DA:128,1
DA:129,1
DA:131,1
DA:133,1
DA:136,1
DA:137,1
DA:140,1
DA:144,1
DA:145,1
DA:147,1
DA:148,1
DA:149,1
DA:152,1
DA:156,1
DA:157,0
DA:158,0
DA:159,0
DA:160,0
DA:161,0
DA:162,0
DA:163,0
DA:164,1
DA:165,0
DA:167,0
DA:170,1
DA:174,1
DA:185,1
DA:186,1
DA:188,1
DA:189,1
DA:190,1
DA:191,1
DA:192,1
DA:193,1
DA:194,1
DA:195,1
DA:196,1
DA:197,1
DA:198,1
DA:199,1
DA:200,1
DA:201,1
DA:202,1
DA:204,1
DA:207,1
DA:209,1
DA:210,1
DA:212,1
DA:213,0
DA:214,0
DA:218,1
DA:219,1
DA:222,1
DA:223,1
DA:224,1
DA:225,1
DA:226,1
DA:227,1
DA:228,1
DA:229,1
DA:230,1
DA:231,1
DA:232,1
DA:233,1
DA:234,1
DA:235,1
DA:236,1
DA:237,1
DA:239,1
DA:242,1
DA:246,1
DA:249,4
DA:250,4
DA:251,4
DA:252,4
DA:256,1
DA:257,1
DA:260,1
DA:261,1
DA:262,1
DA:263,1
DA:264,1
DA:265,1
DA:266,1
DA:270,1
DA:271,1
DA:275,1
DA:278,1
DA:279,0
DA:282,1
DA:285,1
DA:287,1
DA:291,1
DA:293,1
DA:298,1
DA:299,1
DA:301,1
DA:302,1
DA:304,1
DA:305,1
DA:308,1
DA:312,1
DA:314,1
DA:315,1
DA:319,1
DA:320,1
DA:322,1
DA:323,1
DA:324,1
DA:326,1
DA:335,2
DA:336,2
DA:339,2
DA:340,2
DA:341,2
DA:342,2
DA:343,2
DA:344,2
DA:347,2
DA:371,2
DA:382,2
DA:383,2
DA:407,0
DA:408,0
DA:409,0
DA:412,0
DA:413,0
DA:414,0
DA:415,0
DA:417,0
DA:418,0
DA:419,0
DA:421,0
DA:422,0
DA:423,0
DA:424,0
DA:425,0
DA:426,0
DA:429,0
DA:431,0
DA:432,0
DA:433,0
DA:434,0
DA:435,0
DA:436,0
DA:437,0
DA:439,0
DA:441,0
DA:442,0
DA:444,0
DA:445,0
DA:446,0
DA:447,0
DA:448,0
DA:449,0
DA:450,0
DA:451,0
DA:453,0
DA:454,0
DA:455,0
DA:456,0
DA:458,0
DA:459,0
DA:460,0
DA:461,0
DA:464,0
DA:465,0
DA:467,0
DA:474,0
DA:475,0
DA:476,0
DA:478,0
DA:479,0
DA:480,0
DA:481,0
DA:482,0
DA:484,0
DA:485,0
DA:486,0
DA:487,0
DA:488,0
DA:489,0
DA:490,0
DA:492,0
DA:493,0
DA:494,0
DA:495,0
DA:496,0
DA:497,0
DA:498,0
DA:499,0
DA:500,0
DA:503,0
DA:510,0
DA:511,0
DA:512,0
DA:515,0
DA:516,0
DA:517,0
DA:518,0
DA:519,0
DA:521,0
DA:522,0
DA:523,0
DA:526,0
DA:527,0
DA:528,0
DA:529,0
DA:530,0
DA:531,0
DA:532,0
DA:533,0
DA:535,0
DA:539,0
DA:540,0
DA:542,0
DA:543,0
DA:544,0
DA:545,0
DA:548,0
DA:550,0
DA:551,0
DA:553,0
DA:554,0
DA:557,0
DA:558,0
DA:559,0
DA:562,0
DA:564,0
DA:565,0
DA:566,0
DA:567,0
DA:568,0
DA:570,0
DA:573,0
DA:576,10
LF:273
LH:148
BRDA:18,0,0,9
BRDA:18,0,1,0
BRDA:19,1,0,9
BRDA:19,1,1,0
BRDA:20,2,0,9
BRDA:20,2,1,0
BRDA:21,3,0,9
BRDA:21,3,1,0
BRDA:35,4,0,0
BRDA:35,4,1,3
BRDA:44,5,0,0
BRDA:44,5,1,1
BRDA:64,6,0,1
BRDA:64,6,1,0
BRDA:65,7,0,1
BRDA:65,7,1,0
BRDA:65,7,2,0
BRDA:72,8,0,1
BRDA:72,8,1,0
BRDA:73,9,0,1
BRDA:73,9,1,0
BRDA:76,10,0,10
BRDA:76,10,1,0
BRDA:84,11,0,1
BRDA:84,11,1,0
BRDA:84,11,2,0
BRDA:88,12,0,1
BRDA:88,12,1,0
BRDA:89,13,0,1
BRDA:89,13,1,0
BRDA:93,14,0,1
BRDA:93,14,1,0
BRDA:94,15,0,1
BRDA:94,15,1,0
BRDA:95,16,0,1
BRDA:95,16,1,0
BRDA:96,17,0,1
BRDA:96,17,1,0
BRDA:97,18,0,1
BRDA:97,18,1,0
BRDA:99,19,0,1
BRDA:99,19,1,0
BRDA:123,20,0,1
BRDA:123,20,1,0
BRDA:124,21,0,0
BRDA:124,21,1,1
BRDA:128,22,0,0
BRDA:128,22,1,1
BRDA:128,23,0,1
BRDA:128,23,1,0
BRDA:129,24,0,0
BRDA:129,24,1,1
BRDA:129,25,0,1
BRDA:129,25,1,0
BRDA:147,26,0,1
BRDA:147,26,1,0
BRDA:149,27,0,1
BRDA:149,27,1,0
BRDA:156,28,0,0
BRDA:156,28,1,1
BRDA:156,29,0,1
BRDA:156,29,1,0
BRDA:156,29,2,0
BRDA:159,30,0,0
BRDA:159,30,1,0
BRDA:160,31,0,0
BRDA:160,31,1,0
BRDA:161,32,0,0
BRDA:161,32,1,0
BRDA:162,33,0,0
BRDA:162,33,1,0
BRDA:164,34,0,0
BRDA:164,34,1,1
BRDA:212,35,0,0
BRDA:212,35,1,1
BRDA:218,36,0,1
BRDA:218,36,1,0
BRDA:226,37,0,1
BRDA:226,37,1,0
BRDA:228,38,0,0
BRDA:228,38,1,1
BRDA:249,39,0,1
BRDA:249,39,1,3
BRDA:249,40,0,1
BRDA:249,40,1,3
BRDA:250,41,0,1
BRDA:250,41,1,3
BRDA:256,42,0,1
BRDA:256,42,1,0
BRDA:262,43,0,1
BRDA:262,43,1,0
BRDA:263,44,0,1
BRDA:263,44,1,0
BRDA:264,45,0,1
BRDA:264,45,1,0
BRDA:265,46,0,1
BRDA:265,46,1,0
BRDA:266,47,0,1
BRDA:266,47,1,0
BRDA:275,48,0,1
BRDA:275,48,1,0
BRDA:278,49,0,0
BRDA:278,49,1,1
BRDA:278,50,0,1
BRDA:278,50,1,0
BRDA:298,51,0,1
BRDA:298,51,1,0
BRDA:299,52,0,0
BRDA:299,52,1,1
BRDA:302,53,0,1
BRDA:302,53,1,0
BRDA:302,53,2,0
BRDA:304,54,0,1
BRDA:304,54,1,0
BRDA:304,55,0,1
BRDA:304,55,1,1
BRDA:304,55,2,1
BRDA:312,56,0,1
BRDA:312,56,1,0
BRDA:335,57,0,2
BRDA:335,57,1,1
BRDA:336,58,0,2
BRDA:336,58,1,1
BRDA:341,59,0,2
BRDA:341,59,1,0
BRDA:342,60,0,2
BRDA:342,60,1,0
BRDA:343,61,0,2
BRDA:343,61,1,0
BRDA:344,62,0,2
BRDA:344,62,1,0
BRDA:354,63,0,2
BRDA:354,63,1,0
BRDA:354,63,2,0
BRDA:355,64,0,2
BRDA:355,64,1,1
BRDA:356,65,0,2
BRDA:356,65,1,1
BRDA:357,66,0,2
BRDA:357,66,1,0
BRDA:358,67,0,2
BRDA:358,67,1,1
BRDA:359,68,0,2
BRDA:359,68,1,1
BRDA:360,69,0,2
BRDA:360,69,1,1
BRDA:361,70,0,2
BRDA:361,70,1,1
BRDA:363,71,0,0
BRDA:363,71,1,2
BRDA:364,72,0,0
BRDA:364,72,1,0
BRDA:364,72,2,0
BRDA:365,73,0,0
BRDA:365,73,1,0
BRDA:366,74,0,0
BRDA:366,74,1,0
BRDA:367,75,0,0
BRDA:367,75,1,0
BRDA:369,76,0,2
BRDA:369,76,1,2
BRDA:382,77,0,2
BRDA:382,77,1,0
BRDA:388,78,0,2
BRDA:388,78,1,0
BRDA:389,79,0,2
BRDA:389,79,1,2
BRDA:390,80,0,2
BRDA:390,80,1,0
BRDA:393,81,0,2
BRDA:393,81,1,0
BRDA:394,82,0,2
BRDA:394,82,1,0
BRDA:395,83,0,2
BRDA:395,83,1,1
BRDA:398,84,0,2
BRDA:398,84,1,1
BRDA:408,85,0,0
BRDA:408,85,1,0
BRDA:409,86,0,0
BRDA:409,86,1,0
BRDA:412,87,0,0
BRDA:412,87,1,0
BRDA:412,87,2,0
BRDA:414,88,0,0
BRDA:414,88,1,0
BRDA:415,89,0,0
BRDA:415,89,1,0
BRDA:421,90,0,0
BRDA:421,90,1,0
BRDA:425,91,0,0
BRDA:425,91,1,0
BRDA:426,92,0,0
BRDA:426,92,1,0
BRDA:447,93,0,0
BRDA:447,93,1,0
BRDA:449,94,0,0
BRDA:449,94,1,0
BRDA:453,95,0,0
BRDA:453,95,1,0
BRDA:453,95,2,0
BRDA:475,96,0,0
BRDA:475,96,1,0
BRDA:476,97,0,0
BRDA:476,97,1,0
BRDA:496,98,0,0
BRDA:496,98,1,0
BRDA:496,99,0,0
BRDA:496,99,1,0
BRDA:497,100,0,0
BRDA:497,100,1,0
BRDA:500,101,0,0
BRDA:500,101,1,0
BRDA:511,102,0,0
BRDA:511,102,1,0
BRDA:512,103,0,0
BRDA:512,103,1,0
BRDA:512,104,0,0
BRDA:512,104,1,0
BRDA:515,105,0,0
BRDA:515,105,1,0
BRDA:515,105,2,0
BRDA:517,106,0,0
BRDA:517,106,1,0
BRDA:518,107,0,0
BRDA:518,107,1,0
BRDA:526,108,0,0
BRDA:526,108,1,0
BRDA:526,109,0,0
BRDA:526,109,1,0
BRDA:533,110,0,0
BRDA:533,110,1,0
BRDA:544,111,0,0
BRDA:544,111,1,0
BRDA:554,112,0,0
BRDA:554,112,1,0
BRDA:557,113,0,0
BRDA:557,113,1,0
BRDA:562,114,0,0
BRDA:562,114,1,0
BRDA:562,115,0,0
BRDA:562,115,1,0
BRDA:567,116,0,0
BRDA:567,116,1,0
BRF:244
BRH:94
end_of_record
TN:
SF:logger.js
FNF:0
FNH:0
DA:6,9
DA:7,9
DA:9,9
DA:17,9
LF:4
LH:4
BRDA:10,0,0,9
BRDA:10,0,1,0
BRDA:11,1,0,9
BRDA:11,1,1,0
BRF:4
BRH:2
end_of_record
TN:
SF:middleware.js
FN:16,asyncHandler
FN:17,(anonymous_1)
FN:25,requestLogger
FN:27,(anonymous_3)
FN:56,errorHandler
FN:94,authMiddleware
FN:110,adminOnly
FN:117,adminStrict
FNF:8
FNH:7
FNDA:972,asyncHandler
FNDA:145,(anonymous_1)
FNDA:204,requestLogger
FNDA:204,(anonymous_3)
FNDA:0,errorHandler
FNDA:158,authMiddleware
FNDA:45,adminOnly
FNDA:37,adminStrict
DA:9,9
DA:17,972
DA:18,145
DA:26,204
DA:27,204
DA:28,204
DA:29,204
DA:35,204
DA:37,204
DA:38,0
DA:39,204
DA:40,92
DA:41,112
DA:42,0
DA:46,112
DA:49,204
DA:58,0
DA:70,0
DA:73,0
DA:77,0
DA:80,0
DA:81,0
DA:84,0
DA:87,9
DA:88,9
DA:89,9
DA:95,158
DA:96,158
DA:97,14
DA:99,144
DA:100,144
DA:101,144
DA:102,144
DA:103,140
DA:104,140
DA:106,4
DA:111,45
DA:112,1
DA:114,44
DA:118,37
DA:119,2
DA:121,35
DA:124,9
LF:43
LH:34
BRDA:35,0,0,140
BRDA:35,0,1,64
BRDA:37,1,0,0
BRDA:37,1,1,204
BRDA:39,2,0,92
BRDA:39,2,1,112
BRDA:41,3,0,0
BRDA:41,3,1,112
BRDA:61,4,0,0
BRDA:61,4,1,0
BRDA:66,5,0,0
BRDA:66,5,1,0
BRDA:70,6,0,0
BRDA:70,6,1,0
BRDA:70,6,2,0
BRDA:74,7,0,0
BRDA:74,7,1,0
BRDA:77,8,0,0
BRDA:77,8,1,0
BRDA:80,9,0,0
BRDA:80,9,1,0
BRDA:96,10,0,14
BRDA:96,10,1,144
BRDA:96,11,0,158
BRDA:96,11,1,145
BRDA:101,12,0,0
BRDA:101,12,1,144
BRDA:111,13,0,1
BRDA:111,13,1,44
BRDA:111,14,0,45
BRDA:111,14,1,45
BRDA:111,14,2,1
BRDA:118,15,0,2
BRDA:118,15,1,35
BRDA:118,16,0,37
BRDA:118,16,1,37
BRF:36
BRH:20
end_of_record
TN:
SF:server.js
FN:81,(anonymous_0)
FN:124,(anonymous_1)
FN:132,start
FN:136,(anonymous_3)
FN:154,(anonymous_4)
FNF:5
FNH:1
FNDA:0,(anonymous_0)
FNDA:1,(anonymous_1)
FNDA:0,start
FNDA:0,(anonymous_3)
FNDA:0,(anonymous_4)
DA:7,9
DA:8,9
DA:9,9
DA:10,9
DA:11,9
DA:12,9
DA:13,9
DA:14,9
DA:15,9
DA:16,9
DA:19,9
DA:20,9
DA:21,9
DA:22,9
DA:23,9
DA:24,9
DA:25,9
DA:26,9
DA:27,9
DA:28,9
DA:29,9
DA:30,9
DA:31,9
DA:32,9
DA:33,9
DA:34,9
DA:35,9
DA:36,9
DA:38,9
DA:39,9
DA:43,9
DA:46,9
DA:48,9
DA:49,9
DA:65,9
DA:66,9
DA:69,9
DA:76,9
DA:79,9
DA:82,0
DA:83,0
DA:87,9
DA:91,9
DA:92,9
DA:96,9
DA:98,9
DA:99,9
DA:100,9
DA:101,9
DA:102,9
DA:103,9
DA:104,9
DA:105,9
DA:106,9
DA:107,9
DA:108,9
DA:109,9
DA:110,9
DA:111,9
DA:112,9
DA:113,9
DA:114,9
DA:117,9
DA:121,9
DA:124,9
DA:125,1
DA:128,9
DA:133,0
DA:134,0
DA:136,0
DA:137,0
DA:144,0
DA:145,0
DA:151,9
DA:153,9
DA:154,0
DA:155,0
DA:156,0
LF:78
LH:67
BRDA:43,0,0,0
BRDA:43,0,1,9
BRDA:82,1,0,0
BRDA:82,1,1,0
BRDA:141,2,0,0
BRDA:141,2,1,0
BRDA:144,3,0,0
BRDA:144,3,1,0
BRDA:153,4,0,0
BRDA:153,4,1,9
BRF:10
BRH:2
end_of_record
TN:
SF:validators.js
FN:10,handleValidation
FN:15,(anonymous_1)
FN:25,(anonymous_2)
FNF:3
FNH:3
FNDA:100,handleValidation
FNDA:41,(anonymous_1)
FNDA:18,(anonymous_2)
DA:7,9
DA:11,100
DA:12,100
DA:13,29
DA:15,41
DA:18,71
DA:23,9
DA:25,9
DA:26,18
DA:34,9
DA:45,9
DA:57,9
DA:75,9
DA:95,9
DA:117,9
DA:129,9
DA:143,9
DA:166,9
DA:179,9
DA:195,9
DA:206,9
DA:222,9
DA:235,9
DA:241,9
DA:247,9
DA:254,9
DA:265,9
DA:279,9
DA:289,9
DA:303,9
DA:321,9
DA:330,9
LF:32
LH:32
BRDA:12,0,0,29
BRDA:12,0,1,71
BRDA:25,1,0,0
BRDA:27,2,0,9
BRDA:27,2,1,9
BRF:5
BRH:4
end_of_record
TN:
SF:middleware\upload.js
FN:6,(anonymous_0)
FN:13,(anonymous_1)
FN:19,(anonymous_2)
FNF:3
FNH:0
FNDA:0,(anonymous_0)
FNDA:0,(anonymous_1)
FNDA:0,(anonymous_2)
DA:1,9
DA:2,9
DA:3,9
DA:5,9
DA:7,0
DA:8,0
DA:9,0
DA:11,0
DA:14,0
DA:15,0
DA:19,9
DA:20,0
DA:21,0
DA:23,0
DA:24,0
DA:26,0
DA:30,9
DA:36,9
LF:18
LH:7
BRDA:8,0,0,0
BRDA:8,0,1,0
BRDA:21,1,0,0
BRDA:21,1,1,0
BRDA:21,1,2,0
BRDA:23,2,0,0
BRDA:23,2,1,0
BRDA:23,3,0,0
BRDA:23,3,1,0
BRF:9
BRH:0
end_of_record
TN:
SF:routes\auth.js
FN:21,(anonymous_0)
FN:53,(anonymous_1)
FNF:2
FNH:2
FNDA:25,(anonymous_0)
FNDA:2,(anonymous_1)
DA:1,9
DA:2,9
DA:3,9
DA:4,9
DA:5,9
DA:6,9
DA:7,9
DA:8,9
DA:9,9
DA:10,9
DA:13,9
DA:21,9
DA:22,25
DA:23,25
DA:25,25
DA:26,25
DA:27,19
DA:28,19
DA:31,6
DA:32,6
DA:33,2
DA:34,2
DA:38,4
DA:40,4
DA:45,4
DA:47,4
DA:53,9
DA:54,2
DA:55,2
DA:56,2
DA:59,9
LF:31
LH:31
BRDA:23,0,0,0
BRDA:23,0,1,25
BRDA:23,1,0,25
BRDA:23,1,1,25
BRDA:26,2,0,19
BRDA:26,2,1,6
BRDA:32,3,0,2
BRDA:32,3,1,4
BRDA:55,4,0,0
BRDA:55,4,1,2
BRF:10
BRH:8
end_of_record
TN:
SF:routes\caisse.js
FN:7,(anonymous_0)
FN:12,(anonymous_1)
FN:22,(anonymous_2)
FN:35,(anonymous_3)
FN:42,(anonymous_4)
FNF:5
FNH:5
FNDA:3,(anonymous_0)
FNDA:9,(anonymous_1)
FNDA:2,(anonymous_2)
FNDA:1,(anonymous_3)
FNDA:1,(anonymous_4)
DA:1,9
DA:2,9
DA:3,9
DA:4,9
DA:5,9
DA:7,9
DA:8,3
DA:9,3
DA:12,9
DA:13,9
DA:14,9
DA:15,9
DA:16,6
DA:18,6
DA:19,6
DA:22,9
DA:23,2
DA:24,2
DA:25,2
DA:26,2
DA:27,2
DA:28,2
DA:30,2
DA:32,2
DA:35,9
DA:36,1
DA:37,1
DA:38,1
DA:39,1
DA:42,9
DA:43,1
DA:44,1
DA:45,1
DA:47,1
DA:49,1
DA:52,1
DA:55,1
DA:56,0
DA:58,0
DA:61,1
DA:64,9
LF:41
LH:39
BRDA:8,0,0,3
BRDA:8,0,1,0
BRDA:9,1,0,3
BRDA:9,1,1,3
BRDA:14,2,0,9
BRDA:14,2,1,0
BRDA:15,3,0,3
BRDA:15,3,1,6
BRDA:17,4,0,6
BRDA:17,4,1,0
BRDA:17,5,0,6
BRDA:17,5,1,1
BRDA:18,6,0,6
BRDA:18,6,1,1
BRDA:24,7,0,2
BRDA:24,7,1,0
BRDA:25,8,0,0
BRDA:25,8,1,2
BRDA:26,9,0,2
BRDA:26,9,1,0
BRDA:29,10,0,2
BRDA:29,10,1,0
BRDA:36,11,0,1
BRDA:36,11,1,0
BRDA:37,12,0,0
BRDA:37,12,1,1
BRDA:44,13,0,1
BRDA:44,13,1,0
BRDA:45,14,0,0
BRDA:45,14,1,1
BRDA:47,15,0,0
BRDA:47,15,1,1
BRDA:47,16,0,1
BRDA:47,16,1,1
BRDA:50,17,0,1
BRDA:50,17,1,0
BRDA:50,18,0,1
BRDA:50,18,1,0
BRDA:52,19,0,1
BRDA:52,19,1,0
BRDA:55,20,0,0
BRDA:55,20,1,1
BRDA:55,21,0,1
BRDA:55,21,1,0
BRDA:57,22,0,0
BRDA:57,22,1,0
BRDA:57,23,0,0
BRDA:57,23,1,0
BRF:48
BRH:27
end_of_record
TN:
SF:routes\categories.js
FN:8,(anonymous_0)
FN:13,(anonymous_1)
FN:20,(anonymous_2)
FN:32,(anonymous_3)
FN:40,(anonymous_4)
FN:66,(anonymous_5)
FNF:6
FNH:2
FNDA:1,(anonymous_0)
FNDA:0,(anonymous_1)
FNDA:2,(anonymous_2)
FNDA:0,(anonymous_3)
FNDA:0,(anonymous_4)
FNDA:0,(anonymous_5)
DA:1,9
DA:2,9
DA:3,9
DA:4,9
DA:5,9
DA:6,9
DA:8,9
DA:9,1
DA:10,1
DA:13,9
DA:14,0
DA:20,9
DA:21,2
DA:22,2
DA:23,2
DA:25,2
DA:26,2
DA:28,2
DA:29,2
DA:32,9
DA:33,0
DA:34,0
DA:35,0
DA:37,0
DA:38,0
DA:40,0
DA:41,0
DA:42,0
DA:43,0
DA:47,0
DA:48,0
DA:49,0
DA:50,0
DA:51,0
DA:53,0
DA:54,0
DA:55,0
DA:58,0
DA:60,0
DA:61,0
DA:63,0
DA:66,9
DA:67,0
DA:68,0
DA:69,0
DA:70,0
DA:71,0
DA:72,0
DA:73,0
DA:76,9
LF:50
LH:21
BRDA:23,0,0,0
BRDA:23,0,1,2
BRDA:25,1,0,0
BRDA:25,1,1,2
BRDA:27,2,0,2
BRDA:27,2,1,0
BRDA:27,3,0,2
BRDA:27,3,1,0
BRDA:27,4,0,2
BRDA:27,4,1,1
BRDA:34,5,0,0
BRDA:34,5,1,0
BRDA:41,6,0,0
BRDA:41,6,1,0
BRDA:53,7,0,0
BRDA:53,7,1,0
BRDA:58,8,0,0
BRDA:58,8,1,0
BRDA:68,9,0,0
BRDA:68,9,1,0
BRDA:70,10,0,0
BRDA:70,10,1,0
BRF:22
BRH:6
end_of_record
TN:
SF:routes\clients.js
FN:8,(anonymous_0)
FN:20,(anonymous_1)
FN:29,(anonymous_2)
FN:36,(anonymous_3)
FN:63,(anonymous_4)
FN:72,(anonymous_5)
FN:99,(anonymous_6)
FN:117,(anonymous_7)
FN:126,(anonymous_8)
FN:137,(anonymous_9)
FN:146,(anonymous_10)
FNF:11
FNH:4
FNDA:2,(anonymous_0)
FNDA:1,(anonymous_1)
FNDA:1,(anonymous_2)
FNDA:10,(anonymous_3)
FNDA:0,(anonymous_4)
FNDA:0,(anonymous_5)
FNDA:0,(anonymous_6)
FNDA:0,(anonymous_7)
FNDA:0,(anonymous_8)
FNDA:0,(anonymous_9)
FNDA:0,(anonymous_10)
DA:1,9
DA:2,9
DA:3,9
DA:4,9
DA:5,9
DA:6,9
DA:8,9
DA:9,2
DA:10,2
DA:11,2
DA:12,0
DA:14,2
DA:15,2
DA:16,2
DA:17,2
DA:20,9
DA:21,1
DA:22,1
DA:23,1
DA:25,1
DA:26,1
DA:29,9
DA:30,1
DA:31,1
DA:33,1
DA:34,1
DA:36,1
DA:37,10
DA:38,6
DA:39,6
DA:43,1
DA:44,1
DA:45,1
DA:46,1
DA:47,1
DA:48,1
DA:49,1
DA:50,1
DA:51,1
DA:52,1
DA:54,1
DA:56,1
DA:57,1
DA:59,1
DA:63,9
DA:64,0
DA:65,0
DA:66,0
DA:67,0
DA:68,0
DA:72,9
DA:73,0
DA:74,0
DA:75,0
DA:76,0
DA:78,0
DA:79,0
DA:81,0
DA:82,0
DA:83,0
DA:84,0
DA:86,0
DA:88,0
DA:91,0
DA:94,0
DA:95,0
DA:99,9
DA:100,0
DA:101,0
DA:102,0
DA:103,0
DA:105,0
DA:106,0
DA:108,0
DA:109,0
DA:112,0
DA:113,0
DA:117,9
DA:118,0
DA:119,0
DA:120,0
DA:121,0
DA:123,0
DA:124,0
DA:125,0
DA:126,0
DA:128,0
DA:130,0
DA:131,0
DA:132,0
DA:133,0
DA:137,9
DA:138,0
DA:139,0
DA:140,0
DA:141,0
DA:142,0
DA:146,9
DA:147,0
DA:148,0
DA:152,0
DA:153,0
DA:156,9
LF:103
LH:50
BRDA:11,0,0,2
BRDA:11,0,1,0
BRDA:15,1,0,1
BRDA:15,1,1,1
BRDA:22,2,0,0
BRDA:22,2,1,1
BRDA:24,3,0,1
BRDA:24,3,1,0
BRDA:24,4,0,1
BRDA:24,4,1,0
BRDA:24,5,0,1
BRDA:24,5,1,0
BRDA:24,6,0,1
BRDA:24,6,1,1
BRDA:24,7,0,1
BRDA:24,7,1,1
BRDA:37,8,0,6
BRDA:37,8,1,4
BRDA:54,9,0,0
BRDA:54,9,1,1
BRDA:65,10,0,0
BRDA:65,10,1,0
BRDA:68,11,0,0
BRDA:68,11,1,0
BRDA:68,12,0,0
BRDA:68,12,1,0
BRDA:74,13,0,0
BRDA:74,13,1,0
BRDA:76,14,0,0
BRDA:76,14,1,0
BRDA:76,15,0,0
BRDA:76,15,1,0
BRDA:79,16,0,0
BRDA:79,16,1,0
BRDA:81,17,0,0
BRDA:81,17,1,0
BRDA:82,18,0,0
BRDA:82,18,1,0
BRDA:83,19,0,0
BRDA:83,19,1,0
BRDA:83,20,0,0
BRDA:83,20,1,0
BRDA:84,21,0,0
BRDA:84,21,1,0
BRDA:92,22,0,0
BRDA:92,22,1,0
BRDA:92,23,0,0
BRDA:92,23,1,0
BRDA:94,24,0,0
BRDA:94,24,1,0
BRDA:101,25,0,0
BRDA:101,25,1,0
BRDA:103,26,0,0
BRDA:103,26,1,0
BRDA:103,27,0,0
BRDA:103,27,1,0
BRDA:106,28,0,0
BRDA:106,28,1,0
BRDA:119,29,0,0
BRDA:119,29,1,0
BRDA:121,30,0,0
BRDA:121,30,1,0
BRDA:139,31,0,0
BRDA:139,31,1,0
BRDA:147,32,0,0
BRDA:147,32,1,0
BRDA:153,33,0,0
BRDA:153,33,1,0
BRF:68
BRH:14
end_of_record
TN:
SF:routes\deliveries.js
FN:8,(anonymous_0)
FN:25,(anonymous_1)
FN:38,(anonymous_2)
FNF:3
FNH:3
FNDA:1,(anonymous_0)
FNDA:1,(anonymous_1)
FNDA:2,(anonymous_2)
DA:1,9
DA:2,9
DA:3,9
DA:4,9
DA:5,9
DA:8,9
DA:9,1
DA:10,1
DA:16,1
DA:17,1
DA:18,1
DA:19,1
DA:20,1
DA:21,1
DA:25,9
DA:26,1
DA:27,1
DA:28,1
DA:32,1
DA:35,9
DA:38,9
DA:39,2
DA:40,2
DA:41,2
DA:42,2
DA:43,1
DA:45,1
DA:46,0
DA:47,0
DA:49,1
DA:50,1
DA:51,1
DA:52,1
DA:53,1
DA:54,1
DA:55,1
DA:56,1
DA:59,9
LF:38
LH:36
BRDA:17,0,0,0
BRDA:17,0,1,1
BRDA:18,1,0,0
BRDA:18,1,1,1
BRDA:27,2,0,0
BRDA:27,2,1,1
BRDA:30,3,0,1
BRDA:30,3,1,0
BRDA:30,4,0,1
BRDA:30,4,1,0
BRDA:30,5,0,1
BRDA:30,5,1,1
BRDA:30,6,0,1
BRDA:30,6,1,0
BRDA:30,7,0,1
BRDA:30,7,1,1
BRDA:30,8,0,1
BRDA:30,8,1,1
BRDA:41,9,0,0
BRDA:41,9,1,2
BRDA:42,10,0,1
BRDA:42,10,1,1
BRDA:42,11,0,2
BRDA:42,11,1,2
BRDA:45,12,0,0
BRDA:45,12,1,1
BRDA:47,13,0,0
BRDA:47,13,1,0
BRDA:51,14,0,0
BRDA:51,14,1,1
BRDA:52,15,0,0
BRDA:52,15,1,1
BRF:32
BRH:20
end_of_record
TN:
SF:routes\discounts.js
FN:7,(anonymous_0)
FN:11,(anonymous_1)
FN:19,(anonymous_2)
FN:26,(anonymous_3)
FN:33,(anonymous_4)
FNF:5
FNH:4
FNDA:1,(anonymous_0)
FNDA:1,(anonymous_1)
FNDA:0,(anonymous_2)
FNDA:1,(anonymous_3)
FNDA:8,(anonymous_4)
DA:1,9
DA:2,9
DA:3,9
DA:4,9
DA:5,9
DA:7,9
DA:8,1
DA:11,9
DA:12,1
DA:13,1
DA:14,1
DA:16,1
DA:19,9
DA:20,0
DA:21,0
DA:22,0
DA:23,0
DA:26,9
DA:27,1
DA:28,1
DA:29,1
DA:31,1
DA:32,1
DA:33,8
DA:35,1
DA:36,1
DA:37,1
DA:38,1
DA:39,1
DA:40,1
DA:41,1
DA:42,1
DA:44,1
DA:45,1
DA:46,1
DA:47,1
DA:50,9
LF:37
LH:33
BRDA:13,0,0,0
BRDA:13,0,1,1
BRDA:13,1,0,1
BRDA:13,1,1,1
BRDA:15,2,0,1
BRDA:15,2,1,0
BRDA:15,3,0,1
BRDA:15,3,1,0
BRDA:15,4,0,1
BRDA:15,4,1,1
BRDA:15,5,0,1
BRDA:15,5,1,1
BRDA:15,6,0,1
BRDA:15,6,1,1
BRDA:21,7,0,0
BRDA:21,7,1,0
BRDA:28,8,0,0
BRDA:28,8,1,1
BRDA:33,9,0,2
BRDA:33,9,1,6
BRDA:44,10,0,0
BRDA:44,10,1,1
BRF:22
BRH:15
end_of_record
TN:
SF:routes\expenses.js
FN:7,(anonymous_0)
FN:17,(anonymous_1)
FNF:2
FNH:2
FNDA:2,(anonymous_0)
FNDA:2,(anonymous_1)
DA:1,9
DA:2,9
DA:3,9
DA:4,9
DA:5,9
DA:7,9
DA:8,2
DA:9,2
DA:10,2
DA:11,2
DA:12,2
DA:13,2
DA:14,2
DA:17,9
DA:18,2
DA:19,2
DA:20,2
DA:22,2
DA:23,2
DA:26,9
LF:20
LH:20
BRDA:10,0,0,2
BRDA:10,0,1,0
BRDA:11,1,0,0
BRDA:11,1,1,2
BRDA:12,2,0,0
BRDA:12,2,1,2
BRDA:19,3,0,0
BRDA:19,3,1,2
BRDA:19,4,0,2
BRDA:19,4,1,2
BRDA:21,5,0,2
BRDA:21,5,1,0
BRDA:21,6,0,2
BRDA:21,6,1,2
BRDA:21,7,0,2
BRDA:21,7,1,0
BRDA:21,8,0,2
BRDA:21,8,1,2
BRDA:21,9,0,2
BRDA:21,9,1,0
BRF:20
BRH:13
end_of_record
TN:
SF:routes\health.js
FN:6,(anonymous_0)
FN:26,(anonymous_1)
FNF:2
FNH:2
FNDA:1,(anonymous_0)
FNDA:1,(anonymous_1)
DA:1,9
DA:2,9
DA:3,9
DA:4,9
DA:6,9
DA:7,1
DA:8,1
DA:9,1
DA:10,1
DA:18,0
DA:26,9
DA:27,1
DA:28,1
DA:29,1
DA:31,0
DA:35,9
LF:16
LH:14
BRDA:13,0,0,1
BRDA:13,0,1,0
BRF:2
BRH:1
end_of_record
TN:
SF:routes\invoices.js
FN:9,(anonymous_0)
FN:18,(anonymous_1)
FN:45,(anonymous_2)
FN:49,(anonymous_3)
FN:52,(anonymous_4)
FN:63,(anonymous_5)
FN:66,(anonymous_6)
FN:80,(anonymous_7)
FN:89,(anonymous_8)
FN:110,(anonymous_9)
FN:119,(anonymous_10)
FN:147,(anonymous_11)
FN:156,(anonymous_12)
FNF:13
FNH:8
FNDA:2,(anonymous_0)
FNDA:52,(anonymous_1)
FNDA:0,(anonymous_2)
FNDA:0,(anonymous_3)
FNDA:0,(anonymous_4)
FNDA:0,(anonymous_5)
FNDA:0,(anonymous_6)
FNDA:1,(anonymous_7)
FNDA:52,(anonymous_8)
FNDA:2,(anonymous_9)
FNDA:52,(anonymous_10)
FNDA:1,(anonymous_11)
FNDA:52,(anonymous_12)
DA:1,9
DA:2,9
DA:3,9
DA:4,9
DA:5,9
DA:6,9
DA:9,9
DA:10,2
DA:11,2
DA:12,2
DA:13,2
DA:15,1
DA:16,1
DA:17,1
DA:18,52
DA:20,1
DA:21,1
DA:22,0
DA:25,1
DA:26,0
DA:27,0
DA:29,1
DA:30,0
DA:31,0
DA:34,1
DA:36,1
DA:37,1
DA:38,1
DA:39,1
DA:41,1
DA:45,9
DA:46,0
DA:47,0
DA:49,0
DA:50,0
DA:52,0
DA:53,0
DA:54,0
DA:61,0
DA:62,0
DA:63,0
DA:65,0
DA:66,0
DA:67,0
DA:68,0
DA:71,0
DA:73,0
DA:74,0
DA:75,0
DA:76,0
DA:80,9
DA:81,1
DA:82,1
DA:83,1
DA:84,1
DA:86,1
DA:87,1
DA:88,1
DA:89,52
DA:91,1
DA:92,1
DA:93,0
DA:96,1
DA:97,0
DA:98,0
DA:100,1
DA:101,0
DA:102,0
DA:105,1
DA:106,1
DA:110,9
DA:111,2
DA:112,2
DA:113,2
DA:114,2
DA:116,1
DA:117,1
DA:118,1
DA:119,52
DA:121,1
DA:122,1
DA:123,0
DA:126,1
DA:127,0
DA:128,0
DA:130,1
DA:131,0
DA:132,0
DA:135,1
DA:136,1
DA:137,1
DA:138,1
DA:139,1
DA:140,1
DA:142,0
DA:147,9
DA:148,1
DA:149,1
DA:150,1
DA:151,1
DA:153,1
DA:154,1
DA:155,1
DA:156,52
DA:158,1
DA:159,1
DA:160,0
DA:163,1
DA:164,1
DA:167,9
LF:110
LH:74
BRDA:11,0,0,0
BRDA:11,0,1,2
BRDA:13,1,0,1
BRDA:13,1,1,1
BRDA:21,2,0,0
BRDA:21,2,1,1
BRDA:25,3,0,0
BRDA:25,3,1,1
BRDA:26,4,0,0
BRDA:26,4,1,0
BRDA:29,5,0,0
BRDA:29,5,1,1
BRDA:47,6,0,0
BRDA:47,6,1,0
BRDA:47,7,0,0
BRDA:47,7,1,0
BRDA:49,8,0,0
BRDA:49,8,1,0
BRDA:50,9,0,0
BRDA:50,9,1,0
BRDA:67,10,0,0
BRDA:67,10,1,0
BRDA:82,11,0,0
BRDA:82,11,1,1
BRDA:84,12,0,0
BRDA:84,12,1,1
BRDA:92,13,0,0
BRDA:92,13,1,1
BRDA:96,14,0,0
BRDA:96,14,1,1
BRDA:97,15,0,0
BRDA:97,15,1,0
BRDA:100,16,0,0
BRDA:100,16,1,1
BRDA:112,17,0,0
BRDA:112,17,1,2
BRDA:114,18,0,1
BRDA:114,18,1,1
BRDA:122,19,0,0
BRDA:122,19,1,1
BRDA:126,20,0,0
BRDA:126,20,1,1
BRDA:127,21,0,0
BRDA:127,21,1,0
BRDA:130,22,0,0
BRDA:130,22,1,1
BRDA:149,23,0,0
BRDA:149,23,1,1
BRDA:151,24,0,0
BRDA:151,24,1,1
BRDA:159,25,0,0
BRDA:159,25,1,1
BRF:52
BRH:20
end_of_record
TN:
SF:routes\orders.js
FN:9,(anonymous_0)
FN:25,(anonymous_1)
FN:35,(anonymous_2)
FN:120,(anonymous_3)
FN:213,(anonymous_4)
FN:226,(anonymous_5)
FN:254,(anonymous_6)
FNF:7
FNH:5
FNDA:1,(anonymous_0)
FNDA:2,(anonymous_1)
FNDA:5,(anonymous_2)
FNDA:5,(anonymous_3)
FNDA:0,(anonymous_4)
FNDA:0,(anonymous_5)
FNDA:1,(anonymous_6)
DA:1,9
DA:2,9
DA:3,9
DA:4,9
DA:5,9
DA:6,9
DA:9,9
DA:10,1
DA:11,1
DA:12,1
DA:13,1
DA:14,1
DA:15,1
DA:16,1
DA:17,1
DA:18,1
DA:19,1
DA:20,1
DA:21,1
DA:25,9
DA:26,2
DA:27,2
DA:28,2
DA:29,2
DA:30,2
DA:31,2
DA:35,9
DA:36,5
DA:37,5
DA:40,5
DA:41,5
DA:42,5
DA:43,5
DA:44,5
DA:45,5
DA:48,5
DA:49,5
DA:50,5
DA:52,5
DA:53,6
DA:54,6
DA:56,6
DA:57,6
DA:59,6
DA:60,6
DA:61,6
DA:63,6
DA:64,6
DA:65,6
DA:66,6
DA:67,6
DA:69,6
DA:70,6
DA:73,6
DA:74,6
DA:76,6
DA:91,5
DA:92,5
DA:93,5
DA:94,5
DA:95,5
DA:96,5
DA:97,5
DA:98,3
DA:100,5
DA:102,5
DA:103,5
DA:105,5
DA:106,5
DA:107,0
DA:109,5
DA:111,5
DA:112,5
DA:113,5
DA:114,1
DA:115,1
DA:116,0
DA:117,0
DA:120,5
DA:121,5
DA:131,5
DA:133,5
DA:134,6
DA:141,6
DA:143,6
DA:144,6
DA:145,6
DA:147,6
DA:148,6
DA:150,6
DA:151,0
DA:152,0
DA:153,6
DA:154,0
DA:157,6
DA:162,5
DA:163,5
DA:164,5
DA:165,0
DA:168,0
DA:169,0
DA:170,0
DA:171,0
DA:176,5
DA:177,5
DA:178,0
DA:180,5
DA:181,4
DA:183,1
DA:187,5
DA:188,2
DA:189,2
DA:190,2
DA:191,2
DA:193,2
DA:197,2
DA:202,5
DA:204,5
DA:207,5
DA:210,9
DA:213,9
DA:214,0
DA:215,0
DA:216,0
DA:217,0
DA:218,0
DA:220,0
DA:221,0
DA:222,0
DA:226,9
DA:227,0
DA:228,0
DA:229,0
DA:230,0
DA:231,0
DA:233,0
DA:234,0
DA:235,0
DA:236,0
DA:237,0
DA:239,0
DA:240,0
DA:245,0
DA:248,0
DA:250,0
DA:254,9
DA:255,1
DA:256,1
DA:257,1
DA:258,1
DA:259,1
DA:261,1
DA:262,1
DA:263,1
DA:264,0
DA:269,1
DA:270,1
DA:271,1
DA:272,1
DA:273,1
DA:274,1
DA:275,1
DA:281,1
DA:282,0
DA:286,1
DA:287,1
DA:288,1
DA:291,9
LF:168
LH:131
BRDA:12,0,0,1
BRDA:12,0,1,0
BRDA:13,1,0,0
BRDA:13,1,1,1
BRDA:14,2,0,1
BRDA:14,2,1,0
BRDA:15,3,0,0
BRDA:15,3,1,1
BRDA:16,4,0,0
BRDA:16,4,1,1
BRDA:17,5,0,0
BRDA:17,5,1,1
BRDA:18,6,0,0
BRDA:18,6,1,1
BRDA:20,7,0,1
BRDA:20,7,1,1
BRDA:27,8,0,0
BRDA:27,8,1,2
BRDA:29,9,0,0
BRDA:29,9,1,2
BRDA:37,10,0,0
BRDA:37,10,1,5
BRDA:37,11,0,5
BRDA:37,11,1,5
BRDA:44,12,0,5
BRDA:44,12,1,0
BRDA:54,13,0,0
BRDA:54,13,1,6
BRDA:56,14,0,6
BRDA:56,14,1,2
BRDA:57,15,0,6
BRDA:57,15,1,6
BRDA:57,15,2,6
BRDA:60,16,0,0
BRDA:60,16,1,6
BRDA:60,17,0,0
BRDA:60,17,1,0
BRDA:61,18,0,0
BRDA:61,18,1,6
BRDA:61,19,0,0
BRDA:61,19,1,0
BRDA:63,20,0,6
BRDA:63,20,1,0
BRDA:73,21,0,5
BRDA:73,21,1,1
BRDA:86,22,0,6
BRDA:86,22,1,6
BRDA:93,23,0,5
BRDA:93,23,1,5
BRDA:95,24,0,5
BRDA:95,24,1,1
BRDA:97,25,0,3
BRDA:97,25,1,2
BRDA:97,26,0,5
BRDA:97,26,1,5
BRDA:102,27,0,0
BRDA:102,27,1,5
BRDA:103,28,0,5
BRDA:103,28,1,5
BRDA:105,29,0,5
BRDA:105,29,1,0
BRDA:106,30,0,0
BRDA:106,30,1,5
BRDA:113,31,0,4
BRDA:113,31,1,1
BRDA:114,32,0,0
BRDA:114,32,1,1
BRDA:115,33,0,0
BRDA:115,33,1,1
BRDA:116,34,0,0
BRDA:116,34,1,0
BRDA:117,35,0,0
BRDA:117,35,1,0
BRDA:126,36,0,5
BRDA:126,36,1,5
BRDA:126,37,0,5
BRDA:126,37,1,1
BRDA:127,38,0,5
BRDA:127,38,1,5
BRDA:127,39,0,5
BRDA:127,39,1,4
BRDA:127,40,0,5
BRDA:127,40,1,5
BRDA:128,41,0,5
BRDA:128,41,1,1
BRDA:128,42,0,5
BRDA:128,42,1,5
BRDA:128,43,0,5
BRDA:128,43,1,0
BRDA:128,44,0,5
BRDA:128,44,1,5
BRDA:142,45,0,6
BRDA:142,45,1,0
BRDA:143,46,0,6
BRDA:143,46,1,0
BRDA:150,47,0,0
BRDA:150,47,1,6
BRDA:153,48,0,0
BRDA:153,48,1,6
BRDA:158,49,0,6
BRDA:158,49,1,0
BRDA:158,50,0,0
BRDA:158,50,1,6
BRDA:158,51,0,0
BRDA:158,51,1,6
BRDA:163,52,0,5
BRDA:163,52,1,0
BRDA:164,53,0,0
BRDA:164,53,1,5
BRDA:168,54,0,0
BRDA:168,54,1,0
BRDA:176,55,0,5
BRDA:176,55,1,0
BRDA:177,56,0,0
BRDA:177,56,1,5
BRDA:180,57,0,4
BRDA:180,57,1,1
BRDA:187,58,0,2
BRDA:187,58,1,3
BRDA:190,59,0,2
BRDA:190,59,1,0
BRDA:195,60,0,2
BRDA:195,60,1,0
BRDA:202,61,0,0
BRDA:202,61,1,5
BRDA:204,62,0,5
BRDA:204,62,1,1
BRDA:204,63,0,5
BRDA:204,63,1,4
BRDA:204,64,0,5
BRDA:204,64,1,1
BRDA:215,65,0,0
BRDA:215,65,1,0
BRDA:217,66,0,0
BRDA:217,66,1,0
BRDA:217,67,0,0
BRDA:217,67,1,0
BRDA:228,68,0,0
BRDA:228,68,1,0
BRDA:230,69,0,0
BRDA:230,69,1,0
BRDA:231,70,0,0
BRDA:231,70,1,0
BRDA:236,71,0,0
BRDA:236,71,1,0
BRDA:242,72,0,0
BRDA:242,72,1,0
BRDA:256,73,0,0
BRDA:256,73,1,1
BRDA:258,74,0,0
BRDA:258,74,1,1
BRDA:259,75,0,0
BRDA:259,75,1,1
BRDA:261,76,0,1
BRDA:261,76,1,0
BRDA:263,77,0,0
BRDA:263,77,1,1
BRDA:263,78,0,1
BRDA:263,78,1,1
BRDA:271,79,0,1
BRDA:271,79,1,0
BRDA:272,80,0,1
BRDA:272,80,1,0
BRDA:276,81,0,1
BRDA:276,81,1,0
BRDA:281,82,0,0
BRDA:281,82,1,1
BRDA:283,83,0,0
BRDA:283,83,1,0
BRF:169
BRH:97
end_of_record
TN:
SF:routes\products.js
FN:10,(anonymous_0)
FN:33,(anonymous_1)
FN:60,(anonymous_2)
FN:83,(anonymous_3)
FN:104,(anonymous_4)
FN:138,(anonymous_5)
FN:147,(anonymous_6)
FN:152,(anonymous_7)
FN:156,(anonymous_8)
FN:211,(anonymous_9)
FN:234,(anonymous_10)
FN:242,(anonymous_11)
FN:310,(anonymous_12)
FNF:13
FNH:2
FNDA:6,(anonymous_0)
FNDA:0,(anonymous_1)
FNDA:0,(anonymous_2)
FNDA:0,(anonymous_3)
FNDA:0,(anonymous_4)
FNDA:0,(anonymous_5)
FNDA:0,(anonymous_6)
FNDA:0,(anonymous_7)
FNDA:0,(anonymous_8)
FNDA:4,(anonymous_9)
FNDA:0,(anonymous_10)
FNDA:0,(anonymous_11)
FNDA:0,(anonymous_12)
DA:1,9
DA:2,9
DA:3,9
DA:4,9
DA:5,9
DA:6,9
DA:7,9
DA:8,9
DA:10,9
DA:11,6
DA:12,6
DA:20,6
DA:21,6
DA:22,6
DA:24,0
DA:26,6
DA:27,6
DA:28,6
DA:29,6
DA:33,9
DA:34,0
DA:35,0
DA:36,0
DA:48,0
DA:50,0
DA:56,0
DA:60,9
DA:61,0
DA:62,0
DA:63,0
DA:64,0
DA:66,0
DA:79,0
DA:83,9
DA:84,0
DA:85,0
DA:86,0
DA:87,0
DA:90,0
DA:92,0
DA:100,0
DA:104,9
DA:105,0
DA:106,0
DA:107,0
DA:108,0
DA:110,0
DA:111,0
DA:113,0
DA:128,0
DA:130,0
DA:131,0
DA:134,0
DA:135,0
DA:138,9
DA:139,0
DA:141,0
DA:142,0
DA:143,0
DA:145,0
DA:148,0
DA:149,0
DA:150,0
DA:153,0
DA:154,0
DA:155,0
DA:156,0
DA:158,0
DA:159,0
DA:160,0
DA:162,0
DA:163,0
DA:165,0
DA:166,0
DA:167,0
DA:169,0
DA:170,0
DA:171,0
DA:172,0
DA:173,0
DA:175,0
DA:176,0
DA:177,0
DA:181,0
DA:183,0
DA:185,0
DA:186,0
DA:187,0
DA:189,0
DA:193,0
DA:194,0
DA:196,0
DA:198,0
DA:202,0
DA:204,0
DA:205,0
DA:206,0
DA:211,9
DA:212,4
DA:213,4
DA:214,4
DA:216,4
DA:217,4
DA:218,4
DA:219,4
DA:220,4
DA:228,4
DA:230,4
DA:231,4
DA:234,9
DA:235,0
DA:236,0
DA:237,0
DA:239,0
DA:240,0
DA:242,0
DA:243,0
DA:244,0
DA:245,0
DA:249,0
DA:250,0
DA:251,0
DA:253,0
DA:254,0
DA:255,0
DA:256,0
DA:257,0
DA:259,0
DA:260,0
DA:261,0
DA:262,0
DA:266,0
DA:267,0
DA:269,0
DA:270,0
DA:271,0
DA:272,0
DA:273,0
DA:274,0
DA:275,0
DA:276,0
DA:281,0
DA:282,0
DA:283,0
DA:284,0
DA:285,0
DA:286,0
DA:287,0
DA:288,0
DA:289,0
DA:290,0
DA:291,0
DA:292,0
DA:293,0
DA:295,0
DA:296,0
DA:299,0
DA:301,0
DA:302,0
DA:304,0
DA:305,0
DA:307,0
DA:310,9
DA:311,0
DA:312,0
DA:313,0
DA:314,0
DA:315,0
DA:317,0
DA:318,0
DA:319,0
DA:320,0
DA:323,9
LF:173
LH:38
BRDA:20,0,0,6
BRDA:20,0,1,0
BRDA:21,1,0,6
BRDA:21,1,1,0
BRDA:26,2,0,1
BRDA:26,2,1,5
BRDA:27,3,0,1
BRDA:27,3,1,5
BRDA:35,4,0,0
BRDA:35,4,1,0
BRDA:46,5,0,0
BRDA:46,5,1,0
BRDA:48,6,0,0
BRDA:48,6,1,0
BRDA:54,7,0,0
BRDA:54,7,1,0
BRDA:61,8,0,0
BRDA:61,8,1,0
BRDA:62,9,0,0
BRDA:62,9,1,0
BRDA:85,10,0,0
BRDA:85,10,1,0
BRDA:86,11,0,0
BRDA:86,11,1,0
BRDA:90,12,0,0
BRDA:90,12,1,0
BRDA:106,13,0,0
BRDA:106,13,1,0
BRDA:108,14,0,0
BRDA:108,14,1,0
BRDA:111,15,0,0
BRDA:111,15,1,0
BRDA:111,16,0,0
BRDA:111,16,1,0
BRDA:120,17,0,0
BRDA:120,17,1,0
BRDA:125,18,0,0
BRDA:125,18,1,0
BRDA:130,19,0,0
BRDA:130,19,1,0
BRDA:132,20,0,0
BRDA:132,20,1,0
BRDA:139,21,0,0
BRDA:139,21,1,0
BRDA:149,22,0,0
BRDA:149,22,1,0
BRDA:160,23,0,0
BRDA:160,23,1,0
BRDA:162,24,0,0
BRDA:162,24,1,0
BRDA:163,25,0,0
BRDA:163,25,1,0
BRDA:163,26,0,0
BRDA:163,26,1,0
BRDA:166,27,0,0
BRDA:166,27,1,0
BRDA:167,28,0,0
BRDA:167,28,1,0
BRDA:170,29,0,0
BRDA:170,29,1,0
BRDA:172,30,0,0
BRDA:172,30,1,0
BRDA:183,31,0,0
BRDA:183,31,1,0
BRDA:185,32,0,0
BRDA:185,32,1,0
BRDA:214,33,0,0
BRDA:214,33,1,4
BRDA:216,34,0,0
BRDA:216,34,1,4
BRDA:216,35,0,4
BRDA:216,35,1,4
BRDA:217,36,0,4
BRDA:217,36,1,2
BRDA:218,37,0,4
BRDA:218,37,1,0
BRDA:223,38,0,4
BRDA:223,38,1,2
BRDA:223,39,0,4
BRDA:223,39,1,2
BRDA:223,40,0,4
BRDA:223,40,1,4
BRDA:223,41,0,4
BRDA:223,41,1,4
BRDA:223,42,0,4
BRDA:223,42,1,4
BRDA:224,43,0,4
BRDA:224,43,1,4
BRDA:224,44,0,4
BRDA:224,44,1,4
BRDA:224,45,0,4
BRDA:224,45,1,4
BRDA:224,46,0,4
BRDA:224,46,1,4
BRDA:224,47,0,4
BRDA:224,47,1,4
BRDA:225,48,0,4
BRDA:225,48,1,4
BRDA:225,49,0,4
BRDA:225,49,1,4
BRDA:229,50,0,4
BRDA:229,50,1,0
BRDA:229,51,0,4
BRDA:229,51,1,2
BRDA:236,52,0,0
BRDA:236,52,1,0
BRDA:243,53,0,0
BRDA:243,53,1,0
BRDA:250,54,0,0
BRDA:250,54,1,0
BRDA:254,55,0,0
BRDA:254,55,1,0
BRDA:256,56,0,0
BRDA:256,56,1,0
BRDA:260,57,0,0
BRDA:260,57,1,0
BRDA:262,58,0,0
BRDA:262,58,1,0
BRDA:269,59,0,0
BRDA:269,59,1,0
BRDA:272,60,0,0
BRDA:272,60,1,0
BRDA:274,61,0,0
BRDA:274,61,1,0
BRDA:291,62,0,0
BRDA:291,62,1,0
BRDA:292,63,0,0
BRDA:292,63,1,0
BRDA:295,64,0,0
BRDA:295,64,1,0
BRDA:299,65,0,0
BRDA:299,65,1,0
BRDA:304,66,0,0
BRDA:304,66,1,0
BRDA:312,67,0,0
BRDA:312,67,1,0
BRDA:314,68,0,0
BRDA:314,68,1,0
BRDA:314,69,0,0
BRDA:314,69,1,0
BRF:140
BRH:40
end_of_record
TN:
SF:routes\stats.js
FNF:0
FNH:0
DA:1,9
DA:2,9
DA:3,9
DA:4,9
DA:5,9
DA:7,9
DA:8,9
DA:9,9
DA:11,9
LF:9
LH:9
BRF:0
BRH:0
end_of_record
TN:
SF:routes\stock.js
FN:7,(anonymous_0)
FN:19,(anonymous_1)
FN:29,(anonymous_2)
FN:46,(anonymous_3)
FN:62,(anonymous_4)
FN:85,(anonymous_5)
FN:117,(anonymous_6)
FN:167,(anonymous_7)
FN:175,(anonymous_8)
FN:187,(anonymous_9)
FN:222,(anonymous_10)
FN:226,(anonymous_11)
FN:253,(anonymous_12)
FN:260,(anonymous_13)
FNF:14
FNH:4
FNDA:4,(anonymous_0)
FNDA:1,(anonymous_1)
FNDA:1,(anonymous_2)
FNDA:1,(anonymous_3)
FNDA:0,(anonymous_4)
FNDA:0,(anonymous_5)
FNDA:0,(anonymous_6)
FNDA:0,(anonymous_7)
FNDA:0,(anonymous_8)
FNDA:0,(anonymous_9)
FNDA:0,(anonymous_10)
FNDA:0,(anonymous_11)
FNDA:0,(anonymous_12)
FNDA:0,(anonymous_13)
DA:1,9
DA:2,9
DA:3,9
DA:4,9
DA:5,9
DA:7,9
DA:8,4
DA:16,4
DA:19,9
DA:20,1
DA:26,1
DA:29,9
DA:30,1
DA:31,1
DA:32,1
DA:33,1
DA:34,1
DA:35,1
DA:36,1
DA:37,1
DA:38,1
DA:40,1
DA:42,1
DA:43,1
DA:46,9
DA:47,1
DA:48,1
DA:53,1
DA:54,1
DA:55,1
DA:56,1
DA:57,1
DA:58,1
DA:62,9
DA:63,0
DA:64,0
DA:66,0
DA:68,0
DA:69,0
DA:72,0
DA:75,0
DA:77,0
DA:80,0
DA:81,0
DA:85,9
DA:86,0
DA:87,0
DA:88,0
DA:91,0
DA:92,0
DA:94,0
DA:95,0
DA:96,0
DA:98,0
DA:99,0
DA:101,0
DA:102,0
DA:111,0
DA:113,0
DA:117,9
DA:118,0
DA:119,0
DA:120,0
DA:121,0
DA:123,0
DA:136,0
DA:147,0
DA:159,0
DA:167,9
DA:168,0
DA:169,0
DA:171,0
DA:175,9
DA:176,0
DA:177,0
DA:178,0
DA:183,0
DA:187,9
DA:188,0
DA:189,0
DA:190,0
DA:192,0
DA:193,0
DA:196,0
DA:197,0
DA:199,0
DA:202,0
DA:203,0
DA:206,0
DA:208,0
DA:209,0
DA:210,0
DA:211,0
DA:213,0
DA:214,0
DA:218,0
DA:222,9
DA:223,0
DA:224,0
DA:226,0
DA:227,0
DA:229,0
DA:230,0
DA:232,0
DA:233,0
DA:234,0
DA:236,0
DA:240,0
DA:245,0
DA:246,0
DA:249,0
DA:253,9
DA:254,0
DA:256,0
DA:257,0
DA:260,0
DA:262,0
DA:266,0
DA:269,0
DA:270,0
DA:271,0
DA:273,0
DA:274,0
DA:276,0
DA:279,0
DA:280,0
DA:281,0
DA:283,0
DA:284,0
DA:285,0
DA:286,0
DA:288,0
DA:292,0
DA:296,0
DA:299,0
DA:302,9
LF:136
LH:42
BRDA:15,0,0,4
BRDA:15,0,1,0
BRDA:25,1,0,1
BRDA:25,1,1,0
BRDA:31,2,0,0
BRDA:31,2,1,1
BRDA:33,3,0,1
BRDA:33,3,1,0
BRDA:34,4,0,0
BRDA:34,4,1,1
BRDA:39,5,0,1
BRDA:39,5,1,0
BRDA:41,6,0,1
BRDA:41,6,1,0
BRDA:41,7,0,1
BRDA:41,7,1,0
BRDA:41,8,0,1
BRDA:41,8,1,0
BRDA:53,9,0,1
BRDA:53,9,1,0
BRDA:54,10,0,1
BRDA:54,10,1,0
BRDA:55,11,0,0
BRDA:55,11,1,1
BRDA:56,12,0,0
BRDA:56,12,1,1
BRDA:64,13,0,0
BRDA:64,13,1,0
BRDA:64,14,0,0
BRDA:64,14,1,0
BRDA:66,15,0,0
BRDA:66,15,1,0
BRDA:68,16,0,0
BRDA:68,16,1,0
BRDA:70,17,0,0
BRDA:70,17,1,0
BRDA:75,18,0,0
BRDA:75,18,1,0
BRDA:78,19,0,0
BRDA:78,19,1,0
BRDA:78,20,0,0
BRDA:78,20,1,0
BRDA:87,21,0,0
BRDA:87,21,1,0
BRDA:87,22,0,0
BRDA:87,22,1,0
BRDA:87,22,2,0
BRDA:92,23,0,0
BRDA:92,23,1,0
BRDA:94,24,0,0
BRDA:94,24,1,0
BRDA:96,25,0,0
BRDA:96,25,1,0
BRDA:107,26,0,0
BRDA:107,26,1,0
BRDA:119,27,0,0
BRDA:119,27,1,0
BRDA:120,28,0,0
BRDA:120,28,1,0
BRDA:121,29,0,0
BRDA:121,29,1,0
BRDA:170,30,0,0
BRDA:170,30,1,0
BRDA:170,31,0,0
BRDA:170,31,1,0
BRDA:176,32,0,0
BRDA:176,32,1,0
BRDA:177,33,0,0
BRDA:177,33,1,0
BRDA:189,34,0,0
BRDA:189,34,1,0
BRDA:193,35,0,0
BRDA:193,35,1,0
BRDA:193,36,0,0
BRDA:193,36,1,0
BRDA:197,37,0,0
BRDA:197,37,1,0
BRDA:199,38,0,0
BRDA:199,38,1,0
BRDA:202,39,0,0
BRDA:202,39,1,0
BRDA:203,40,0,0
BRDA:203,40,1,0
BRDA:208,41,0,0
BRDA:208,41,1,0
BRDA:224,42,0,0
BRDA:224,42,1,0
BRDA:230,43,0,0
BRDA:230,43,1,0
BRDA:232,44,0,0
BRDA:232,44,1,0
BRDA:233,45,0,0
BRDA:233,45,1,0
BRDA:236,46,0,0
BRDA:236,46,1,0
BRDA:241,47,0,0
BRDA:241,47,1,0
BRDA:256,48,0,0
BRDA:256,48,1,0
BRDA:256,49,0,0
BRDA:256,49,1,0
BRDA:256,49,2,0
BRDA:264,50,0,0
BRDA:264,50,1,0
BRDA:264,51,0,0
BRDA:264,51,1,0
BRDA:264,52,0,0
BRDA:264,52,1,0
BRDA:264,53,0,0
BRDA:264,53,1,0
BRDA:271,54,0,0
BRDA:271,54,1,0
BRDA:273,55,0,0
BRDA:273,55,1,0
BRDA:274,56,0,0
BRDA:274,56,1,0
BRDA:279,57,0,0
BRDA:279,57,1,0
BRDA:283,58,0,0
BRDA:283,58,1,0
BRDA:288,59,0,0
BRDA:288,59,1,0
BRDA:293,60,0,0
BRDA:293,60,1,0
BRDA:293,61,0,0
BRDA:293,61,1,0
BRF:126
BRH:13
end_of_record
TN:
SF:routes\succursales.js
FN:7,(anonymous_0)
FN:13,(anonymous_1)
FN:22,(anonymous_2)
FN:47,(anonymous_3)
FN:67,(anonymous_4)
FN:79,(anonymous_5)
FNF:6
FNH:6
FNDA:1,(anonymous_0)
FNDA:2,(anonymous_1)
FNDA:2,(anonymous_2)
FNDA:1,(anonymous_3)
FNDA:3,(anonymous_4)
FNDA:1,(anonymous_5)
DA:1,9
DA:2,9
DA:3,9
DA:4,9
DA:7,9
DA:8,1
DA:9,1
DA:13,9
DA:14,2
DA:15,2
DA:16,2
DA:17,2
DA:18,1
DA:22,9
DA:23,2
DA:24,2
DA:26,1
DA:31,1
DA:34,1
DA:35,1
DA:36,46
DA:37,46
DA:42,1
DA:43,1
DA:47,9
DA:48,1
DA:49,1
DA:50,1
DA:53,1
DA:54,1
DA:56,1
DA:62,1
DA:63,1
DA:67,9
DA:68,3
DA:69,3
DA:70,3
DA:71,2
DA:72,2
DA:73,2
DA:74,2
DA:75,2
DA:79,9
DA:80,1
DA:81,1
DA:82,1
DA:83,1
DA:90,1
DA:96,1
DA:99,9
LF:50
LH:50
BRDA:15,0,0,0
BRDA:15,0,1,2
BRDA:17,1,0,1
BRDA:17,1,1,1
BRDA:24,2,0,1
BRDA:24,2,1,1
BRDA:24,3,0,2
BRDA:24,3,1,2
BRDA:29,4,0,1
BRDA:29,4,1,1
BRDA:29,5,0,1
BRDA:29,5,1,0
BRDA:29,6,0,1
BRDA:29,6,1,0
BRDA:29,7,0,1
BRDA:29,7,1,1
BRDA:29,8,0,1
BRDA:29,8,1,1
BRDA:49,9,0,0
BRDA:49,9,1,1
BRDA:50,10,0,0
BRDA:50,10,1,1
BRDA:54,11,0,0
BRDA:54,11,1,1
BRDA:54,12,0,1
BRDA:54,12,1,1
BRDA:59,13,0,1
BRDA:59,13,1,1
BRDA:59,14,0,1
BRDA:59,14,1,0
BRDA:59,15,0,1
BRDA:59,15,1,1
BRDA:59,16,0,1
BRDA:59,16,1,1
BRDA:59,17,0,1
BRDA:59,17,1,1
BRDA:60,18,0,0
BRDA:60,18,1,1
BRDA:60,19,0,0
BRDA:60,19,1,0
BRDA:69,20,0,0
BRDA:69,20,1,3
BRDA:70,21,0,1
BRDA:70,21,1,2
BRDA:72,22,0,0
BRDA:72,22,1,2
BRDA:73,23,0,1
BRDA:73,23,1,1
BRDA:74,24,0,1
BRDA:74,24,1,1
BRDA:81,25,0,0
BRDA:81,25,1,1
BRF:52
BRH:39
end_of_record
TN:
SF:routes\suppliers.js
FN:7,(anonymous_0)
FN:11,(anonymous_1)
FN:19,(anonymous_2)
FN:31,(anonymous_3)
FNF:4
FNH:4
FNDA:2,(anonymous_0)
FNDA:3,(anonymous_1)
FNDA:2,(anonymous_2)
FNDA:1,(anonymous_3)
DA:1,9
DA:2,9
DA:3,9
DA:4,9
DA:5,9
DA:7,9
DA:8,2
DA:11,9
DA:12,3
DA:13,3
DA:14,3
DA:16,3
DA:19,9
DA:20,2
DA:21,2
DA:22,2
DA:24,2
DA:26,1
DA:28,1
DA:31,9
DA:32,1
DA:33,1
DA:35,1
DA:36,1
DA:39,9
LF:25
LH:25
BRDA:13,0,0,0
BRDA:13,0,1,3
BRDA:15,1,0,3
BRDA:15,1,1,1
BRDA:15,2,0,3
BRDA:15,2,1,1
BRDA:15,3,0,3
BRDA:15,3,1,2
BRDA:15,4,0,3
BRDA:15,4,1,3
BRDA:15,5,0,3
BRDA:15,5,1,3
BRDA:21,6,0,0
BRDA:21,6,1,2
BRDA:24,7,0,1
BRDA:24,7,1,1
BRDA:27,8,0,1
BRDA:27,8,1,1
BRDA:27,9,0,1
BRDA:27,9,1,1
BRDA:27,10,0,1
BRDA:27,10,1,0
BRDA:27,11,0,1
BRDA:27,11,1,1
BRDA:27,12,0,1
BRDA:27,12,1,1
BRDA:27,13,0,0
BRDA:27,13,1,1
BRDA:33,14,0,0
BRDA:33,14,1,1
BRF:30
BRH:25
end_of_record
TN:
SF:routes\system.js
FN:16,(anonymous_0)
FN:24,(anonymous_1)
FN:36,(anonymous_2)
FN:45,(anonymous_3)
FN:51,(anonymous_4)
FN:56,(anonymous_5)
FN:90,(anonymous_6)
FN:93,(anonymous_7)
FN:98,(anonymous_8)
FN:126,(anonymous_9)
FN:135,(anonymous_10)
FN:147,(anonymous_11)
FN:176,(anonymous_12)
FN:183,(anonymous_13)
FN:190,(anonymous_14)
FN:196,(anonymous_15)
FN:211,(anonymous_16)
FN:228,(anonymous_17)
FNF:18
FNH:7
FNDA:0,(anonymous_0)
FNDA:0,(anonymous_1)
FNDA:0,(anonymous_2)
FNDA:0,(anonymous_3)
FNDA:0,(anonymous_4)
FNDA:9,(anonymous_5)
FNDA:1,(anonymous_6)
FNDA:34,(anonymous_7)
FNDA:2,(anonymous_8)
FNDA:4,(anonymous_9)
FNDA:2,(anonymous_10)
FNDA:0,(anonymous_11)
FNDA:0,(anonymous_12)
FNDA:0,(anonymous_13)
FNDA:0,(anonymous_14)
FNDA:0,(anonymous_15)
FNDA:0,(anonymous_16)
FNDA:2,(anonymous_17)
DA:1,9
DA:2,9
DA:3,9
DA:4,9
DA:5,9
DA:6,9
DA:7,9
DA:8,9
DA:9,9
DA:10,9
DA:11,9
DA:12,9
DA:13,9
DA:16,9
DA:17,0
DA:24,9
DA:25,0
DA:26,0
DA:27,0
DA:28,0
DA:29,0
DA:31,0
DA:36,9
DA:37,0
DA:38,0
DA:39,0
DA:40,0
DA:45,9
DA:46,0
DA:47,0
DA:51,9
DA:52,0
DA:56,9
DA:57,9
DA:58,0
DA:61,9
DA:62,9
DA:63,9
DA:65,9
DA:66,9
DA:68,9
DA:70,9
DA:71,9
DA:73,9
DA:78,9
DA:80,9
DA:90,9
DA:91,1
DA:92,1
DA:93,34
DA:94,1
DA:98,9
DA:99,2
DA:100,2
DA:101,94
DA:102,2
DA:106,9
DA:126,9
DA:127,4
DA:128,4
DA:129,17
DA:131,4
DA:135,9
DA:136,2
DA:137,2
DA:139,0
DA:147,0
DA:149,0
DA:151,0
DA:152,0
DA:153,0
DA:154,0
DA:155,0
DA:156,0
DA:158,0
DA:159,0
DA:160,0
DA:161,0
DA:162,0
DA:164,0
DA:165,0
DA:166,0
DA:167,0
DA:168,0
DA:171,0
DA:172,0
DA:176,9
DA:177,0
DA:178,0
DA:179,0
DA:183,9
DA:184,0
DA:185,0
DA:186,0
DA:190,9
DA:191,0
DA:192,0
DA:196,9
DA:197,0
DA:198,0
DA:199,0
DA:200,0
DA:201,0
DA:203,0
DA:204,0
DA:206,0
DA:207,0
DA:211,9
DA:212,0
DA:213,0
DA:214,0
DA:215,0
DA:216,0
DA:218,0
DA:219,0
DA:222,0
DA:224,0
DA:228,9
DA:229,2
DA:230,2
DA:231,2
DA:232,2
DA:233,2
DA:234,2
DA:235,2
DA:236,2
DA:237,2
DA:240,9
LF:128
LH:66
BRDA:19,0,0,0
BRDA:19,0,1,0
BRDA:25,1,0,0
BRDA:25,1,1,0
BRDA:37,2,0,0
BRDA:37,2,1,0
BRDA:57,3,0,0
BRDA:57,3,1,9
BRDA:62,4,0,0
BRDA:62,4,1,9
BRDA:63,5,0,0
BRDA:63,5,1,9
BRDA:63,6,0,9
BRDA:63,6,1,9
BRDA:63,6,2,9
BRDA:66,7,0,0
BRDA:66,7,1,9
BRDA:68,8,0,9
BRDA:68,8,1,0
BRDA:71,9,0,0
BRDA:71,9,1,9
BRDA:137,10,0,2
BRDA:137,10,1,0
BRDA:151,11,0,0
BRDA:151,11,1,0
BRDA:158,12,0,0
BRDA:158,12,1,0
BRDA:198,13,0,0
BRDA:198,13,1,0
BRDA:203,14,0,0
BRDA:203,14,1,0
BRDA:213,15,0,0
BRDA:213,15,1,0
BRDA:218,16,0,0
BRDA:218,16,1,0
BRDA:222,17,0,0
BRDA:222,17,1,0
BRDA:232,18,0,0
BRDA:232,18,1,2
BRDA:233,19,0,0
BRDA:233,19,1,2
BRDA:234,20,0,0
BRDA:234,20,1,2
BRDA:236,21,0,2
BRDA:236,21,1,2
BRF:45
BRH:15
end_of_record
TN:
SF:routes\taxes.js
FN:7,(anonymous_0)
FN:11,(anonymous_1)
FN:18,(anonymous_2)
FN:25,(anonymous_3)
FN:38,(anonymous_4)
FNF:5
FNH:5
FNDA:2,(anonymous_0)
FNDA:1,(anonymous_1)
FNDA:1,(anonymous_2)
FNDA:4,(anonymous_3)
FNDA:2,(anonymous_4)
DA:1,9
DA:2,9
DA:3,9
DA:4,9
DA:5,9
DA:7,9
DA:8,2
DA:11,9
DA:12,1
DA:13,1
DA:14,1
DA:15,1
DA:18,9
DA:19,1
DA:20,1
DA:21,1
DA:23,1
DA:24,1
DA:25,4
DA:27,1
DA:28,1
DA:29,1
DA:30,1
DA:32,1
DA:33,1
DA:34,1
DA:35,1
DA:38,9
DA:39,2
DA:40,2
DA:41,2
DA:42,2
DA:43,1
DA:44,1
DA:47,9
LF:35
LH:35
BRDA:13,0,0,0
BRDA:13,0,1,1
BRDA:13,1,0,1
BRDA:13,1,1,1
BRDA:14,2,0,1
BRDA:14,2,1,1
BRDA:20,3,0,0
BRDA:20,3,1,1
BRDA:25,4,0,1
BRDA:25,4,1,3
BRDA:32,5,0,0
BRDA:32,5,1,1
BRDA:40,6,0,0
BRDA:40,6,1,2
BRDA:42,7,0,1
BRDA:42,7,1,1
BRF:16
BRH:12
end_of_record
TN:
SF:routes\users.js
FN:8,(anonymous_0)
FN:13,(anonymous_1)
FN:24,(anonymous_2)
FN:32,(anonymous_3)
FN:61,(anonymous_4)
FNF:5
FNH:5
FNDA:1,(anonymous_0)
FNDA:2,(anonymous_1)
FNDA:1,(anonymous_2)
FNDA:7,(anonymous_3)
FNDA:3,(anonymous_4)
DA:1,9
DA:2,9
DA:3,9
DA:4,9
DA:5,9
DA:6,9
DA:8,9
DA:9,1
DA:10,1
DA:13,9
DA:14,2
DA:15,2
DA:16,2
DA:20,2
DA:21,2
DA:24,9
DA:25,1
DA:26,1
DA:27,1
DA:29,1
DA:30,1
DA:32,1
DA:33,7
DA:34,2
DA:35,2
DA:39,1
DA:40,1
DA:41,1
DA:42,1
DA:43,1
DA:44,1
DA:45,1
DA:47,1
DA:48,0
DA:49,0
DA:52,1
DA:54,1
DA:55,1
DA:57,1
DA:58,1
DA:61,9
DA:62,3
DA:63,3
DA:64,3
DA:65,2
DA:66,2
DA:67,1
DA:68,1
DA:69,1
DA:72,9
LF:50
LH:48
BRDA:18,0,0,2
BRDA:18,0,1,2
BRDA:18,1,0,2
BRDA:18,1,1,2
BRDA:18,2,0,2
BRDA:18,2,1,0
BRDA:18,3,0,2
BRDA:18,3,1,2
BRDA:26,4,0,0
BRDA:26,4,1,1
BRDA:33,5,0,2
BRDA:33,5,1,5
BRDA:47,6,0,0
BRDA:47,6,1,1
BRDA:52,7,0,0
BRDA:52,7,1,1
BRDA:63,8,0,0
BRDA:63,8,1,3
BRDA:64,9,0,1
BRDA:64,9,1,2
BRDA:66,10,0,1
BRDA:66,10,1,1
BRF:22
BRH:17
end_of_record
TN:
SF:routes\stats\stats-daily.js
FN:4,setupDailyRoutes
FN:5,(anonymous_1)
FN:71,(anonymous_2)
FN:102,(anonymous_3)
FN:104,(anonymous_4)
FN:107,(anonymous_5)
FN:109,(anonymous_6)
FN:123,(anonymous_7)
FN:124,(anonymous_8)
FN:157,(anonymous_9)
FNF:10
FNH:2
FNDA:9,setupDailyRoutes
FNDA:1,(anonymous_1)
FNDA:0,(anonymous_2)
FNDA:0,(anonymous_3)
FNDA:0,(anonymous_4)
FNDA:0,(anonymous_5)
FNDA:0,(anonymous_6)
FNDA:0,(anonymous_7)
FNDA:0,(anonymous_8)
FNDA:0,(anonymous_9)
DA:1,9
DA:2,9
DA:5,9
DA:6,1
DA:7,1
DA:8,1
DA:10,1
DA:11,1
DA:13,1
DA:15,1
DA:36,1
DA:37,1
DA:39,1
DA:47,1
DA:49,1
DA:58,1
DA:62,1
DA:71,9
DA:72,0
DA:73,0
DA:75,0
DA:77,0
DA:86,0
DA:91,0
DA:96,0
DA:102,0
DA:104,0
DA:105,0
DA:106,0
DA:107,0
DA:108,0
DA:109,0
DA:110,0
DA:111,0
DA:115,0
DA:121,0
DA:122,0
DA:123,0
DA:124,0
DA:126,0
DA:134,0
DA:157,0
DA:163,9
LF:43
LH:19
BRDA:6,0,0,1
BRDA:6,0,1,1
BRDA:7,1,0,1
BRDA:7,1,1,0
BRDA:13,2,0,0
BRDA:13,2,1,1
BRDA:15,3,0,0
BRDA:15,3,1,1
BRDA:36,4,0,0
BRDA:36,4,1,1
BRDA:37,5,0,1
BRDA:37,5,1,0
BRDA:44,6,0,0
BRDA:44,6,1,1
BRDA:47,7,0,0
BRDA:47,7,1,1
BRDA:54,8,0,0
BRDA:54,8,1,1
BRDA:56,9,0,0
BRDA:56,9,1,1
BRDA:58,10,0,0
BRDA:58,10,1,1
BRDA:66,11,0,1
BRDA:66,11,1,0
BRDA:67,12,0,1
BRDA:67,12,1,1
BRDA:67,13,0,1
BRDA:67,13,1,0
BRDA:72,14,0,0
BRDA:72,14,1,0
BRDA:73,15,0,0
BRDA:73,15,1,0
BRDA:106,16,0,0
BRDA:106,16,1,0
BRDA:110,17,0,0
BRDA:110,17,1,0
BRDA:111,18,0,0
BRDA:111,18,1,0
BRDA:123,19,0,0
BRDA:123,19,1,0
BRDA:124,20,0,0
BRDA:124,20,1,0
BRDA:137,21,0,0
BRDA:137,21,1,0
BRDA:138,22,0,0
BRDA:138,22,1,0
BRDA:138,23,0,0
BRDA:138,23,1,0
BRDA:144,24,0,0
BRDA:144,24,1,0
BRF:50
BRH:16
end_of_record
TN:
SF:routes\stats\stats-export.js
FN:5,setupExportRoutes
FN:6,(anonymous_1)
FN:11,(anonymous_2)
FN:155,(anonymous_3)
FN:203,(anonymous_4)
FNF:5
FNH:1
FNDA:9,setupExportRoutes
FNDA:0,(anonymous_1)
FNDA:0,(anonymous_2)
FNDA:0,(anonymous_3)
FNDA:0,(anonymous_4)
DA:1,9
DA:2,9
DA:3,9
DA:6,9
DA:7,0
DA:8,0
DA:9,0
DA:10,0
DA:11,0
DA:13,0
DA:14,0
DA:15,0
DA:16,0
DA:18,0
DA:19,0
DA:20,0
DA:25,0
DA:31,0
DA:32,0
DA:34,0
DA:35,0
DA:36,0
DA:42,0
DA:44,0
DA:45,0
DA:46,0
DA:51,0
DA:53,0
DA:54,0
DA:55,0
DA:56,0
DA:62,0
DA:63,0
DA:65,0
DA:66,0
DA:67,0
DA:68,0
DA:70,0
DA:71,0
DA:72,0
DA:73,0
DA:74,0
DA:75,0
DA:81,0
DA:82,0
DA:83,0
DA:89,0
DA:90,0
DA:95,0
DA:102,0
DA:103,0
DA:104,0
DA:110,0
DA:116,0
DA:117,0
DA:118,0
DA:124,0
DA:131,0
DA:132,0
DA:133,0
DA:139,0
DA:147,0
DA:148,0
DA:149,0
DA:150,0
DA:151,0
DA:155,9
DA:156,0
DA:157,0
DA:158,0
DA:159,0
DA:160,0
DA:162,0
DA:163,0
DA:164,0
DA:166,0
DA:167,0
DA:168,0
DA:169,0
DA:170,0
DA:171,0
DA:172,0
DA:173,0
DA:174,0
DA:175,0
DA:176,0
DA:177,0
DA:178,0
DA:179,0
DA:180,0
DA:181,0
DA:182,0
DA:183,0
DA:184,0
DA:185,0
DA:186,0
DA:187,0
DA:188,0
DA:189,0
DA:190,0
DA:191,0
DA:192,0
DA:193,0
DA:194,0
DA:195,0
DA:196,0
DA:198,0
DA:201,0
DA:203,0
DA:204,0
DA:206,0
DA:207,0
DA:209,0
DA:210,0
DA:211,0
DA:215,9
LF:116
LH:6
BRDA:8,0,0,0
BRDA:8,0,1,0
BRDA:18,1,0,0
BRDA:18,1,1,0
BRDA:20,2,0,0
BRDA:20,2,1,0
BRDA:23,3,0,0
BRDA:23,3,1,0
BRDA:26,4,0,0
BRDA:26,4,1,0
BRDA:27,5,0,0
BRDA:27,5,1,0
BRDA:27,6,0,0
BRDA:27,6,1,0
BRDA:28,7,0,0
BRDA:28,7,1,0
BRDA:28,8,0,0
BRDA:28,8,1,0
BRDA:29,9,0,0
BRDA:29,9,1,0
BRDA:29,10,0,0
BRDA:29,10,1,0
BRDA:31,11,0,0
BRDA:31,11,1,0
BRDA:31,12,0,0
BRDA:31,12,1,0
BRDA:34,13,0,0
BRDA:34,13,1,0
BRDA:41,14,0,0
BRDA:41,14,1,0
BRDA:41,15,0,0
BRDA:41,15,1,0
BRDA:44,16,0,0
BRDA:44,16,1,0
BRDA:50,17,0,0
BRDA:50,17,1,0
BRDA:50,18,0,0
BRDA:50,18,1,0
BRDA:53,19,0,0
BRDA:53,19,1,0
BRDA:57,20,0,0
BRDA:57,20,1,0
BRDA:58,21,0,0
BRDA:58,21,1,0
BRDA:59,22,0,0
BRDA:59,22,1,0
BRDA:59,23,0,0
BRDA:59,23,1,0
BRDA:60,24,0,0
BRDA:60,24,1,0
BRDA:60,25,0,0
BRDA:60,25,1,0
BRDA:65,26,0,0
BRDA:65,26,1,0
BRDA:67,27,0,0
BRDA:67,27,1,0
BRDA:67,28,0,0
BRDA:67,28,1,0
BRDA:70,29,0,0
BRDA:70,29,1,0
BRDA:73,30,0,0
BRDA:73,30,1,0
BRDA:74,31,0,0
BRDA:74,31,1,0
BRDA:81,32,0,0
BRDA:81,32,1,0
BRDA:91,33,0,0
BRDA:91,33,1,0
BRDA:91,34,0,0
BRDA:91,34,1,0
BRDA:92,35,0,0
BRDA:92,35,1,0
BRDA:92,36,0,0
BRDA:92,36,1,0
BRDA:93,37,0,0
BRDA:93,37,1,0
BRDA:93,38,0,0
BRDA:93,38,1,0
BRDA:102,39,0,0
BRDA:102,39,1,0
BRDA:109,40,0,0
BRDA:109,40,1,0
BRDA:109,41,0,0
BRDA:109,41,1,0
BRDA:116,42,0,0
BRDA:116,42,1,0
BRDA:123,43,0,0
BRDA:123,43,1,0
BRDA:123,44,0,0
BRDA:123,44,1,0
BRDA:131,45,0,0
BRDA:131,45,1,0
BRDA:158,46,0,0
BRDA:158,46,1,0
BRDA:159,47,0,0
BRDA:159,47,1,0
BRDA:160,48,0,0
BRDA:160,48,1,0
BRDA:166,49,0,0
BRDA:166,49,1,0
BRDA:170,50,0,0
BRDA:170,50,1,0
BRDA:173,51,0,0
BRDA:173,51,1,0
BRDA:176,52,0,0
BRDA:176,52,1,0
BRDA:179,53,0,0
BRDA:179,53,1,0
BRDA:182,54,0,0
BRDA:182,54,1,0
BRDA:185,55,0,0
BRDA:185,55,1,0
BRDA:188,56,0,0
BRDA:188,56,1,0
BRDA:191,57,0,0
BRDA:191,57,1,0
BRDA:194,58,0,0
BRDA:194,58,1,0
BRDA:203,59,0,0
BRDA:203,59,1,0
BRF:120
BRH:0
end_of_record
TN:
SF:routes\stats\stats-reports.js
FN:5,setupReportRoutes
FN:6,(anonymous_1)
FN:58,(anonymous_2)
FN:74,(anonymous_3)
FN:88,(anonymous_4)
FN:101,(anonymous_5)
FN:118,(anonymous_6)
FN:131,(anonymous_7)
FN:146,(anonymous_8)
FN:159,(anonymous_9)
FN:175,(anonymous_10)
FNF:11
FNH:1
FNDA:9,setupReportRoutes
FNDA:0,(anonymous_1)
FNDA:0,(anonymous_2)
FNDA:0,(anonymous_3)
FNDA:0,(anonymous_4)
FNDA:0,(anonymous_5)
FNDA:0,(anonymous_6)
FNDA:0,(anonymous_7)
FNDA:0,(anonymous_8)
FNDA:0,(anonymous_9)
FNDA:0,(anonymous_10)
DA:1,9
DA:2,9
DA:3,9
DA:6,9
DA:7,0
DA:8,0
DA:9,0
DA:11,0
DA:12,0
DA:13,0
DA:15,0
DA:34,0
DA:35,0
DA:37,0
DA:46,0
DA:53,0
DA:55,0
DA:58,9
DA:59,0
DA:60,0
DA:61,0
DA:71,0
DA:74,9
DA:75,0
DA:76,0
DA:77,0
DA:85,0
DA:88,9
DA:89,0
DA:90,0
DA:91,0
DA:98,0
DA:101,9
DA:102,0
DA:103,0
DA:104,0
DA:115,0
DA:118,9
DA:119,0
DA:127,0
DA:128,0
DA:131,9
DA:132,0
DA:133,0
DA:143,0
DA:146,9
DA:147,0
DA:148,0
DA:156,0
DA:159,9
DA:160,0
DA:161,0
DA:162,0
DA:164,0
DA:165,0
DA:166,0
DA:169,0
DA:170,0
DA:171,0
DA:175,9
DA:176,0
DA:177,0
DA:178,0
DA:179,0
DA:181,0
DA:191,0
DA:192,0
DA:193,0
DA:195,0
DA:197,0
DA:207,0
DA:216,0
DA:220,9
LF:73
LH:14
BRDA:8,0,0,0
BRDA:8,0,1,0
BRDA:8,1,0,0
BRDA:8,1,1,0
BRDA:9,2,0,0
BRDA:9,2,1,0
BRDA:13,3,0,0
BRDA:13,3,1,0
BRDA:15,4,0,0
BRDA:15,4,1,0
BRDA:34,5,0,0
BRDA:34,5,1,0
BRDA:42,6,0,0
BRDA:42,6,1,0
BRDA:44,7,0,0
BRDA:44,7,1,0
BRDA:49,8,0,0
BRDA:49,8,1,0
BRDA:51,9,0,0
BRDA:51,9,1,0
BRDA:53,10,0,0
BRDA:53,10,1,0
BRDA:55,11,0,0
BRDA:55,11,1,0
BRDA:60,12,0,0
BRDA:60,12,1,0
BRDA:70,13,0,0
BRDA:70,13,1,0
BRDA:70,14,0,0
BRDA:70,14,1,0
BRDA:76,15,0,0
BRDA:76,15,1,0
BRDA:84,16,0,0
BRDA:84,16,1,0
BRDA:84,17,0,0
BRDA:84,17,1,0
BRDA:90,18,0,0
BRDA:90,18,1,0
BRDA:97,19,0,0
BRDA:97,19,1,0
BRDA:97,20,0,0
BRDA:97,20,1,0
BRDA:103,21,0,0
BRDA:103,21,1,0
BRDA:114,22,0,0
BRDA:114,22,1,0
BRDA:114,23,0,0
BRDA:114,23,1,0
BRDA:127,24,0,0
BRDA:127,24,1,0
BRDA:132,25,0,0
BRDA:132,25,1,0
BRDA:147,26,0,0
BRDA:147,26,1,0
BRDA:162,27,0,0
BRDA:162,27,1,0
BRDA:162,28,0,0
BRDA:162,28,1,0
BRDA:164,29,0,0
BRDA:164,29,1,0
BRDA:177,30,0,0
BRDA:177,30,1,0
BRDA:178,31,0,0
BRDA:178,31,1,0
BRDA:179,32,0,0
BRDA:179,32,1,0
BRDA:192,33,0,0
BRDA:192,33,1,0
BRF:68
BRH:0
end_of_record
TN:
SF:tests\setup.js
FN:26,initTestApp
FN:55,setupAndLogin
FN:101,authHeaders
FN:108,cleanupTestDb
FN:124,(anonymous_4)
FNF:5
FNH:4
FNDA:9,initTestApp
FNDA:10,setupAndLogin
FNDA:128,authHeaders
FNDA:9,cleanupTestDb
FNDA:0,(anonymous_4)
DA:7,9
DA:8,9
DA:11,9
DA:12,9
DA:13,9
DA:14,9
DA:15,9
DA:16,9
DA:27,9
DA:30,9
DA:31,9
DA:32,9
DA:33,0
DA:37,9
DA:38,9
DA:39,9
DA:40,9
DA:41,9
DA:42,9
DA:44,9
DA:45,9
DA:47,9
DA:48,9
DA:49,9
DA:56,10
DA:59,9
DA:77,9
DA:79,0
DA:83,0
DA:84,0
DA:86,0
DA:87,0
DA:90,9
DA:91,0
DA:94,9
DA:95,9
DA:102,128
DA:109,9
DA:110,9
DA:111,9
DA:112,9
DA:114,9
DA:115,9
DA:119,9
DA:124,0
LF:45
LH:37
BRDA:27,0,0,0
BRDA:27,0,1,9
BRDA:32,1,0,0
BRDA:32,1,1,9
BRDA:56,2,0,1
BRDA:56,2,1,9
BRDA:77,3,0,0
BRDA:77,3,1,9
BRDA:77,4,0,9
BRDA:77,4,1,0
BRDA:83,5,0,0
BRDA:83,5,1,0
BRDA:90,6,0,0
BRDA:90,6,1,9
BRDA:102,7,0,128
BRDA:102,7,1,106
BRDA:111,8,0,9
BRDA:111,8,1,0
BRDA:114,9,0,9
BRDA:114,9,1,0
BRF:20
BRH:11
end_of_record
TN:
SF:utils\dgiXmlBuilder.js
FN:11,tvaBreakdown
FN:13,(anonymous_1)
FN:19,(anonymous_2)
FN:26,buildInvoiceXML
FN:39,(anonymous_4)
FN:151,(anonymous_5)
FN:168,(anonymous_6)
FN:203,validateFiscalFields
FNF:8
FNH:8
FNDA:5,tvaBreakdown
FNDA:9,(anonymous_1)
FNDA:8,(anonymous_2)
FNDA:4,buildInvoiceXML
FNDA:5,(anonymous_4)
FNDA:5,(anonymous_5)
FNDA:5,(anonymous_6)
FNDA:4,validateFiscalFields
DA:1,9
DA:2,9
DA:4,9
DA:5,9
DA:6,9
DA:7,9
DA:8,9
DA:9,9
DA:12,5
DA:13,5
DA:14,9
DA:15,9
DA:16,9
DA:17,9
DA:19,8
DA:27,4
DA:28,0
DA:31,4
DA:32,4
DA:36,4
DA:38,4
DA:39,5
DA:40,4
DA:41,4
DA:43,4
DA:44,4
DA:45,4
DA:46,4
DA:47,4
DA:48,4
DA:50,4
DA:61,4
DA:62,4
DA:63,4
DA:64,4
DA:65,4
DA:66,4
DA:68,4
DA:69,4
DA:71,4
DA:72,4
DA:73,4
DA:74,4
DA:75,4
DA:77,4
DA:78,4
DA:79,4
DA:80,4
DA:81,4
DA:82,4
DA:83,4
DA:84,4
DA:85,4
DA:87,4
DA:88,4
DA:89,4
DA:90,4
DA:92,4
DA:93,4
DA:94,4
DA:95,4
DA:97,4
DA:98,4
DA:99,4
DA:100,4
DA:101,4
DA:102,4
DA:103,4
DA:104,4
DA:105,4
DA:106,4
DA:107,4
DA:108,4
DA:109,4
DA:110,4
DA:111,4
DA:112,4
DA:114,4
DA:115,4
DA:116,4
DA:117,1
DA:118,1
DA:119,1
DA:120,1
DA:122,1
DA:123,1
DA:124,1
DA:125,1
DA:127,1
DA:128,1
DA:129,1
DA:130,1
DA:132,1
DA:133,1
DA:134,1
DA:135,1
DA:136,1
DA:137,1
DA:138,1
DA:139,1
DA:141,3
DA:142,3
DA:143,3
DA:144,3
DA:145,3
DA:146,3
DA:148,4
DA:149,4
DA:151,4
DA:152,5
DA:153,5
DA:154,5
DA:155,5
DA:156,5
DA:157,5
DA:158,5
DA:159,5
DA:160,5
DA:161,5
DA:162,5
DA:163,5
DA:164,5
DA:165,5
DA:168,4
DA:169,5
DA:170,5
DA:171,5
DA:172,5
DA:174,5
DA:175,5
DA:176,5
DA:178,5
DA:179,5
DA:180,5
DA:182,5
DA:185,4
DA:186,4
DA:187,4
DA:188,0
DA:190,4
DA:191,4
DA:192,4
DA:193,4
DA:195,4
DA:196,4
DA:197,4
DA:199,4
DA:200,4
DA:204,4
DA:206,4
DA:207,4
DA:208,4
DA:209,4
DA:210,4
DA:211,4
DA:213,4
DA:214,4
DA:216,4
DA:217,0
DA:218,0
DA:222,4
DA:225,9
LF:162
LH:158
BRDA:14,0,0,9
BRDA:14,0,1,1
BRDA:15,1,0,8
BRDA:15,1,1,1
BRDA:16,2,0,9
BRDA:16,2,1,0
BRDA:17,3,0,9
BRDA:17,3,1,1
BRDA:27,4,0,0
BRDA:27,4,1,4
BRDA:27,5,0,4
BRDA:27,5,1,4
BRDA:27,5,2,4
BRDA:31,6,0,4
BRDA:31,6,1,0
BRDA:32,7,0,4
BRDA:32,7,1,0
BRDA:33,8,0,0
BRDA:33,8,1,0
BRDA:33,9,0,0
BRDA:33,9,1,0
BRDA:33,10,0,0
BRDA:33,10,1,0
BRDA:33,11,0,0
BRDA:33,11,1,0
BRDA:39,12,0,5
BRDA:39,12,1,0
BRDA:40,13,0,4
BRDA:40,13,1,0
BRDA:41,14,0,4
BRDA:41,14,1,4
BRDA:43,15,0,4
BRDA:43,15,1,2
BRDA:43,15,2,1
BRDA:43,15,3,1
BRDA:44,16,0,1
BRDA:44,16,1,3
BRDA:44,17,0,4
BRDA:44,17,1,2
BRDA:45,18,0,1
BRDA:45,18,1,3
BRDA:45,19,0,4
BRDA:45,19,1,2
BRDA:46,20,0,1
BRDA:46,20,1,3
BRDA:46,21,0,4
BRDA:46,21,1,2
BRDA:47,22,0,2
BRDA:47,22,1,2
BRDA:47,23,0,2
BRDA:47,23,1,1
BRDA:47,24,0,2
BRDA:47,24,1,2
BRDA:48,25,0,2
BRDA:48,25,1,2
BRDA:48,26,0,2
BRDA:48,26,1,1
BRDA:64,27,0,4
BRDA:64,27,1,0
BRDA:65,28,0,4
BRDA:65,28,1,1
BRDA:65,29,0,4
BRDA:65,29,1,0
BRDA:66,30,0,0
BRDA:66,30,1,4
BRDA:67,31,0,0
BRDA:67,31,1,4
BRDA:80,32,0,4
BRDA:80,32,1,0
BRDA:82,33,0,4
BRDA:82,33,1,0
BRDA:87,34,0,4
BRDA:87,34,1,0
BRDA:92,35,0,4
BRDA:92,35,1,0
BRDA:98,36,0,4
BRDA:98,36,1,0
BRDA:98,36,2,0
BRDA:101,37,0,4
BRDA:101,37,1,0
BRDA:109,38,0,4
BRDA:109,38,1,0
BRDA:116,39,0,1
BRDA:116,39,1,3
BRDA:117,40,0,1
BRDA:117,40,1,0
BRDA:122,41,0,1
BRDA:122,41,1,0
BRDA:127,42,0,1
BRDA:127,42,1,0
BRDA:171,43,0,5
BRDA:171,43,1,0
BRDA:172,44,0,5
BRDA:172,44,1,0
BRDA:175,45,0,5
BRDA:175,45,1,0
BRDA:179,46,0,5
BRDA:179,46,1,0
BRDA:187,47,0,0
BRDA:187,47,1,4
BRDA:206,48,0,1
BRDA:206,48,1,3
BRDA:207,49,0,1
BRDA:207,49,1,3
BRDA:208,50,0,1
BRDA:208,50,1,3
BRDA:209,51,0,1
BRDA:209,51,1,3
BRDA:210,52,0,1
BRDA:210,52,1,3
BRDA:210,53,0,4
BRDA:210,53,1,1
BRDA:211,54,0,1
BRDA:211,54,1,3
BRDA:213,55,0,1
BRDA:213,55,1,3
BRDA:214,56,0,1
BRDA:214,56,1,3
BRDA:214,57,0,4
BRDA:214,57,1,4
BRDA:216,58,0,0
BRDA:216,58,1,4
BRDA:217,59,0,0
BRDA:217,59,1,0
BRDA:217,60,0,0
BRDA:217,60,1,0
BRF:126
BRH:87
end_of_record
TN:
SF:utils\sanitize.js
FN:1,filterFields
FNF:1
FNH:1
FNDA:9,filterFields
DA:2,9
DA:3,7
DA:4,7
DA:5,288
DA:6,19
DA:9,7
DA:12,10
LF:7
LH:7
BRDA:2,0,0,2
BRDA:2,0,1,7
BRDA:5,1,0,19
BRDA:5,1,1,269
BRDA:5,2,0,288
BRDA:5,2,1,20
BRF:6
BRH:6
end_of_record
